======================================================================
VTREND FULL SYSTEM AUDIT — PHASE 4: PER-STUDY AUDIT
======================================================================

Loading data...
  17838 H4 bars, warmup idx=2190

======================================================================
STUDY 4.1: E5 — Robust ATR Cap
======================================================================

  BIT-IDENTITY: E5 sim_e0 vs canonical sim_fast
    PASS (within rounding)

  BIT-IDENTITY: sim_e5 with exit_atr=standard ATR vs E0
    PASS

  DIRECTION: E5 trades vs E0 trades
    E0 trades: 211
    E5 trades: 225
    E5 >= E0 trades: PASS

  LOGIC REVIEW:
    [✓] E0 and E5 share _sim_core (single impl, no duplication)
    [✓] Only exit_atr differs between E0 and E5
    [✓] Entry uses standard ATR (at), not exit_atr
    [✓] NaN check includes exit_atr (line 223)
    [✓] pk=0.0 reset on exit (line 193)
    [✓] Force-close at cl[-1] with cost (line 239)
    [✓] Years formula: (n_rets+1)/(6*365.25)
    [✓] VDO threshold hardcoded to 0.0 (correct for this study)
    [~] Return values rounded (round(sharpe,6) etc.) — cosmetic diff vs canonical

======================================================================
STUDY 4.2: E6 — Staleness Exit
======================================================================

  BIT-IDENTITY: E6 sim_e0 vs canonical
    PASS

  BIT-IDENTITY: sim_e6(stale_bars=9999, mfe_thr=9999) vs E0
    E0: trades=211, Sharpe=1.2764696186786848
    E6(extreme): trades=211, Sharpe=1.2764696186786848
    PASS

  DIRECTION: stale_bars vs trades (mfe_thr=2.0)
    sb=    6: trades=310
    sb=   12: trades=272
    sb=   24: trades=228
    sb=   48: trades=211
    sb=   60: trades=211
    sb=  120: trades=211
    sb= 9999: trades=211

  DIRECTION: mfe_thr vs trades (stale_bars=12)
    mt=    0.5: trades=311
    mt=    1.0: trades=298
    mt=    2.0: trades=272
    mt=    4.0: trades=248
    mt=    6.0: trades=241
    mt= 9999.0: trades=211

  LOGIC REVIEW:
    [✓] entry_price set to fp (fill price = cl[i-1], line 284)
    [✓] entry_atr set at fill bar (at[i], line 285)
    [✓] pk_bar updated on every new peak (line 329)
    [✓] pk_bar reset on exit (line 295)
    [✓] MFE = (pk - entry_price) / entry_atr (line 339)
    [✓] Staleness check: (i - pk_bar) >= stale_bars (line 340)
    [✓] Staleness is OR with E0 exits (line 338: 'if not px')
    [✓] E0 exits checked first, staleness only if E0 didn't trigger
    [✓] pk=0.0 reset, entry_price=0, entry_atr=0, pk_bar=0 on exit
    [✓] Force-close same as E0
    [✓] Years formula correct
    [✓] entry_atr NaN check: uses at[i] at fill bar (line 285)
    [~] If at[i] is NaN at fill bar, entry_atr=0.0 → staleness effectively disabled for that trade

======================================================================
STUDY 4.3: Ratcheting (V-RATCH)
======================================================================

  BIT-IDENTITY: vexit_study.sim_vtrend vs canonical
    PASS

  DIRECTION: ratcheting ON vs OFF
    OFF (standard): trades=211, Sharpe=1.276470
    ON (ratchet):   trades=226, Sharpe=1.356172
    Ratchet >= standard trades: PASS

  LOGIC REVIEW:
    [✓] tl (trail level) initialized at entry: tl = p - trail * at[i] (line 279)
    [✓] Ratchet: tl = max(tl, pk - trail * a_val) (line 321)
    [✓] tl only goes UP (max), never down
    [✓] tl reset on exit: tl = 0.0 (line 285)
    [✓] pk tracking identical to E0
    [✓] pk=0.0 reset on exit (line 284)
    [✓] EMA cross-down exit unchanged (line 324)
    [✓] Force close identical to sim_fast
    [✓] NaN handling: checks at[i] for trail init and update

======================================================================
STUDY 4.4: VPULL — Pullback Entry
======================================================================

  BIT-IDENTITY: pullback.sim_vtrend vs canonical
    PASS

  DIRECTION: VPULL vs VTREND trades
    VTREND: trades=211, Sharpe=1.276470
    VPULL:  trades=109, Sharpe=0.742353
    VPULL <= VTREND trades: PASS

  LOGIC REVIEW:
    [✓] Entry: cl[i] >= ef[i] AND cl[i-1] < ef[i-1] (pullback cross)
    [✓] Plus: ef[i] > es[i] AND vd[i] > vdo_thr (trend + VDO)
    [✓] Exit logic identical to VTREND (ATR trail + EMA crossdown)
    [✓] Fill, NAV tracking, force-close, metrics all identical
    [✓] pk tracking, pk reset identical

======================================================================
STUDY 4.5: VBREAK — Donchian Breakout
======================================================================

  BIT-IDENTITY: vbreak.sim_vtrend vs canonical
    PASS

  DIRECTION: VBREAK vs VTREND
    VTREND: trades=211, Sharpe=1.276470
    VBREAK: trades=92, Sharpe=1.149826

  LOGIC REVIEW:
    [✓] Entry: p > hh_val AND vd > vdo_thr (Donchian breakout + VDO)
    [✓] Exit 1: p < ll_val (channel exit)
    [✓] Exit 2: p < pk - trail * a_val (ATR trail)
    [NOTE] No EMA crossdown exit in VBREAK (different from E0)
    [✓] Fill, NAV tracking, force-close, metrics identical to E0 scaffold
    [✓] pk tracking, pk reset identical

======================================================================
STUDY 4.6: VCUSUM — Z-score Entry
======================================================================

  BIT-IDENTITY: vcusum.sim_vtrend vs canonical
    PASS

  DIRECTION: VCUSUM requires specialized indicators
    VTREND baseline: trades=211, Sharpe=1.276470

  LOGIC REVIEW:
    [✓] VTREND baseline in vcusum_test matches canonical
    [✓] VCUSUM entry: CUSUM z-score threshold (different signal)
    [✓] Exit identical to E0 (ATR trail + EMA crossdown)
    [✓] Same scaffold (fill, NAV tracking, force-close, metrics)

======================================================================
STUDY 4.7: VTWIN — Twin-Confirmed Entry
======================================================================

  BIT-IDENTITY: vtwin.sim_vtrend vs canonical
    PASS

  DIRECTION: VTWIN vs VTREND
    VTREND: trades=211, Sharpe=1.276470
    VTWIN:  trades=85, Sharpe=1.274127
    VTWIN <= VTREND trades: PASS

  LOGIC REVIEW:
    [✓] VTWIN entry: ef > es AND p > hh AND vd > vdo_thr
    [✓] Stricter entry than VTREND (adds Donchian gate)
    [✓] Exit identical to E0 (ATR trail + EMA crossdown)
    [✓] Same scaffold as VTREND

======================================================================
STUDY 4.8: VEXIT Factorial (2×2)
======================================================================

  Factorial results:
    VTREND:       trades= 211, Sharpe=+1.2765, MDD=41.5%
    V-RATCH:      trades= 226, Sharpe=+1.3562, MDD=37.2%
    VTWIN:        trades=  85, Sharpe=+1.2741, MDD=34.4%
    V-TWIN-RATCH: trades=  93, Sharpe=+1.2025, MDD=31.5%

  Ratchet effect (should increase or equal trades):
    EMA only:  standard=211 → ratchet=226 PASS
    Twin only: standard=85 → ratchet=93 PASS

  Donchian filter effect (should reduce or equal trades):
    Standard: EMA=211 → Twin=85 PASS
    Ratchet:  EMA=226 → Twin=93 PASS

======================================================================
STUDY 4.9: Regime Sizing
======================================================================

  BIT-IDENTITY: sim_with_fracs(fracs=1.0) vs canonical E0
    PASS

  DIRECTION: uniform fracs=0.5 vs fracs=1.0
    fracs=1.0: CAGR=+52.7%, MDD=41.5%
    fracs=0.5: CAGR=+27.5%, MDD=24.7%

======================================================================
STUDY 4.10: Position Sizing
======================================================================

  BIT-IDENTITY: sim_sized(frac=1.0, vol_target=None) vs canonical E0
    E0: trades=211, Sharpe=1.276470
    sized(1.0): trades=211, Sharpe=1.276469618678688
    PASS

======================================================================
STUDY 4.11: Creative Exploration (E7, Ensemble)
======================================================================
/var/www/trading-bots/btc-spot-dev/research/creative_exploration.py:31: UserWarning: Importing from 'research' package — this is research code. For production use, import from the appropriate production module instead (e.g., 'monitoring.regime_monitor').
  from research.lib.vcbb import make_ratios, precompute_vcbb, gen_path_vcbb

  BIT-IDENTITY: sim_nav_series(trail_only=False)
    NAV series length: 2
    Final NAV from sim_nav_series: 189.0000
    (Cannot directly compare to sim_fast final NAV)

  DIRECTION: E7 (trail-only) vs E0
    E0 final NAV: 189.0000
    E7 final NAV: 173.0000
    E7 vs E0: -8.47%

======================================================================
STUDY 4.12: Cost Sensitivity
======================================================================

  BIT-IDENTITY: cost_study.sim_vtrend(cps=0.0025) vs canonical
    PASS

  DIRECTION: cost sensitivity
    CPS=0bps: CAGR=+74.3%, Sharpe=1.6157, trades=211
    CPS=15bps: CAGR=+61.0%, Sharpe=1.4124, trades=211
    CPS=25bps: CAGR=+52.7%, Sharpe=1.2765, trades=211
    CPS=50bps: CAGR=+33.8%, Sharpe=0.9367, trades=211

======================================================================
PHASE 4 SUMMARY
======================================================================
  E5 (Robust ATR)               : PASS
  E6 (Staleness)                : PASS
  Ratcheting                    : PASS
  VPULL                         : PASS
  VBREAK                        : PASS
  VCUSUM                        : PASS
  VTWIN                         : PASS
  VEXIT Factorial               : PASS
  Regime Sizing                 : PASS
  Position Sizing               : PASS
  Creative (E7)                 : PASS
  Cost Study                    : PASS

  12/12 studies passed all checks
  ========================================
