======================================================================
VTREND FULL SYSTEM AUDIT — PHASES 1-3
======================================================================

Loading data...
  17838 H4 bars, warmup idx=2190, trading=15648 bars
  First close: 13410.03, Last close: 68020.01
  CPS = 0.002500 (25.0 bps)

======================================================================
PHASE 1.1: CROSS-STUDY SIM DIVERGENCE CHECK
======================================================================

  Canonical sim_fast (VDO_THR=0.0):
    CAGR=+52.67921029%, MDD=41.53306853%, Sharpe=1.2764696187, Trades=211

  e5_validation.sim_e0:
    ✓ MATCH (within rounding tolerance)

  e6_staleness.sim_e0:
    ✓ MATCH (within rounding tolerance)

  vexit_study.sim_vtrend:
    ✓ MATCH (within rounding tolerance)

  pullback.sim_vtrend:
    ✓ MATCH (within rounding tolerance)

  vbreak.sim_vtrend:
    ✓ MATCH (within rounding tolerance)

  ========================================
  DIVERGENCE CHECK: ALL MATCH
  ========================================

======================================================================
PHASE 1.2: MANUAL BAR-BY-BAR VERIFICATION
======================================================================

  sim_fast on full data (17838 bars, wi=2190):
    CAGR=+52.6792%, MDD=41.5331%, Sharpe=1.276470, Trades=211

  sim_verbose on full data:
    CAGR=+52.6792%, MDD=41.5331%, Sharpe=1.276470, Trades=211

  ✓ sim_fast and sim_verbose MATCH exactly

  Total entries signaled: 211
  Total exits signaled: 211
  Total fills: 422

  First 5 trades (signal then fill):
    bar=   13: SIGNAL_ENTRY  (close=15170.00, ef=13748.46, es=13501.19, vdo=0.0841)
    bar=   14: FILL_ENTRY fp=15170.00 bq=0.65755190
    bar=   45: SIGNAL_EXIT_TRAIL pk=17069.79 trail=14684.08
    bar=   46: FILL_EXIT fp=14299.98 cash=9379.47
    bar=  282: SIGNAL_ENTRY  (close=10459.04, ef=9426.89, es=9360.45, vdo=0.0033)
    bar=  283: FILL_ENTRY fp=10459.04 bq=0.89454495
    bar=  310: SIGNAL_EXIT_TRAIL pk=11668.00 trail=10429.72
    bar=  311: FILL_EXIT fp=10385.50 cash=9267.07
    bar=  319: SIGNAL_ENTRY  (close=9865.66, ef=10458.37, es=9980.19, vdo=0.0013)
    bar=  320: FILL_ENTRY fp=9865.66 bq=0.93698353
    bar=  338: SIGNAL_EXIT_EMA
    bar=  339: FILL_EXIT fp=9715.99 cash=9080.96
    bar=  343: SIGNAL_ENTRY  (close=10600.00, ef=10044.10, es=9957.25, vdo=0.0047)
    bar=  344: FILL_ENTRY fp=10600.00 bq=0.85455825
    bar=  386: SIGNAL_EXIT_TRAIL pk=11669.08 trail=10954.35
    bar=  387: FILL_EXIT fp=10937.00 cash=9322.94
    bar=  397: SIGNAL_ENTRY  (close=9936.98, ef=10716.67, es=10512.24, vdo=0.0037)
    bar=  398: FILL_ENTRY fp=9936.98 bq=0.93586670
    bar=  401: SIGNAL_EXIT_EMA
    bar=  402: FILL_EXIT fp=9271.64 cash=8655.33

======================================================================
PHASE 1.3: INVARIANT TESTS
======================================================================

  TEST 1: Deterministic (same input = same output)
    PASS: r1 == r2 = True

  TEST 2: Higher trail_mult = fewer (or equal) trades
    trail=1.0: trades=539
    trail=2.0: trades=302
    trail=3.0: trades=211
    trail=4.0: trades=161
    trail=5.0: trades=129
    PASS: monotonically non-increasing = True

  TEST 3: Lower VDO threshold = more (or equal) trades
    vdo_thr=-1000000000.0: trades=267
    vdo_thr=-0.1: trades=267
    vdo_thr=+0.0: trades=211
    vdo_thr=+0.1: trades=0
    vdo_thr=+0.3: trades=0
    PASS: monotonically non-increasing = True

  TEST 4: Sharpe invariant to initial capital
    cash=10k: Sharpe=1.2764696187
    cash=50k: Sharpe=1.2764696187
    diff=8.88e-16
    PASS

  TEST 5: VDO_THR=0.0 gives >= trades vs VDO_THR=0.7
    VDO_THR=0.0: trades=211
    VDO_THR=0.7: trades=0
    PASS

  TEST 6: No trades before warmup (checked via verbose sim)
    Warmup index wi=2190
    First entry fill at bar=14
    First bar >= wi: bar=2190
    PASS (metrics accumulation starts at bar 2190)

  ========================================
  ALL INVARIANT TESTS: PASS
  ========================================

======================================================================
PHASE 2: METRICS CROSS-CHECK
======================================================================

  Method 1 (incremental sim_fast):
    CAGR=+52.67921029%, MDD=41.53306853%, Sharpe=1.2764696187, Trades=211

  Method 2 (NAV array recompute):
    CAGR=+52.67921029%, MDD=41.53306853%, Sharpe=1.2764696187
    n_rets: method1=from_log, method2=15647
    navs[0]=6726.4898, navs[-1]=138022.8578

  CAGR: diff=0.00e+00 ✓

  MDD: diff=0.00e+00 ✓

  Sharpe: diff=3.11e-15 ✓

  Calmar: diff=0.00e+00 ✓

  ========================================
  METRICS CROSS-CHECK: PASS
  ========================================

======================================================================
PHASE 3: BOOTSTRAP VERIFICATION
======================================================================

  TEST 1: Deterministic (same seed = same output)
    PASS: paths are bit-identical

  TEST 2: Different seed = different output
    PASS: paths differ

  TEST 3: Output length = n_trans + 1
    Expected: 17838, Got: 17838
    PASS

  TEST 4: Statistical properties (mean ratio close to original)
    Original mean ratio: 1.00018828
    Synthetic mean ratio: 1.00034497
    Relative difference: 0.0002
    PASS (< 10% deviation)

  TEST 5: Price sanity (h >= c, l <= c)
    PASS

  TEST 6: Paired comparison — E0 vs E0 on same path
    r_a: Sharpe=0.8723647522, trades=253
    r_b: Sharpe=0.8723647522, trades=253
    PASS: bit-identical results on same path

  TEST 7: (removed — library gen_path replaced by gen_path_vcbb, cross-check N/A)
    SKIP: gen_path removed from research.lib.vcbb

  ========================================
  BOOTSTRAP TESTS: ALL PASS
  ========================================

======================================================================
SUMMARY — PHASES 1-3
======================================================================
  divergence                    : PASS
  manual_verify                 : PASS
  invariants                    : PASS
  metrics                       : PASS
  bootstrap                     : PASS

  ========================================
  OVERALL: ALL PASS
  ========================================
