/var/www/trading-bots/btc-spot-dev/research/binomial_correction.py:35: UserWarning: Importing from 'research' package — this is research code. For production use, import from the appropriate production module instead (e.g., 'monitoring.regime_monitor').
  from research.lib.vcbb import (
================================================================================
BINOMIAL CORRECTION: Effective DOF for Correlated Timescales
================================================================================
  2000 VCBB paths × 16 timescales × VDO on/off
  Goal: compute actual timescale correlation → effective DOF → corrected p-values

Loading data...
Precomputing VCBB...
  ... 100/2000 (230s, ETA 4373s)
  ... 200/2000 (461s, ETA 4152s)
  ... 300/2000 (689s, ETA 3902s)
  ... 400/2000 (921s, ETA 3684s)
  ... 500/2000 (1151s, ETA 3452s)
  ... 600/2000 (1383s, ETA 3226s)
  ... 700/2000 (1606s, ETA 2982s)
  ... 800/2000 (1832s, ETA 2748s)
  ... 900/2000 (2057s, ETA 2514s)
  ... 1000/2000 (2288s, ETA 2288s)
  ... 1100/2000 (2520s, ETA 2062s)
  ... 1200/2000 (2757s, ETA 1838s)
  ... 1300/2000 (2984s, ETA 1607s)
  ... 1400/2000 (3209s, ETA 1375s)
  ... 1500/2000 (3440s, ETA 1147s)
  ... 1600/2000 (3665s, ETA 916s)
  ... 1700/2000 (3896s, ETA 688s)
  ... 1800/2000 (4125s, ETA 458s)
  ... 1900/2000 (4353s, ETA 229s)
  ... 2000/2000 (4582s, ETA 0s)

  Bootstrap complete in 4582s

================================================================================
STEP 1: BINARY WIN MATRICES
================================================================================

      N  days    P(Sh+)   P(MDD-)
  -----------------------------------
     30    5d     69.2%     73.3%
     48    8d     89.0%     86.6%
     60   10d     89.5%     88.1%
     72   12d     88.8%     87.2%
     84   14d     90.1%     87.7%
     96   16d     89.5%     88.6%
    108   18d     89.0%     88.1%
    120   20d     89.1%     88.8%
    144   24d     87.9%     87.5%
    168   28d     87.5%     87.3%
    200   33d     86.4%     87.2%
    240   40d     85.7%     87.1%
    300   50d     84.1%     86.2%
    360   60d     84.5%     86.4%
    500   83d     84.2%     86.5%
    720  120d     83.9%     86.0%

  Sharpe wins: 16/16
  MDD wins:   16/16

================================================================================
STEP 2: CORRELATION MATRICES
================================================================================

  Adjacent timescale correlations:
    Source                     Mean adj r   Min adj r   Max adj r
  ------------------------------------------------------------
    Binary Sharpe win               0.603       0.273       0.698
    Binary MDD win                  0.474       0.213       0.564
    Delta Sharpe (continuous)       0.844       0.481       0.906
    Delta MDD (continuous)          0.726       0.343       0.823

  Sharpe delta correlation matrix (selected):
           N= 30  N= 72  N=120  N=240  N=720
    N= 30   1.00   0.32   0.22   0.16   0.12
    N= 72   0.32   1.00   0.66   0.49   0.37
    N=120   0.22   0.66   1.00   0.69   0.50
    N=240   0.16   0.49   0.69   1.00   0.68
    N=720   0.12   0.37   0.50   0.68   1.00

================================================================================
STEP 3: EFFECTIVE DEGREES OF FREEDOM
================================================================================

  Source                       Nyholt     Li-Ji    Galwey   Conserv
  -----------------------------------------------------------------
    Binary Sharpe win             13.9      9.1      5.0      5.0
    Binary MDD win                15.0     10.8      7.9      7.9
    Delta Sharpe                  10.7      5.7      2.4      2.4
    Delta MDD                     13.3      7.8      4.1      4.1

  Eigenvalue spectrum (binary Sharpe win correlation):
    λ_ 1 =  6.383  (cum  39.9%)  ███████████████████████████████
    λ_ 2 =  2.316  (cum  54.4%)  ███████████
    λ_ 3 =  1.182  (cum  61.8%)  █████
    λ_ 4 =  0.962  (cum  67.8%)  ████
    λ_ 5 =  0.773  (cum  72.6%)  ███
    λ_ 6 =  0.658  (cum  76.7%)  ███
    λ_ 7 =  0.537  (cum  80.1%)  ██
    λ_ 8 =  0.502  (cum  83.2%)  ██
    λ_ 9 =  0.454  (cum  86.0%)  ██
    λ_10 =  0.405  (cum  88.6%)  ██
    λ_11 =  0.350  (cum  90.8%)  █
    λ_12 =  0.334  (cum  92.8%)  █
    λ_13 =  0.323  (cum  94.9%)  █
    λ_14 =  0.297  (cum  96.7%)  █
    λ_15 =  0.274  (cum  98.4%)  █
    λ_16 =  0.251  (cum 100.0%)  █

  Eigenvalue spectrum (continuous Sharpe delta — for reference only):
    λ_ 1 =  9.985  (cum  62.4%)  █████████████████████████████████████████████████
    λ_ 2 =  2.241  (cum  76.4%)  ███████████
    λ_ 3 =  1.042  (cum  82.9%)  █████
    λ_ 4 =  0.684  (cum  87.2%)  ███
    λ_ 5 =  0.471  (cum  90.1%)  ██
    λ_ 6 =  0.324  (cum  92.2%)  █
    λ_ 7 =  0.250  (cum  93.7%)  █
    λ_ 8 =  0.194  (cum  94.9%)  
    λ_ 9 =  0.157  (cum  95.9%)  
    λ_10 =  0.126  (cum  96.7%)  
    λ_11 =  0.112  (cum  97.4%)  
    λ_12 =  0.104  (cum  98.1%)  
    λ_13 =  0.087  (cum  98.6%)  
    λ_14 =  0.082  (cum  99.1%)  
    λ_15 =  0.074  (cum  99.6%)  
    λ_16 =  0.066  (cum 100.0%)  

================================================================================
STEP 4: CORRECTED P-VALUES FOR ALL BINOMIAL CLAIMS
================================================================================

  Claim                            Wins     Nominal   Corrected   M_eff       Verdict
  -------------------------------------------------------------------------------------
  VDO Sharpe improvement          16/16    1.53e-05    3.12e-02    5.0  STRONG       ← CHANGED
  VDO MDD reduction               16/16    1.53e-05    3.91e-03    7.9  PROVEN **    ← CHANGED
  E5 MDD reduction (uniform)      16/16    1.53e-05    3.91e-03    7.9  PROVEN **    ← CHANGED
  E5 MDD reduction (VCBB)         15/16    2.59e-04    3.52e-02    7.9  STRONG       ← CHANGED
  E5 CAGR improvement (VCBB)       1/16    1.00e+00    1.00e+00    5.0  NOT SIG      
  VTWIN MDD improvement           13/16    1.06e-02    1.45e-01    7.9  NOT SIG      ← CHANGED

================================================================================
STEP 5: DETAILED BREAKDOWN — VDO Sharpe (primary claim)
================================================================================

  Nominal: 16/16 wins, p = 1.53e-05

  Method            M_eff  M_eff(int)   Scaled wins     p-value       Verdict
  ---------------------------------------------------------------------------
  nyholt            13.9          14            14    6.10e-05  PROVEN ***  
  li_ji              9.1           9             9    1.95e-03  PROVEN **   
  galwey             5.0           5             5    3.12e-02  STRONG      
  conservative       5.0           5             5    3.12e-02  STRONG      

================================================================================
SUMMARY
================================================================================

  Total claims checked: 6
  Verdicts changed by correction: 5/6

  5 verdict(s) changed. Review claims above.
    CHANGED: VDO Sharpe improvement
      Nominal: PROVEN *** (p=1.53e-05)
      Corrected: STRONG (p=3.12e-02)
    CHANGED: VDO MDD reduction
      Nominal: PROVEN *** (p=1.53e-05)
      Corrected: PROVEN ** (p=3.91e-03)
    CHANGED: E5 MDD reduction (uniform)
      Nominal: PROVEN *** (p=1.53e-05)
      Corrected: PROVEN ** (p=3.91e-03)
    CHANGED: E5 MDD reduction (VCBB)
      Nominal: PROVEN *** (p=2.59e-04)
      Corrected: STRONG (p=3.52e-02)
    CHANGED: VTWIN MDD improvement
      Nominal: PROVEN * (p=1.06e-02)
      Corrected: NOT SIG (p=1.45e-01)

  Results saved to /var/www/trading-bots/btc-spot-dev/research/results/binomial_correction.json
  Total time: 4582s
