/var/www/trading-bots/btc-spot-dev/research/config_compare.py:27: UserWarning: Importing from 'research' package — this is research code. For production use, import from the appropriate production module instead (e.g., 'monitoring.regime_monitor').
  from research.lib.vcbb import make_ratios, precompute_vcbb, gen_path_vcbb
CONFIG COMPARISON: CUSTOM vs DEFAULT
==========================================================================================
    CUSTOM: slow=200, fast=50, trail=3.0
   DEFAULT: slow=120, fast=30, trail=3.0
  Shared: ATR=14, VDO=12/28, VDO_thr=0.0
  Cost: 50 bps RT. Bootstrap: 500 paths.
  Data: 17838 H4 bars, warmup index = 2190

==========================================================================================
PHASE 1: REAL DATA
==========================================================================================

  Native configs:
    Config   Sharpe     CAGR     MDD   Calmar  Trades   Final NAV
  ------------------------------------------------------------
    CUSTOM   +1.432   +63.1%   41.8%   +1.508     188   172660.26
   DEFAULT   +1.276   +52.7%   41.5%   +1.268     211   138022.86

  Δ (CUSTOM - DEFAULT):
    ΔSharpe = +0.1552
    ΔCAGR   = +10.42%
    ΔMDD    = +0.31pp
    ΔCalmar = +0.2396
    ΔTrades = -23

  16-Timescale sweep (each config's trail, ratio=4:1):
     sp   days   CUSTOM  DEFAULT        Δ
  ----------------------------------------
     30      5   +0.673   +0.673  +0.0000
     48      8   +0.654   +0.654  +0.0000
     60     10   +0.797   +0.797  +0.0000
     72     12   +0.993   +0.993  +0.0000
     84     14   +1.129   +1.129  +0.0000
     96     16   +1.077   +1.077  +0.0000
    108     18   +1.209   +1.209  +0.0000
    120     20   +1.276   +1.276  +0.0000
    144     24   +1.328   +1.328  +0.0000
    168     28   +1.193   +1.193  +0.0000
    200     33   +1.432   +1.432  +0.0000
    240     40   +1.227   +1.227  +0.0000
    300     50   +1.017   +1.017  +0.0000
    360     60   +1.114   +1.114  +0.0000
    500     83   +1.074   +1.074  +0.0000
    720    120   +0.838   +0.838  +0.0000

  CUSTOM wins 0/16 timescales on real data

==========================================================================================
PHASE 2: BOOTSTRAP — 500 paths × 16 timescales
==========================================================================================
        1/500  (0s, ~0s left)
       50/500  (5s, ~44s left)
      100/500  (14s, ~55s left)
      150/500  (24s, ~56s left)
      200/500  (34s, ~51s left)
      250/500  (46s, ~46s left)
      300/500  (56s, ~37s left)
      350/500  (67s, ~29s left)
      400/500  (77s, ~19s left)
      450/500  (86s, ~10s left)
      500/500  (98s, ~0s left)

  Done: 98.5s (1.6 min)

  Paired comparison: CUSTOM vs DEFAULT (500 paths)
        Metric    P(C>D)    median Δ       med C       med D
  -------------------------------------------------------
        Sharpe     44.4%     -0.0248     +0.5127     +0.5424
          CAGR     45.0%     -0.9471    +13.2423    +14.5288
           MDD     45.8%     -0.6326    +62.6978    +63.6892
           NAV     45.0%  -1119.1541  +27516.1728  +30165.9891

  Sharpe distribution:
      CUSTOM: median=+0.5127, mean=+0.5124, std=0.3856, P(>0)=90.6%
     DEFAULT: median=+0.5424, mean=+0.5340, std=0.3852, P(>0)=91.4%

  CAGR distribution:
      CUSTOM: median=+13.24%, mean=+15.04%, P(>0)=80.4%
     DEFAULT: median=+14.53%, mean=+15.94%, P(>0)=81.4%

  MDD distribution:
      CUSTOM: median=63.7%, mean=64.1%
     DEFAULT: median=62.7%, mean=63.6%

==========================================================================================
VERDICT
==========================================================================================

  Real data (native configs):
    CUSTOM  (200/50/4.5): Sh=+1.432  CAGR=+63.1%  MDD=41.8%  Trades=188
    DEFAULT (120/30/3.0): Sh=+1.276  CAGR=+52.7%  MDD=41.5%  Trades=211
    Δ: Sh=+0.155  CAGR=+10.4%  MDD=+0.3pp

  Bootstrap (500 × 16 timescales):
      Sharpe: P(C>D)=44.4% → NOT SIG
        CAGR: P(C>D)=45.0% → NOT SIG
         MDD: P(C>D)=45.8% → NOT SIG
         NAV: P(C>D)=45.0% → NOT SIG

  Total time: 101s (1.7 min)
  Saved: /var/www/trading-bots/btc-spot-dev/research/results/config_compare_200v120/config_compare.json
==========================================================================================
