======================================================================
COST & EXECUTION EFFICIENCY STUDY
======================================================================
  Period: 2019-01-01 -> 2026-02-20   Warmup: 365d
  Bootstrap: 2000 paths, block=60, seed=42

  Motivation: VTREND signal is proven optimal.
  Question: how much alpha remains after REALISTIC costs?
  Binance VIP0: 20 bps RT, with BNB: ~15 bps RT
  Current analysis uses: 50 bps RT ('harsh')

Loading data...
  17838 H4 bars, warmup idx=2190, trading=15648 bars

======================================================================
PHASE 1: COST SENSITIVITY (VTREND, N=120)
======================================================================
  Cost levels: [0, 5, 10, 15, 20, 25, 30, 40, 50] bps RT
        1/2000  (0s)
      500/2000  (123s)
     1000/2000  (247s)
     1500/2000  (371s)
     2000/2000  (494s)

  Done: 494.7s

    Cost   med CAGR   med MDD   med Sh  med Calm  med Tr  P(CAGR>0)  P(Sh>0)
  ---------------------------------------------------------------------------
     0bp    +26.10%     53.8%  +0.781   +0.491    230      92.6%    97.4%
     5bp    +24.30%     54.8%  +0.747   +0.449    230      91.0%    96.8%
    10bp    +22.59%     55.8%  +0.712   +0.412    230      90.0%    96.2%
    15bp    +20.87%     56.7%  +0.676   +0.376    230      88.1%    95.4%
    20bp    +19.25%     57.7%  +0.642   +0.339    230      86.9%    94.3%
    25bp    +17.60%     58.8%  +0.606   +0.306    230      84.7%    93.0%
    30bp    +15.90%     59.9%  +0.572   +0.275    230      81.9%    91.5%
    40bp    +12.72%     62.1%  +0.502   +0.214    230      76.5%    88.8%
    50bp     +9.70%     64.3%  +0.432   +0.158    230      70.9%    85.5%

  Gross (zero-cost) Sharpe: 0.7811

  Cost drag (Sharpe reduction from zero-cost):
     15 bps: -0.1051 Sharpe (13.5% of gross)
     20 bps: -0.1396 Sharpe (17.9% of gross)
     30 bps: -0.2091 Sharpe (26.8% of gross)
     50 bps: -0.3487 Sharpe (44.6% of gross)

======================================================================
PHASE 2: COST-OPTIMAL TIMESCALE (VTREND + VTWIN)
======================================================================
  Costs: [0, 15, 30, 50] bps RT
  Timescales: [48, 60, 72, 84, 96, 120, 144, 168, 200, 240]
        1/2000  (0s, ~0s left)
      200/2000  (422s, ~3795s left)
      400/2000  (847s, ~3390s left)
      600/2000  (1271s, ~2965s left)
      800/2000  (1694s, ~2541s left)
     1000/2000  (2117s, ~2117s left)
     1200/2000  (2806s, ~1871s left)
     1400/2000  (3821s, ~1638s left)
     1600/2000  (4762s, ~1190s left)
     1800/2000  (5701s, ~633s left)
     2000/2000  (6638s, ~0s left)

  Done: 6643.1s (160000 sims, 24 sims/sec)

  --- Cost: 0 bps RT ---
      N    VT Sh  VT CAGR  VT MDD    TW Sh  TW CAGR  TW MDD   P(TW Sh>)  P(TW MDD<)
  ------------------------------------------------------------------------------------------
     48  +0.800   +27.5%   54.8%  +0.757   +21.8%   46.5%       41.9%       78.3%
     60  +0.819   +28.1%   54.0%  +0.726   +19.6%   45.6%       36.8%       78.5%
     72  +0.804   +27.6%   54.2%  +0.699   +18.2%   44.7%       33.6%       81.1%
     84  +0.809   +27.7%   53.6%  +0.683   +17.1%   43.6%       32.2%       81.3%
     96  +0.803   +27.3%   53.8%  +0.667   +16.3%   42.9%       30.9%       82.8%
    120  +0.781   +26.1%   53.8%  +0.639   +14.9%   41.5%       31.4%       84.1%
    144  +0.767   +25.5%   53.9%  +0.614   +13.7%   40.7%       30.9%       86.2%
    168  +0.750   +24.9%   55.1%  +0.592   +12.5%   40.0%       31.1%       87.2%
    200  +0.727   +23.9%   55.7%  +0.558   +11.4%   38.5%       31.2%       88.0%
    240  +0.706   +22.8%   56.1%  +0.555   +11.0%   37.8%       31.0%       90.3%

  Best VTREND: N=60 (Sharpe 0.8193)
  Best VTWIN:  N=48 (Sharpe 0.7568)

  --- Cost: 15 bps RT ---
      N    VT Sh  VT CAGR  VT MDD    TW Sh  TW CAGR  TW MDD   P(TW Sh>)  P(TW MDD<)
  ------------------------------------------------------------------------------------------
     48  +0.678   +21.2%   58.3%  +0.688   +18.9%   48.6%       51.0%       82.0%
     60  +0.699   +22.2%   57.1%  +0.662   +17.2%   47.4%       45.1%       82.5%
     72  +0.691   +21.9%   57.2%  +0.638   +16.0%   46.4%       40.8%       83.2%
     84  +0.697   +22.0%   56.8%  +0.623   +15.1%   45.3%       39.3%       84.1%
     96  +0.696   +21.9%   56.8%  +0.611   +14.4%   44.3%       38.5%       84.8%
    120  +0.676   +20.9%   56.7%  +0.586   +13.2%   43.1%       38.6%       86.1%
    144  +0.663   +20.5%   57.0%  +0.563   +12.2%   42.3%       37.4%       87.4%
    168  +0.647   +19.8%   57.9%  +0.544   +11.2%   41.4%       36.8%       88.4%
    200  +0.629   +19.0%   58.6%  +0.512   +10.2%   40.0%       37.1%       89.2%
    240  +0.609   +17.9%   58.9%  +0.511    +9.9%   39.1%       36.7%       91.8%

  Best VTREND: N=60 (Sharpe 0.6990)
  Best VTWIN:  N=48 (Sharpe 0.6880)

  --- Cost: 30 bps RT ---
      N    VT Sh  VT CAGR  VT MDD    TW Sh  TW CAGR  TW MDD   P(TW Sh>)  P(TW MDD<)
  ------------------------------------------------------------------------------------------
     48  +0.555   +15.4%   61.7%  +0.618   +16.1%   50.6%       59.0%       84.9%
     60  +0.581   +16.5%   60.6%  +0.597   +14.8%   49.4%       53.8%       86.0%
     72  +0.578   +16.4%   60.6%  +0.574   +13.8%   48.2%       49.4%       85.5%
     84  +0.584   +16.6%   60.1%  +0.564   +13.0%   47.0%       46.9%       86.0%
     96  +0.588   +16.7%   59.9%  +0.555   +12.5%   46.0%       46.5%       87.5%
    120  +0.572   +15.9%   59.9%  +0.534   +11.6%   44.6%       45.5%       88.0%
    144  +0.564   +15.6%   60.1%  +0.513   +10.6%   43.9%       43.9%       89.5%
    168  +0.548   +15.0%   61.1%  +0.494    +9.8%   42.8%       43.0%       90.1%
    200  +0.530   +14.2%   61.6%  +0.467    +8.9%   41.5%       43.5%       90.8%
    240  +0.510   +13.4%   62.0%  +0.468    +8.7%   40.5%       42.5%       92.6%

  Best VTREND: N=96 (Sharpe 0.5882)
  Best VTWIN:  N=48 (Sharpe 0.6179)

  --- Cost: 50 bps RT ---
      N    VT Sh  VT CAGR  VT MDD    TW Sh  TW CAGR  TW MDD   P(TW Sh>)  P(TW MDD<)
  ------------------------------------------------------------------------------------------
     48  +0.393    +8.0%   67.1%  +0.524   +12.6%   53.6%       70.0%       89.5%
     60  +0.425    +9.4%   65.6%  +0.509   +11.6%   52.1%       63.6%       89.0%
     72  +0.427    +9.5%   65.2%  +0.492   +10.9%   50.6%       59.5%       88.7%
     84  +0.437    +9.9%   64.6%  +0.485   +10.4%   49.5%       56.1%       89.2%
     96  +0.442   +10.1%   64.5%  +0.476   +10.1%   48.4%       55.6%       90.6%
    120  +0.432    +9.7%   64.3%  +0.466    +9.5%   46.8%       54.4%       91.0%
    144  +0.428    +9.5%   64.8%  +0.446    +8.6%   46.0%       53.1%       90.6%
    168  +0.414    +8.9%   65.3%  +0.428    +8.0%   44.9%       51.3%       91.8%
    200  +0.395    +8.1%   65.9%  +0.405    +7.3%   43.5%       52.2%       92.8%
    240  +0.379    +7.3%   66.2%  +0.408    +7.1%   42.5%       50.4%       93.5%

  Best VTREND: N=96 (Sharpe 0.4421)
  Best VTWIN:  N=48 (Sharpe 0.5240)

======================================================================
PHASE 3: TRADE QUALITY ANALYSIS (REAL DATA, N=120)
======================================================================

  Total trades: 189
  Win rate: 72/189 (38.1%)
  Avg winner: +10.68%
  Avg loser:  -3.12%
  Best trade: +87.37%
  Worst trade: -12.87%
  Profit factor: 2.10

  Duration (bars): mean=38.8, median=29, min=1, max=212
  Winner duration: mean=69.3
  Loser duration:  mean=20.0

  Exit reasons: trail=157, ema_cross=32, end=0

  --- PnL vs EMA Gap at Entry ---
    P0-P25   gap       [0.0000, ...]: n= 47, WR= 42.6%, avg= +3.31%
    P25-P50  gap       [0.0010, ...]: n= 47, WR= 40.4%, avg= +2.42%
    P50-P75  gap       [0.0139, ...]: n= 47, WR= 38.3%, avg= +2.51%
    P75+     gap       [0.0340, ...]: n= 48, WR= 31.2%, avg= +0.33%

  --- PnL vs Duration ---
    dur≤  3: n= 14, WR=  7.1%, avg= -1.46%
    dur≤  6: n= 19, WR=  5.3%, avg= -2.52%
    dur≤ 12: n= 44, WR=  4.5%, avg= -2.99%
    dur≤ 24: n= 82, WR=  6.1%, avg= -3.28%
    dur≤ 48: n=138, WR= 19.6%, avg= -2.22%

  --- PnL vs VDO at Entry ---
    P0-P33   VDO: n= 63, WR= 28.6%, avg= +0.47%
    P33-P67  VDO: n= 63, WR= 39.7%, avg= +3.38%
    P67+     VDO: n= 63, WR= 46.0%, avg= +2.55%

======================================================================
PHASE 4: SIGNAL FILTERS (bootstrap, cost=15 bps RT)
======================================================================
        1/2000  (0s, ~0s left)
      500/2000  (309s, ~926s left)
     1000/2000  (617s, ~617s left)
     1500/2000  (934s, ~311s left)
     2000/2000  (1244s, ~0s left)

  Done: 1244.2s

  --- Signal Strength (EMA Gap) Filter ---
   min_gap   med Sh  med CAGR  med MDD  med Tr  P(Sh>base)  P(MDD<base)
  ---------------------------------------------------------------------------
     0.000  +0.676    +20.9%    56.7%    230       50.0%        50.0%
     0.005  +0.657    +19.7%    55.8%    203       44.9%        56.0%
     0.010  +0.640    +18.6%    54.9%    183       40.6%        60.0%
     0.020  +0.601    +16.1%    52.9%    147       35.2%        64.5%
     0.030  +0.558    +13.5%    49.3%    116       31.2%        72.2%
     0.050  +0.466     +9.0%    42.9%     69       25.1%        83.1%

  --- Minimum Holding Period ---
  min_hold   med Sh  med CAGR  med MDD  med Tr  P(Sh>base)  P(MDD<base)
  ---------------------------------------------------------------------------
      0 bars  +0.676    +20.9%    56.7%    230       50.0%        50.0%
      6 bars  +0.677    +21.1%    57.2%    227       50.0%        46.1%
     12 bars  +0.656    +20.5%    59.0%    220       43.0%        35.6%
     24 bars  +0.634    +19.9%    61.5%    200       40.9%        28.3%

======================================================================
FINAL SUMMARY
======================================================================

  Gross Sharpe (0 bps):    0.7811
  At 15 bps (BNB):         0.6760
  At 20 bps (VIP0):        0.6415
  At 50 bps (harsh):       0.4324

  Cost drag at harsh: 0.3487 Sharpe (44.6%)
  Cost drag at 15bp: 0.1051 Sharpe (13.5%)
  Recoverable alpha: 0.2436 Sharpe (by using 15 vs 50 bps)

  At   0 bps: best VTREND N=60 (Sh=0.8193), best VTWIN N=48 (Sh=0.7568)

  At  15 bps: best VTREND N=60 (Sh=0.6990), best VTWIN N=48 (Sh=0.6880)

  At  30 bps: best VTREND N=96 (Sh=0.5882), best VTWIN N=48 (Sh=0.6179)

  At  50 bps: best VTREND N=96 (Sh=0.4421), best VTWIN N=48 (Sh=0.5240)
======================================================================

  Results saved to /var/www/trading-bots/btc-spot-dev/research/results/cost_study.json
