/var/www/trading-bots/btc-spot-dev/research/creative_exploration.py:31: UserWarning: Importing from 'research' package — this is research code. For production use, import from the appropriate production module instead (e.g., 'monitoring.regime_monitor').
  from research.lib.vcbb import make_ratios, precompute_vcbb, gen_path_vcbb
==========================================================================================
CREATIVE EXPLORATION: LEARNING FROM 10 FAILURES
==========================================================================================

Meta-lesson: All 10 alternatives tried to MODIFY the proven signal.
Key insight: The signal is IRREDUCIBLE. Only STRUCTURAL changes remain.

Two hypotheses derived from failure patterns:
  A) Multi-timescale ensemble — diversify across TIMING, not signal
  B) Trail-only exit (E7) — simplify exit (complexity hurts)

==========================================================================================
PHASE 0: CROSS-TIMESCALE CORRELATION DIAGNOSTIC
==========================================================================================
  N=  60: Sharpe= 0.797  CAGR=  26.7%  MDD= 54.1%  trades=231
  N=  84: Sharpe= 1.130  CAGR=  44.0%  MDD= 47.9%  trades=197
  N=  96: Sharpe= 1.078  CAGR=  41.2%  MDD= 47.5%  trades=195
  N= 120: Sharpe= 1.276  CAGR=  52.7%  MDD= 41.5%  trades=189
  N= 144: Sharpe= 1.328  CAGR=  55.9%  MDD= 42.3%  trades=180
  N= 168: Sharpe= 1.193  CAGR=  48.1%  MDD= 50.3%  trades=182

  Return correlation matrix (post-warmup):
         N= 60  N= 84  N= 96  N=120  N=144  N=168
  N= 60   1.000   0.933   0.920   0.885   0.853   0.840
  N= 84   0.933   1.000   0.986   0.947   0.914   0.894
  N= 96   0.920   0.986   1.000   0.960   0.925   0.904
  N=120   0.885   0.947   0.960   1.000   0.964   0.942
  N=144   0.853   0.914   0.925   0.964   1.000   0.977
  N=168   0.840   0.894   0.904   0.942   0.977   1.000

  Average pairwise correlation: 0.9229
  Range: [0.8405, 0.9858]

  Theoretical portfolio Sharpe multiplier: 1.0338
  Individual avg Sharpe: 1.134
  Theoretical portfolio Sharpe: 1.172
  Expected improvement: +3.4%

  Trade overlap matrix (fraction of bars both in position):
         N= 60  N= 84  N= 96  N=120  N=144  N=168
  N= 60   50.8%   46.5%   45.2%   42.9%   41.3%   40.3%
  N= 84   46.5%   49.1%   47.7%   45.2%   43.5%   42.4%
  N= 96   45.2%   47.7%   48.3%   45.8%   44.1%   42.8%
  N=120   42.9%   45.2%   45.8%   48.0%   46.2%   44.9%
  N=144   41.3%   43.5%   44.1%   46.2%   48.2%   46.9%
  N=168   40.3%   42.4%   42.8%   44.9%   46.9%   48.4%

  Average pairwise overlap: 44.4%

==========================================================================================
PHASE 1: REAL DATA — E0 vs MULTI-TIMESCALE vs E7 (TRAIL-ONLY)
==========================================================================================

     SP   E0-Sh  E0-CAGR  E0-MDD   E7-Sh  E7-CAGR  E7-MDD  E7>E0?
  ---------------------------------------------------------------------------
     30   0.673    21.1%   71.9%    0.682    22.5%   77.3%  +
     48   0.654    19.8%   62.4%    0.788    27.2%   59.6%  +
     60   0.797    26.7%   54.1%    0.953    36.1%   54.0%  +
     72   0.993    36.4%   50.1%    1.038    40.1%   50.9%  +
     84   1.130    44.0%   47.9%    1.138    45.5%   56.5%  +
     96   1.078    41.2%   47.5%    1.078    42.1%   56.7%  -
    108   1.209    48.6%   44.0%    1.231    50.9%   51.1%  +
    120   1.276    52.7%   41.5%    1.348    58.0%   46.3%  +
    144   1.328    55.9%   42.3%    1.203    49.6%   51.3%  -
    168   1.193    48.1%   50.3%    1.067    41.8%   54.6%  -
    200   1.432    63.1%   41.8%    1.234    51.8%   47.8%  -
    240   1.227    50.5%   42.0%    1.099    43.9%   48.0%  -
    300   1.017    38.9%   47.0%    1.039    40.8%   47.7%  +
    360   1.114    45.1%   48.8%    1.210    51.5%   50.1%  +
    500   1.074    43.3%   49.5%    0.875    32.6%   60.6%  -
    720   0.838    30.7%   59.8%    0.870    32.9%   60.9%  +

  E7 wins Sharpe: 10/16
  E7 wins NAV:    11/16

  --- MULTI-TIMESCALE ENSEMBLE (plateau: 60, 84, 96, 120, 144, 168) ---

        Source  Sharpe    CAGR    MDD   FinalNAV
  --------------------------------------------------
          N=60   0.797   26.7%  54.1%      54143
          N=84   1.130   44.0%  47.9%     135013
          N=96   1.078   41.2%  47.5%     117172
         N=120   1.276   52.7%  41.5%     205193
         N=144   1.328   55.9%  42.3%     237800
         N=168   1.193   48.1%  50.3%     165257
      ENSEMBLE   1.193   46.5%  44.6%     152430

  Ensemble vs E0@120:
    Sharpe: 1.193 vs 1.276 (-6.5%)
    CAGR:   46.5% vs 52.7%
    MDD:    44.6% vs 41.5%

  E7 real-data: 10/16 Sharpe wins → PROCEED to bootstrap

==========================================================================================
PHASE 2: BOOTSTRAP (500 paths × 16 timescales) — ENSEMBLE & E7 vs E0
==========================================================================================
      1/500  (0s, ~0s left)
     50/500  (60s, ~536s left)
    100/500  (136s, ~544s left)
    150/500  (212s, ~494s left)
    200/500  (285s, ~427s left)
    250/500  (359s, ~359s left)
    300/500  (430s, ~286s left)
    350/500  (498s, ~213s left)
    400/500  (566s, ~141s left)
    450/500  (632s, ~70s left)
    500/500  (702s, ~0s left)

  Done: 703.7s

  --- E7 (trail-only) vs E0 ---
     SP   P(Sh+) P(CAGR+)  P(MDD-)  P(NAV+)
     30    87.4%    87.0%    56.2%    87.0%
     48    82.6%    83.0%    56.0%    83.0%
     60    79.4%    81.4%    54.0%    81.4%
     72    75.2%    77.8%    49.2%    77.8%
     84    67.8%    67.4%    47.2%    67.4%
     96    64.0%    65.2%    44.0%    65.2%
    108    63.8%    64.6%    41.6%    64.6%
    120    56.4%    60.2%    43.6%    60.2%
    144    54.6%    55.6%    38.4%    55.6%
    168    49.2%    51.4%    36.2%    51.4%
    200    48.4%    49.4%    34.6%    49.4%
    240    47.4%    47.4%    35.0%    47.4%
    300    47.8%    48.8%    32.2%    48.8%
    360    47.4%    48.4%    34.6%    48.4%
    500    51.6%    51.0%    36.2%    51.0%
    720    48.2%    47.6%    31.8%    47.6%

  E7 wins/16: Sharpe=10 CAGR=11 MDD=3 NAV=11
    Sharpe: 10/16 → binomial p=0.2272
    CAGR: 11/16 → binomial p=0.1051
    MDD: 3/16 → binomial p=0.9979
    NAV: 11/16 → binomial p=0.1051

  --- ENSEMBLE (6 timescales) vs single E0 ---
     SP   P(Sh+) P(CAGR+)  P(MDD-)  P(NAV+)  medSh_e  medSh_0
     30    71.8%    71.0%    79.6%    71.0%    0.554    0.410
     48    63.8%    64.0%    74.4%    64.0%    0.554    0.473
     60    57.8%    58.0%    72.2%    58.0%    0.554    0.490
     72    55.0%    52.2%    69.8%    52.2%    0.554    0.499
     84    53.4%    51.0%    73.4%    51.0%    0.554    0.513
     96    48.6%    47.0%    69.4%    47.0%    0.554    0.522
    108    53.4%    52.6%    68.4%    52.6%    0.554    0.523
    120    57.4%    55.2%    70.4%    55.2%    0.554    0.534
    144    53.2%    51.0%    63.0%    51.0%    0.554    0.534
    168    54.0%    53.0%    61.6%    53.0%    0.554    0.524
    200    57.0%    55.8%    61.0%    55.8%    0.554    0.511
    240    58.0%    55.2%    60.6%    55.2%    0.554    0.497
    300    58.8%    58.4%    60.6%    58.4%    0.554    0.473
    360    61.2%    60.4%    62.2%    60.4%    0.554    0.461
    500    63.0%    60.4%    66.0%    60.4%    0.554    0.460
    720    66.8%    64.4%    69.6%    64.4%    0.554    0.417

  Ensemble wins/16: Sharpe=15 CAGR=15 MDD=16 NAV=15
    Sharpe: 15/16 → binomial p=0.0003
    CAGR: 15/16 → binomial p=0.0003
    MDD: 16/16 → binomial p=0.0000
    NAV: 15/16 → binomial p=0.0003

==========================================================================================
EXPLORATION COMPLETE
==========================================================================================
