D1 EMA(200) REGIME FILTER STUDY
================================================================================
  Filter: close > EMA(1200 H4 bars ≈ 200 days)
  Applied to ENTRY only. Exit unchanged (ATR trail + EMA cross-down).
  Cost: 50 bps RT. Warmup: 365d.

================================================================================
PHASE 1: REAL DATA — 14 COINS × N=120
================================================================================

        Coin    Bars    E0 Sh   E0+D1 Sh      ΔSh   E0 CAGR   D1 CAGR    ΔCAGR   E0 MDD   D1 MDD    ΔMDD  E0 Tr  D1 Tr
  --------------------------------------------------------------------------------------------------------------
     BTCUSDT   18750   +1.110     +1.132  +0.0220    +42.3%    +40.2%    -2.2pp    41.5%    43.8%   +2.3    223    173
     ETHUSDT   18690   +0.947     +0.868  -0.0793    +42.4%    +33.2%    -9.2pp    47.9%    50.4%   +2.5    212    154
     BNBUSDT   18206   +1.203     +1.105  -0.0984    +68.4%    +56.2%   -12.2pp    59.5%    64.6%   +5.0    222    176
     SOLUSDT   12167   +0.752     +0.828  +0.0761    +32.1%    +35.8%    +3.7pp    78.1%    70.6%   -7.5    148    105
     XRPUSDT   17137   +0.332     +0.206  -0.1260     +0.7%     -5.1%    -5.8pp    92.2%    93.2%   +1.0    194    130
     LTCUSDT   17984   +0.332     +0.326  -0.0056     +0.9%     +2.7%    +1.7pp    89.0%    84.0%   -5.0    217    126
     ADAUSDT   17240   +0.495     +0.799  +0.3041    +11.6%    +34.9%   +23.3pp    79.1%    59.9%  -19.2    194    108
    DOGEUSDT   14581   +1.184     +1.155  -0.0292   +120.4%   +113.1%    -7.4pp    79.2%    78.2%   -1.0    154    105
     TRXUSDT   16909   +0.463     +0.473  +0.0093    +10.6%    +11.6%    +1.1pp    71.2%    70.5%   -0.7    245    189
    AVAXUSDT   11915   +0.397     +0.247  -0.1497     +5.4%     -0.8%    -6.2pp    70.6%    70.6%   +0.0    137     79
    LINKUSDT   15599   +0.278     +0.338  +0.0607     -4.8%     +1.1%    +5.9pp    90.7%    86.5%   -4.3    211    150
     BCHUSDT   13707   +0.303     +0.458  +0.1546     -0.8%    +10.2%   +11.0pp    81.5%    68.7%  -12.8    176    127
    HBARUSDT   14068   +0.400     +0.504  +0.1043     +0.8%    +11.0%   +10.2pp    88.7%    84.9%   -3.8    169    115
     XLMUSDT   16975   +0.719     +0.726  +0.0067    +30.7%    +30.8%    +0.2pp    63.3%    56.8%   -6.6    193    113

  Filter helps Sharpe: 8/14
  Filter helps CAGR:   8/14
  Filter helps MDD:    9/14

================================================================================
PHASE 2: BTC TIMESCALE SWEEP — E0 vs E0+D1 filter
================================================================================

     sp   days    E0 Sh    D1 Sh       ΔSh   E0 CAGR   D1 CAGR   E0 MDD   D1 MDD    ΔMDD  E0 Tr  D1 Tr
  -----------------------------------------------------------------------------------------------
     30      5   +0.564   +1.065   +0.5011    +15.7%    +35.9%    71.9%    43.8%  -28.1    363    227
     48      8   +0.543   +0.905   +0.3620    +14.5%    +28.5%    62.4%    39.7%  -22.7    290    190
     60     10   +0.693   +0.992   +0.2989    +21.4%    +32.5%    54.7%    39.1%  -15.6    272    187
     72     12   +0.855   +1.126   +0.2713    +28.9%    +38.7%    50.1%    37.9%  -12.2    245    173
     84     14   +0.978   +1.134   +0.1562    +35.2%    +39.6%    47.9%    40.0%   -8.0    232    172
     96     16   +0.924   +1.119   +0.1948    +32.5%    +39.0%    47.5%    41.1%   -6.4    231    172
    108     18   +1.029   +1.119   +0.0901    +37.9%    +39.2%    43.8%    41.7%   -2.2    230    174
    120     20   +1.110   +1.132   +0.0220    +42.3%    +40.2%    41.5%    43.8%   +2.3    223    173
    144     24   +1.206   +1.267   +0.0615    +47.5%    +47.7%    42.4%    43.2%   +0.8    211    171
    168     28   +1.100   +1.207   +0.1071    +41.8%    +45.1%    50.1%    47.4%   -2.7    212    173
    200     33   +1.354   +1.329   -0.0251    +56.6%    +52.6%    41.8%    41.9%   +0.1    196    167
    240     40   +1.157   +1.142   -0.0144    +45.2%    +43.0%    43.1%    44.0%   +1.0    199    174
    300     50   +0.954   +0.969   +0.0150    +34.6%    +34.7%    47.0%    45.2%   -1.8    209    191
    360     60   +1.055   +1.013   -0.0411    +40.6%    +37.8%    48.8%    48.8%   -0.0    206    194
    500     83   +1.036   +1.022   -0.0139    +40.0%    +38.8%    50.4%    48.3%   -2.1    209    200
    720    120   +0.811   +0.855   +0.0442    +28.6%    +30.2%    60.0%    52.2%   -7.8    216    206

  D1 filter better Sharpe: 12/16 timescales

================================================================================
PHASE 4: ALL COINS × 16 TIMESCALES (real data)
================================================================================

  D1 filter wins (Sharpe) per coin across 16 timescales:
        Coin   Wins/16     Pct
  ------------------------------
     BTCUSDT     12/16   75.0% *
     ETHUSDT      4/16   25.0%
     BNBUSDT      1/16    6.2%
     SOLUSDT     14/16   87.5% *
     XRPUSDT      2/16   12.5%
     LTCUSDT      8/16   50.0%
     ADAUSDT     16/16  100.0% *
    DOGEUSDT      3/16   18.8%
     TRXUSDT      6/16   37.5%
    AVAXUSDT      3/16   18.8%
    LINKUSDT     13/16   81.2% *
     BCHUSDT     11/16   68.8% *
    HBARUSDT      7/16   43.8%
     XLMUSDT      9/16   56.2% *

  Coins where filter helps at majority of timescales: 6/14
  Meta-test (binomial): p=0.788025

================================================================================
PHASE 3: BOOTSTRAP — 2000 paths × 16 timescales
================================================================================
  BTC: 17838 bars, wi=2190
        1/2000  (0s, ~0s left)
      200/2000  (445s, ~4007s left)
      400/2000  (892s, ~3567s left)
      600/2000  (1355s, ~3161s left)
      800/2000  (1781s, ~2672s left)
     1000/2000  (2195s, ~2195s left)
     1200/2000  (2593s, ~1729s left)
     1400/2000  (2987s, ~1280s left)
     1600/2000  (3393s, ~848s left)
     1800/2000  (3795s, ~422s left)
     2000/2000  (4200s, ~0s left)

  Done: 4202.1s (64000 sims)

     sp   days   P(Sh+)   P(CAGR+)   P(MDD-)   P(NAV+)    medΔSh   medΔCAGR
  ---------------------------------------------------------------------------
     30      5    44.1%      47.7%     73.5%     47.0%   -0.0334     -0.65%
     48      8    40.1%      41.2%     70.2%     41.0%   -0.0538     -1.96%
     60     10    39.1%      39.6%     67.8%     39.0%   -0.0576     -2.26%
     72     12    37.2%      38.2%     65.8%     38.1%   -0.0630     -2.61%
     84     14    36.4%      36.5%     65.9%     36.7%   -0.0623     -2.59%
     96     16    36.5%      37.1%     65.3%     37.2%   -0.0615     -2.47%
    108     18    37.1%      38.0%     64.2%     38.1%   -0.0544     -2.31%
    120     20    37.2%      38.1%     64.5%     37.6%   -0.0514     -2.04%
    144     24    37.9%      39.4%     63.6%     38.6%   -0.0467     -1.79%
    168     28    38.9%      40.8%     61.6%     40.3%   -0.0444     -1.55%
    200     33    39.5%      41.4%     62.5%     41.4%   -0.0384     -1.40%
    240     40    42.1%      43.4%     61.5%     43.4%   -0.0286     -1.00%
    300     50    43.5%      45.5%     61.5%     45.4%   -0.0199     -0.66%
    360     60    43.4%      45.1%     59.5%     45.4%   -0.0207     -0.63%
    500     83    47.9%      50.5%     60.0%     51.1%   -0.0064     +0.03%
    720    120    48.6%      50.1%     62.7%     50.6%   -0.0051     +0.01%

             METRIC   wins/16     binom p       verdict
  -------------------------------------------------------
     P(Sharpe+)>50%      0/16    1.000000       NOT SIG
       P(CAGR+)>50%      2/16    0.999741       NOT SIG
        P(MDD-)>50%     16/16    0.000015    PROVEN ***
        P(NAV+)>50%      2/16    0.999741       NOT SIG

================================================================================
OVERALL VERDICT
================================================================================
  Real data (N=120): filter helps 8/14 coins
  Bootstrap NAV: 2/16 timescales, p=0.999741 → NOT SIG
  Bootstrap Sharpe: 0/16 timescales, p=1.000000 → NOT SIG
  Bootstrap MDD: 16/16 timescales, p=0.000015 → PROVEN ***

  VERDICT: REAL ONLY — real data looks good but bootstrap fails

  Total time: 4240s (70.7 min)
  Saved: /var/www/trading-bots/btc-spot-dev/research/results/d1_ema200_filter/d1_ema200_filter.json
================================================================================
