E6 STALENESS EXIT STUDY
======================================================================
  E6 = E0 + staleness exit:
    After MFE >= threshold (ATR units), if no new peak
    close within N bars → exit.
  Search space: 8 × 8 = 64 combos
  Primary metric: final NAV

  Data: 17838 H4 bars, warmup index=2190

======================================================================
PHASE 1: REAL DATA SCREEN (64 combos × 16 timescales)
======================================================================

  Wins/16 heatmap (rows=STALENESS_BARS, cols=MFE_THRESHOLD):
  sb\mt    0.5    1.0    1.5    2.0    3.0    4.0    5.0    6.0
  ---------------------------------------------------------------
     6     0      0      0      0      0      0      0      0  
    12     0      0      2      8 *   15 *   16 *   12 *    1  
    18     0      0      0      1      9 *   15 *   13 *   14 *
    24     0      0      0      0      0      0      0      0  
    30     0      0      0      0      0      0      0      0  
    36     0      0      0      0      0      0      0      0  
    48     0      0      0      0      0      0      0      0  
    60     0      0      0      0      0      0      0      0  

  Survivors (>= 8/16 wins): 8
    sb= 12, mt=2.0: 8/16 wins
    sb= 12, mt=3.0: 15/16 wins
    sb= 12, mt=4.0: 16/16 wins
    sb= 12, mt=5.0: 12/16 wins
    sb= 18, mt=3.0: 9/16 wins
    sb= 18, mt=4.0: 15/16 wins
    sb= 18, mt=5.0: 13/16 wins
    sb= 18, mt=6.0: 14/16 wins

  E0 baseline across timescales:
    sp=  30: NAV=$    34,353  Sharpe=+0.673  CAGR=+21.1%  MDD=71.9%
    sp=  48: NAV=$    29,282  Sharpe=+0.654  CAGR=+19.8%  MDD=62.4%
    sp=  60: NAV=$    48,945  Sharpe=+0.797  CAGR=+26.7%  MDD=54.1%
    sp=  72: NAV=$    83,081  Sharpe=+0.993  CAGR=+36.4%  MDD=50.1%
    sp=  84: NAV=$   107,114  Sharpe=+1.129  CAGR=+43.9%  MDD=47.9%
    sp=  96: NAV=$    89,045  Sharpe=+1.077  CAGR=+41.1%  MDD=47.5%
    sp= 108: NAV=$   113,029  Sharpe=+1.209  CAGR=+48.6%  MDD=44.0%
    sp= 120: NAV=$   138,023  Sharpe=+1.276  CAGR=+52.7%  MDD=41.5%
    sp= 144: NAV=$   140,257  Sharpe=+1.328  CAGR=+55.9%  MDD=42.3%
    sp= 168: NAV=$   105,867  Sharpe=+1.193  CAGR=+48.1%  MDD=50.3%
    sp= 200: NAV=$   172,660  Sharpe=+1.432  CAGR=+63.1%  MDD=41.8%
    sp= 240: NAV=$    95,613  Sharpe=+1.227  CAGR=+50.5%  MDD=42.0%
    sp= 300: NAV=$    48,947  Sharpe=+1.017  CAGR=+38.9%  MDD=47.0%
    sp= 360: NAV=$    77,930  Sharpe=+1.114  CAGR=+45.1%  MDD=48.8%
    sp= 500: NAV=$    84,408  Sharpe=+1.074  CAGR=+43.3%  MDD=49.5%
    sp= 720: NAV=$    50,739  Sharpe=+0.838  CAGR=+30.7%  MDD=59.8%

  Verification: E6(sb=60, mt=6.0) vs E0
    16/16 timescales within 1% of E0 (extreme params rarely activate)

======================================================================
PHASE 2: BOOTSTRAP SENSITIVITY (500 paths × N=120 × 64 combos)
======================================================================
        1/500  (0s, ~0s left)
      100/500  (149s, ~596s left)
      200/500  (299s, ~448s left)
      300/500  (448s, ~299s left)
      400/500  (599s, ~150s left)
      500/500  (747s, ~0s left)

  Done: 748.5s (32500 sims)

  P(E6 NAV > E0 NAV) heatmap:
  sb\mt    0.5    1.0    1.5    2.0    3.0    4.0    5.0    6.0
  ---------------------------------------------------------------
     6     0.4    1.0    2.0    3.8    6.6    9.8   10.6    9.2
    12     8.4   12.6   16.8   16.8   22.8   29.4   31.0   30.2
    18    14.2   16.2   18.4   19.0   22.4   24.4   27.2   28.6
    24    12.4   14.8   15.6   15.2   18.0   24.8   26.2   26.4
    30    20.6   23.0   23.8   24.4   27.6   29.2   29.8   30.2
    36    25.2   27.4   30.2   28.6   27.6   28.0   29.6   29.0
    48    31.8   30.6   29.4   28.4   28.4   27.0   25.0   23.2
    60    12.4   11.2   10.6    9.8    7.8    7.0    5.6    5.4

  Median Sharpe delta (E6 - E0) heatmap:
  sb\mt    0.5    1.0    1.5    2.0    3.0    4.0    5.0    6.0
  ---------------------------------------------------------------
     6  -0.4518 -0.3523 -0.2937 -0.2419 -0.1699 -0.1406 -0.1173 -0.1034
    12  -0.1245 -0.1070 -0.0883 -0.0771 -0.0466 -0.0379 -0.0330 -0.0333
    18  -0.0817 -0.0672 -0.0555 -0.0524 -0.0373 -0.0284 -0.0223 -0.0179
    24  -0.0525 -0.0474 -0.0419 -0.0351 -0.0269 -0.0214 -0.0179 -0.0146
    30  -0.0222 -0.0206 -0.0184 -0.0164 -0.0132 -0.0100 -0.0089 -0.0079
    36  -0.0151 -0.0127 -0.0105 -0.0099 -0.0075 -0.0053 -0.0046 -0.0042
    48  -0.0000 -0.0000 +0.0000 +0.0000 +0.0000 +0.0000 +0.0000 +0.0000
    60  +0.0000 +0.0000 +0.0000 +0.0000 +0.0000 +0.0000 +0.0000 +0.0000

  Plateau analysis:
    Row adj corr (staleness):  0.680
    Col adj corr (MFE thr):    0.976
    Overall adj corr:          0.828
    → SMOOTH PLATEAU (corr > 0.5)

  Best combo: sb=48, mt=0.5 (P(NAV+)=31.8%)
  At grid edge: YES — FLAG FOR EXPANSION

  Top combos for Phase 3 (0 with P(NAV+)>50%):

======================================================================
EARLY TERMINATION: All P(NAV+) < 50% in Phase 2
VERDICT: REJECT E6
======================================================================

  Saved: /var/www/trading-bots/btc-spot-dev/research/results/e6_staleness/e6_staleness.json
