E7 STUDY: ROBUST ATR TRAIL (E5) + STALENESS EXIT (E6)
======================================================================
  E7 mechanism:
    Trail stop: pk - 3.0 × robust_ATR (cap_q=0.90, cap_lb=100, period=20)
    Staleness: after MFE >= thr (std ATR units), no new peak within N bars → exit
    EMA cross-down: unchanged from E0
  Search space: 8 × 8 = 64 combos
  Primary metric: final NAV

  Data: 17838 H4 bars, warmup index=2190

======================================================================
PHASE 1: REAL DATA SCREEN
======================================================================

  E0 vs E5 baseline across timescales:
     sp      E0 NAV    E0 Sh      E5 NAV    E5 Sh    ΔNAV%
  -------------------------------------------------------
     30  $   34,353  +0.673  $   37,384  +0.700  +8.8%
     48  $   29,282  +0.654  $   34,483  +0.699  +17.8%
     60  $   48,945  +0.797  $   56,724  +0.842  +15.9%
     72  $   83,081  +0.993  $   99,446  +1.055  +19.7%
     84  $  107,114  +1.129  $  132,394  +1.204  +23.6%
     96  $   89,045  +1.077  $  114,046  +1.163  +28.1%
    108  $  113,029  +1.209  $  146,996  +1.302  +30.1%
    120  $  138,023  +1.276  $  181,479  +1.365  +31.5%
    144  $  140,257  +1.328  $  193,345  +1.433  +37.9%
    168  $  105,867  +1.193  $  142,651  +1.296  +34.7%
    200  $  172,660  +1.432  $  254,029  +1.545  +47.1%
    240  $   95,613  +1.227  $  146,313  +1.318  +53.0%
    300  $   48,947  +1.017  $   81,737  +1.102  +67.0%
    360  $   77,930  +1.114  $  135,380  +1.219  +73.7%
    500  $   84,408  +1.074  $  141,085  +1.163  +67.1%
    720  $   50,739  +0.838  $  111,689  +1.016  +120.1%
  E5 wins: 16/16

  E7 vs E0 wins/16 (rows=stale_bars, cols=mfe_thr):
  sb\mt    0.5    1.0    1.5    2.0    3.0    4.0    5.0    6.0
  ---------------------------------------------------------------
     6     0      1      1      3      8 *    9 *    8 *    8 *
    12     6     15 *   15 *   16 *   16 *   16 *   16 *   15 *
    18     9 *   15 *   14 *   14 *   14 *   15 *   16 *   15 *
    24     8 *   10 *   14 *   14 *   16 *   16 *   16 *   16 *
    30    16 *   16 *   16 *   16 *   16 *   16 *   16 *   16 *
    36    16 *   16 *   16 *   16 *   16 *   16 *   16 *   16 *
    48    16 *   16 *   16 *   16 *   16 *   16 *   16 *   16 *
    60    16 *   16 *   16 *   16 *   16 *   16 *   16 *   16 *

  E7 vs E5 wins/16 (staleness contribution beyond robust ATR):
  sb\mt    0.5    1.0    1.5    2.0    3.0    4.0    5.0    6.0
  ---------------------------------------------------------------
     6     0      0      0      0      0      0      1      0  
    12     0      0      5      8 *   11 *   16 *    8 *    0  
    18     0      0      0      0      0     10 *   13 *    3  
    24     0      0      0      0      0      0      0      0  
    30     0      0      0      0      1      1      1      1  
    36     2      2      2      0      0      0      0      0  
    48     0      0      0      0      0      0      0      0  
    60     0      0      0      0      0      0      0      0  

  Survivors vs E0 (>= 8/16 wins): 59
    sb=  6, mt=3.0: 8/16 wins
    sb=  6, mt=4.0: 9/16 wins
    sb=  6, mt=5.0: 8/16 wins
    sb=  6, mt=6.0: 8/16 wins
    sb= 12, mt=1.0: 15/16 wins
    sb= 12, mt=1.5: 15/16 wins
    sb= 12, mt=2.0: 16/16 wins
    sb= 12, mt=3.0: 16/16 wins
    sb= 12, mt=4.0: 16/16 wins
    sb= 12, mt=5.0: 16/16 wins
    sb= 12, mt=6.0: 15/16 wins
    sb= 18, mt=0.5: 9/16 wins
    sb= 18, mt=1.0: 15/16 wins
    sb= 18, mt=1.5: 14/16 wins
    sb= 18, mt=2.0: 14/16 wins
    sb= 18, mt=3.0: 14/16 wins
    sb= 18, mt=4.0: 15/16 wins
    sb= 18, mt=5.0: 16/16 wins
    sb= 18, mt=6.0: 15/16 wins
    sb= 24, mt=0.5: 8/16 wins
    sb= 24, mt=1.0: 10/16 wins
    sb= 24, mt=1.5: 14/16 wins
    sb= 24, mt=2.0: 14/16 wins
    sb= 24, mt=3.0: 16/16 wins
    sb= 24, mt=4.0: 16/16 wins
    sb= 24, mt=5.0: 16/16 wins
    sb= 24, mt=6.0: 16/16 wins
    sb= 30, mt=0.5: 16/16 wins
    sb= 30, mt=1.0: 16/16 wins
    sb= 30, mt=1.5: 16/16 wins
    sb= 30, mt=2.0: 16/16 wins
    sb= 30, mt=3.0: 16/16 wins
    sb= 30, mt=4.0: 16/16 wins
    sb= 30, mt=5.0: 16/16 wins
    sb= 30, mt=6.0: 16/16 wins
    sb= 36, mt=0.5: 16/16 wins
    sb= 36, mt=1.0: 16/16 wins
    sb= 36, mt=1.5: 16/16 wins
    sb= 36, mt=2.0: 16/16 wins
    sb= 36, mt=3.0: 16/16 wins
    sb= 36, mt=4.0: 16/16 wins
    sb= 36, mt=5.0: 16/16 wins
    sb= 36, mt=6.0: 16/16 wins
    sb= 48, mt=0.5: 16/16 wins
    sb= 48, mt=1.0: 16/16 wins
    sb= 48, mt=1.5: 16/16 wins
    sb= 48, mt=2.0: 16/16 wins
    sb= 48, mt=3.0: 16/16 wins
    sb= 48, mt=4.0: 16/16 wins
    sb= 48, mt=5.0: 16/16 wins
    sb= 48, mt=6.0: 16/16 wins
    sb= 60, mt=0.5: 16/16 wins
    sb= 60, mt=1.0: 16/16 wins
    sb= 60, mt=1.5: 16/16 wins
    sb= 60, mt=2.0: 16/16 wins
    sb= 60, mt=3.0: 16/16 wins
    sb= 60, mt=4.0: 16/16 wins
    sb= 60, mt=5.0: 16/16 wins
    sb= 60, mt=6.0: 16/16 wins

======================================================================
PHASE 2: BOOTSTRAP SENSITIVITY (500 paths × N=120 × 64 combos)
======================================================================
        1/500  (0s, ~0s left)
      100/500  (265s, ~1059s left)
      200/500  (532s, ~798s left)
      300/500  (787s, ~525s left)
      400/500  (1034s, ~259s left)
      500/500  (1285s, ~0s left)

  Done: 1287.1s (33000 sims)

  E5 vs E0 at N=120: P(NAV+)=40.4%, P(MDD-)=52.6%

  E7 vs E0 P(NAV+) heatmap:
  sb\mt    0.5    1.0    1.5    2.0    3.0    4.0    5.0    6.0
  ---------------------------------------------------------------
     6     1.2    2.6    5.0    7.0   14.4   18.0   21.2   22.6
    12    15.8   18.8   25.0   27.2   31.0   32.4   33.8   33.4
    18    20.2   22.2   25.0   25.2   28.2   31.4   31.4   33.0
    24    25.4   26.6   27.6   29.6   31.4   33.4   34.4   35.8
    30    34.8   34.6   35.4   36.0   37.4   36.0   36.8   37.0
    36    37.0   37.8   38.4   38.4   37.6   38.2   39.0   39.4
    48    39.8   40.0   40.2   40.4   40.4   40.4   40.6   40.6
    60    40.4   40.6   40.6   40.6   40.6   40.6   40.6   40.6

  E7 vs E0 P(MDD-) heatmap:
  sb\mt    0.5    1.0    1.5    2.0    3.0    4.0    5.0    6.0
  ---------------------------------------------------------------
     6    14.6   20.4   27.2   33.6   40.0   41.6   46.2   46.2
    12    38.2   41.8   44.6   46.2   49.4   51.8   53.2   51.8
    18    39.0   42.0   45.4   45.2   46.8   49.0   48.2   48.8
    24    43.0   43.4   45.2   45.2   46.0   46.0   47.6   48.8
    30    48.2   49.0   49.2   50.0   50.2   50.4   50.6   50.8
    36    51.0   51.4   52.4   52.4   52.0   52.6   52.8   52.4
    48    52.4   52.4   52.2   52.0   52.0   52.2   52.2   52.2
    60    52.6   52.6   52.6   52.6   52.6   52.6   52.6   52.6

  E7 vs E5 P(NAV+) heatmap (staleness adds value to robust ATR?):
  sb\mt    0.5    1.0    1.5    2.0    3.0    4.0    5.0    6.0
  ---------------------------------------------------------------
     6     1.0    1.0    3.6    5.0   10.6   12.2   14.8   12.8
    12    10.0   13.4   20.8   25.0   31.2   33.8   33.6   32.6
    18    11.4   13.2   17.6   17.2   20.8   25.4   28.8   26.8
    24    13.6   15.2   16.6   17.6   20.6   21.6   25.8   26.0
    30    23.4   22.6   24.6   24.6   28.2   28.6   31.8   30.8
    36    31.4   32.6   33.2   32.2   32.4   34.2   32.6   31.0
    48    30.0   28.2   27.4   26.4   24.8   21.4   19.2   16.8
    60    13.2   11.8   10.8    9.2    6.4    5.0    4.6    4.2

  Plateau analysis:
    Overall adj corr: 0.911 (smooth)
  Best combo: sb=48, mt=5.0 (P(NAV+)=40.6%)
  At grid edge: NO

  Decomposition at best combo (sb=48, mt=5.0):
    E7 vs E0: P(NAV+)=40.6%, P(MDD-)=52.2%
    E5 vs E0: P(NAV+)=40.4%, P(MDD-)=52.6%
    E7 vs E5: P(NAV+)=19.2% (staleness contribution)

  Top combos for Phase 3 (0 with P(NAV+)>50%):

======================================================================
EARLY TERMINATION: All P(NAV+) < 50% in Phase 2
VERDICT: REJECT E7
======================================================================

  Saved: /var/www/trading-bots/btc-spot-dev/research/results/e7_study/e7_study.json
  Total time: 1316s
