EMA REGIME FILTER SWEEP
==========================================================================================
  Sweeping 13 EMA periods: ['17d', '25d', '33d', '50d', '67d', '89d', '100d', '120d', '150d', '200d', '250d', '300d', '400d']
  Applied to ENTRY only: close > EMA(K)
  Cost: 50 bps RT. Warmup: 365d.

==========================================================================================
PHASE 1: BTC — 13 EMA PERIODS × 16 TIMESCALES
==========================================================================================

  ΔSharpe (filtered - E0) heatmap:
       EMA  days    30    48    60    72    84    96   108   120   144   168   200   240   300   360   500   720  wins
  ---------------------------------------------------------------------------------------------------------------------
       100    17 +0.173 +0.088 +0.026 +0.017 -0.018 -0.007 -0.037 -0.054 -0.105 -0.137 -0.139 -0.101 +0.024 -0.068 -0.099 +0.012    6/16
       150    25 +0.369 +0.325 +0.212 +0.141 +0.071 +0.102 +0.034 +0.026 -0.048 -0.019 -0.045 -0.005 +0.111 +0.035 +0.017 +0.152   12/16
       200    33 +0.407 +0.297 +0.226 +0.182 +0.055 +0.071 +0.017 -0.046 -0.036 -0.039 -0.065 +0.012 +0.131 +0.055 +0.012 +0.163   12/16
       300    50 +0.539 +0.389 +0.327 +0.255 +0.114 +0.144 +0.044 -0.036 -0.079 -0.030 -0.066 -0.055 +0.046 -0.026 -0.024 +0.169    9/16
       400    67 +0.397 +0.230 +0.173 +0.126 +0.023 +0.064 -0.023 -0.097 -0.065 -0.045 -0.083 -0.049 +0.046 -0.073 -0.136 +0.056    8/16
       534    89 +0.588 +0.508 +0.419 +0.365 +0.228 +0.269 +0.152 +0.070 +0.094 +0.123 +0.008 +0.039 +0.072 -0.057 -0.033 +0.126   14/16
       600   100 +0.634 +0.528 +0.442 +0.382 +0.246 +0.286 +0.168 +0.091 +0.121 +0.192 +0.038 +0.068 +0.081 -0.009 +0.023 +0.196   15/16
       720   120 +0.635 +0.500 +0.463 +0.404 +0.267 +0.312 +0.195 +0.126 +0.153 +0.180 +0.045 +0.073 +0.101 +0.010 +0.041 +0.170   16/16
       900   150 +0.479 +0.357 +0.311 +0.298 +0.164 +0.209 +0.076 +0.025 +0.076 +0.100 -0.012 +0.013 +0.048 -0.014 +0.057 +0.215   14/16
      1200   200 +0.501 +0.362 +0.299 +0.271 +0.156 +0.195 +0.090 +0.022 +0.061 +0.107 -0.025 -0.014 +0.015 -0.041 -0.014 +0.044   12/16
      1500   250 +0.331 +0.305 +0.261 +0.234 +0.123 +0.133 +0.055 -0.011 +0.034 +0.063 -0.037 -0.047 -0.017 -0.102 -0.076 +0.002   10/16
      1800   300 +0.283 +0.224 +0.188 +0.208 +0.138 +0.148 +0.084 +0.026 +0.030 +0.051 -0.048 -0.060 -0.032 -0.122 -0.096 +0.031   11/16
      2400   400 +0.169 +0.141 +0.152 +0.177 +0.150 +0.160 +0.108 +0.038 +0.005 +0.024 -0.058 -0.041 +0.008 -0.103 -0.097 +0.072   12/16

  Best EMA period (most timescale wins): EMA(720) = 120 days, 16/16 wins

  ΔMDD (filtered - E0, negative=better) heatmap:
       EMA  days    30    48    60    72    84    96   108   120   144   168   200   240   300   360   500   720  wins
  ---------------------------------------------------------------------------------------------------------------------
       100    17 -20.0  -2.3  -1.0  +0.5  -1.8  +0.4  +3.2  +2.8  -0.5  +0.4  +4.1  +8.6  +2.7  +6.6  +8.2  -3.7    6/16
       150    25 -21.1  -7.0  -1.6  -2.0  -0.7  -3.7  -0.0  +0.5  -2.5  -2.5  +1.9  +6.6  +0.7  +1.1  +0.8 -12.1   10/16
       200    33 -22.8 -10.0  -5.7  -7.5  -5.5  -3.5  +0.8  +2.7  +3.7  +3.9  +8.2 +10.0  +4.2  +4.4  +2.3 -10.5    7/16
       300    50 -21.0 -11.7  -6.1  -6.0  -4.6  -1.9  +1.7  +6.5  +6.8  +1.5  +4.6  +7.2  +4.2  +4.3  +4.7  -7.9    7/16
       400    67 -13.6  -4.3  +2.5  +2.6  -0.5  +1.1  +7.0 +11.5  +8.6  +4.5  +2.6  +1.4  +0.1  +0.2  +3.9  -8.7    4/16
       534    89 -28.1 -22.7 -17.7 -15.5  -8.6  -7.1  -4.8  -1.4  +0.0  -4.0  -1.4  -1.3  -3.4  -3.3  +0.3 -12.6   14/16
       600   100 -28.1 -22.7 -17.7 -15.5  -9.5  -8.0  -5.8  -2.3  -0.8  -4.8  -2.3  -1.3  -4.0  -3.3  -0.8 -13.8   16/16
       720   120 -28.1 -22.6 -17.7 -15.3  -9.5  -8.0  -5.8  -2.3  -0.8  -4.8  -2.3  -1.3  -4.0  -2.6  -1.5 -14.5   16/16
       900   150 -28.1 -20.7 -18.1 -15.0  -8.4  -7.0  -2.2  +1.2  +2.2  -1.4  +1.5  +2.3  -0.4  -0.0  -2.1 -15.1   12/16
      1200   200 -28.1 -22.7 -15.6 -12.2  -8.0  -6.4  -2.2  +2.3  +0.8  -2.7  +0.1  +1.0  -1.8  -0.0  -2.1  -7.8   12/16
      1500   250 -28.1 -21.7 -13.4  -9.1  -8.0  -5.3  -2.2  +2.3  +0.8  -2.7  +0.1  +1.0  -1.8  -0.0  -2.1  -4.4   12/16
      1800   300 -26.4 -16.7 -11.7 -10.1  -9.0  -7.4  -3.2  +1.3  -0.2  -3.6  -0.9  +0.0  -2.0  +0.0  -2.1  -8.1   13/16
      2400   400 -15.4  -7.1  -9.8  -5.6  -8.1  -6.5  -2.3  +2.1  +0.6  -2.8  -0.0  -0.0  -2.7  -0.0  -2.1 -11.4   14/16

  Summary (mean across 16 timescales):
       EMA  days   meanΔSh   meanΔCAGR   meanΔMDD   Sh wins   MDD wins
  -----------------------------------------------------------------
       100    17   -0.0267      -2.88%      +0.5pp      6/16      6/16
       150    25   +0.0924      +3.16%      -2.6pp     12/16     10/16
       200    33   +0.0902      +3.05%      -1.6pp     12/16      7/16
       300    50   +0.1069      +3.72%      -1.1pp      9/16      7/16
       400    67   +0.0340      +0.02%      +1.2pp      8/16      4/16
       534    89   +0.1857      +6.97%      -8.2pp     14/16     14/16
       600   100   +0.2180      +8.54%      -8.8pp     15/16     16/16
       720   120   +0.2296      +9.02%      -8.8pp     16/16     16/16
       900   150   +0.1500      +4.84%      -7.0pp     14/16     12/16
      1200   200   +0.1269      +3.74%      -6.6pp     12/16     12/16
      1500   250   +0.0782      +1.32%      -5.9pp     10/16     12/16
      1800   300   +0.0658      +0.59%      -6.3pp     11/16     13/16
      2400   400   +0.0567      +0.18%      -4.4pp     12/16     14/16

==========================================================================================
PHASE 2: 14 COINS × N=120 × 13 EMA PERIODS
==========================================================================================

  ΔSharpe (filtered - E0) at N=120:
        Coin    17d    25d    33d    50d    67d    89d   100d   120d   150d   200d   250d   300d   400d
  ------------------------------------------------------------------------------------------
     BTCUSDT -0.054 +0.026 -0.046 -0.036 -0.097 +0.070 +0.091 +0.126 +0.025 +0.022 -0.011 +0.026 +0.038
     ETHUSDT +0.083 +0.132 +0.170 -0.079 -0.226 -0.133 -0.099 -0.135 -0.078 -0.079 -0.186 -0.215 -0.285
     BNBUSDT +0.028 +0.011 -0.060 +0.097 +0.045 -0.004 -0.033 -0.082 -0.098 -0.098 -0.237 -0.198 -0.233
     SOLUSDT +0.138 +0.089 +0.215 +0.216 +0.008 +0.060 -0.027 -0.015 -0.135 +0.076 +0.064 +0.097 +0.078
     XRPUSDT +0.040 +0.050 -0.013 -0.008 -0.026 -0.060 -0.057 -0.204 -0.196 -0.126 -0.139 -0.270 -0.282
     LTCUSDT +0.068 +0.032 +0.012 -0.035 -0.056 -0.156 -0.125 -0.102 -0.057 -0.006 -0.066 -0.079 -0.250
     ADAUSDT -0.011 -0.055 +0.065 -0.005 +0.105 +0.230 +0.172 +0.294 +0.286 +0.304 +0.280 +0.144 +0.244
    DOGEUSDT -0.117 -0.031 -0.049 -0.066 -0.024 -0.039 -0.076 -0.074 -0.062 -0.029 -0.041 -0.042 -0.075
     TRXUSDT +0.101 -0.032 +0.085 +0.031 +0.119 +0.055 +0.063 +0.017 -0.069 +0.009 +0.086 +0.097 -0.061
    AVAXUSDT +0.114 -0.012 +0.022 -0.140 -0.098 -0.089 +0.013 -0.025 -0.095 -0.150 -0.098 -0.114 -0.149
    LINKUSDT +0.235 +0.122 +0.094 +0.070 +0.001 -0.044 -0.051 -0.002 +0.036 +0.061 +0.090 +0.095 +0.130
     BCHUSDT +0.041 -0.019 +0.017 +0.095 +0.087 +0.189 +0.241 +0.212 +0.227 +0.155 +0.224 +0.210 +0.170
    HBARUSDT -0.005 +0.043 +0.081 +0.174 +0.299 +0.313 +0.296 +0.276 +0.165 +0.104 +0.040 +0.004 +0.023
     XLMUSDT -0.106 -0.032 +0.045 +0.075 +0.076 +0.067 -0.031 -0.060 +0.018 +0.007 -0.019 +0.039 +0.059

  Wins (coins where filter helps Sharpe):
    EMA(  100) =    17d:  9/14 coins
    EMA(  150) =    25d:  8/14 coins
    EMA(  200) =    33d: 10/14 coins
    EMA(  300) =    50d:  7/14 coins
    EMA(  400) =    67d:  8/14 coins
    EMA(  534) =    89d:  7/14 coins
    EMA(  600) =   100d:  6/14 coins
    EMA(  720) =   120d:  5/14 coins
    EMA(  900) =   150d:  6/14 coins
    EMA( 1200) =   200d:  8/14 coins
    EMA( 1500) =   250d:  6/14 coins
    EMA( 1800) =   300d:  8/14 coins
    EMA( 2400) =   400d:  7/14 coins

  Best cross-coin EMA: EMA(200) = 33d, 10/14 coins

==========================================================================================
PHASE 3: BOOTSTRAP — 2000 paths × 16 timescales × 4 EMA candidates
  Candidates: ['33d', '89d', '100d', '120d']
==========================================================================================
        1/2000  (0s, ~0s left)
      200/2000  (926s, ~8338s left)
      400/2000  (1869s, ~7476s left)
      600/2000  (2804s, ~6543s left)
      800/2000  (3764s, ~5647s left)
     1000/2000  (4731s, ~4731s left)
     1200/2000  (5685s, ~3790s left)
     1400/2000  (6566s, ~2814s left)
     1600/2000  (7426s, ~1856s left)
     1800/2000  (8299s, ~922s left)
     2000/2000  (8813s, ~0s left)

  Done: 8816.5s (160000 sims)

  ────────────────────────────────────────────────────────────
  EMA(200) = 33 days
  ────────────────────────────────────────────────────────────

     sp   days   P(Sh+)   P(CAGR+)   P(MDD-)   P(NAV+)    medΔSh
  ------------------------------------------------------------
     30      5    63.3%      63.6%     77.5%     63.6%   +0.0553
     48      8    54.8%      55.1%     69.2%     54.9%   +0.0164
     60     10    51.4%      51.6%     64.1%     50.7%   +0.0035
     72     12    51.7%      51.7%     62.1%     51.9%   +0.0041
     84     14    52.8%      53.1%     60.9%     52.2%   +0.0069
     96     16    55.4%      54.7%     58.9%     55.2%   +0.0096
    108     18    57.9%      57.2%     61.0%     58.4%   +0.0111
    120     20    59.8%      60.0%     62.0%     60.5%   +0.0161
    144     24    65.0%      65.1%     65.3%     65.0%   +0.0249
    168     28    63.6%      63.8%     65.3%     66.2%   +0.0305
    200     33    62.9%      63.4%     67.5%     63.9%   +0.0315
    240     40    60.1%      59.6%     68.7%     60.6%   +0.0291
    300     50    59.9%      60.9%     70.0%     61.0%   +0.0346
    360     60    58.0%      58.4%     71.5%     59.2%   +0.0320
    500     83    56.0%      57.6%     73.0%     56.9%   +0.0361
    720    120    54.1%      56.0%     76.2%     56.2%   +0.0215

             METRIC   wins/16     binom p       verdict
  -------------------------------------------------------
     P(Sharpe+)>50%     16/16    0.000015    PROVEN ***
       P(CAGR+)>50%     16/16    0.000015    PROVEN ***
        P(MDD-)>50%     16/16    0.000015    PROVEN ***
        P(NAV+)>50%     16/16    0.000015    PROVEN ***

  ────────────────────────────────────────────────────────────
  EMA(534) = 89 days
  ────────────────────────────────────────────────────────────

     sp   days   P(Sh+)   P(CAGR+)   P(MDD-)   P(NAV+)    medΔSh
  ------------------------------------------------------------
     30      5    52.3%      54.4%     77.4%     53.4%   +0.0140
     48      8    46.9%      47.2%     70.5%     46.9%   -0.0147
     60     10    43.7%      43.5%     68.8%     43.6%   -0.0252
     72     12    44.1%      43.7%     67.5%     43.3%   -0.0272
     84     14    43.7%      43.8%     66.2%     43.6%   -0.0248
     96     16    43.9%      44.0%     63.2%     42.5%   -0.0224
    108     18    45.6%      45.0%     64.1%     45.1%   -0.0155
    120     20    45.1%      45.8%     62.9%     45.0%   -0.0149
    144     24    48.3%      48.4%     62.5%     47.8%   -0.0044
    168     28    47.9%      48.2%     62.1%     47.8%   -0.0070
    200     33    50.2%      50.7%     61.0%     50.9%   +0.0008
    240     40    52.9%      54.1%     61.8%     53.6%   +0.0074
    300     50    54.8%      56.2%     63.1%     57.4%   +0.0131
    360     60    55.4%      57.0%     64.2%     57.9%   +0.0135
    500     83    53.9%      55.1%     65.1%     55.8%   +0.0124
    720    120    52.8%      54.6%     69.1%     55.1%   +0.0098

             METRIC   wins/16     binom p       verdict
  -------------------------------------------------------
     P(Sharpe+)>50%      7/16    0.772751       NOT SIG
       P(CAGR+)>50%      7/16    0.772751       NOT SIG
        P(MDD-)>50%     16/16    0.000015    PROVEN ***
        P(NAV+)>50%      7/16    0.772751       NOT SIG

  ────────────────────────────────────────────────────────────
  EMA(600) = 100 days
  ────────────────────────────────────────────────────────────

     sp   days   P(Sh+)   P(CAGR+)   P(MDD-)   P(NAV+)    medΔSh
  ------------------------------------------------------------
     30      5    51.0%      53.5%     77.0%     53.1%   +0.0040
     48      8    45.4%      46.0%     70.8%     46.0%   -0.0198
     60     10    43.5%      43.8%     68.2%     42.9%   -0.0279
     72     12    42.5%      43.2%     67.0%     42.0%   -0.0294
     84     14    42.9%      42.0%     66.2%     42.2%   -0.0276
     96     16    43.0%      43.2%     64.6%     42.2%   -0.0246
    108     18    43.4%      43.7%     64.0%     43.5%   -0.0196
    120     20    44.4%      44.9%     63.8%     43.5%   -0.0189
    144     24    46.2%      46.2%     62.7%     46.5%   -0.0146
    168     28    45.2%      46.2%     62.6%     46.6%   -0.0140
    200     33    47.3%      48.9%     60.9%     50.3%   -0.0054
    240     40    51.6%      52.1%     61.1%     52.6%   +0.0045
    300     50    52.9%      53.9%     62.1%     54.2%   +0.0066
    360     60    54.0%      56.1%     62.3%     56.5%   +0.0111
    500     83    53.5%      54.1%     64.5%     55.2%   +0.0082
    720    120    51.5%      54.0%     67.8%     54.9%   +0.0069

             METRIC   wins/16     binom p       verdict
  -------------------------------------------------------
     P(Sharpe+)>50%      6/16    0.894943       NOT SIG
       P(CAGR+)>50%      6/16    0.894943       NOT SIG
        P(MDD-)>50%     16/16    0.000015    PROVEN ***
        P(NAV+)>50%      7/16    0.772751       NOT SIG

  ────────────────────────────────────────────────────────────
  EMA(720) = 120 days
  ────────────────────────────────────────────────────────────

     sp   days   P(Sh+)   P(CAGR+)   P(MDD-)   P(NAV+)    medΔSh
  ------------------------------------------------------------
     30      5    49.1%      51.4%     76.2%     51.8%   -0.0083
     48      8    44.9%      45.2%     71.2%     45.0%   -0.0263
     60     10    42.4%      43.2%     68.4%     42.9%   -0.0351
     72     12    41.3%      40.9%     68.0%     40.9%   -0.0363
     84     14    41.3%      41.1%     65.4%     40.8%   -0.0350
     96     16    42.2%      40.6%     65.7%     39.2%   -0.0331
    108     18    42.9%      42.6%     65.1%     42.9%   -0.0271
    120     20    43.2%      43.5%     63.5%     42.9%   -0.0251
    144     24    43.7%      44.3%     62.7%     44.4%   -0.0214
    168     28    44.2%      45.2%     62.3%     45.6%   -0.0191
    200     33    45.6%      46.5%     60.8%     47.5%   -0.0141
    240     40    48.2%      49.2%     61.8%     49.4%   -0.0042
    300     50    49.2%      51.5%     61.9%     52.1%   -0.0010
    360     60    51.9%      53.0%     61.4%     54.8%   +0.0043
    500     83    53.1%      55.3%     63.5%     55.1%   +0.0103
    720    120    51.4%      53.3%     65.6%     52.5%   +0.0067

             METRIC   wins/16     binom p       verdict
  -------------------------------------------------------
     P(Sharpe+)>50%      3/16    0.997910       NOT SIG
       P(CAGR+)>50%      5/16    0.961594       NOT SIG
        P(MDD-)>50%     16/16    0.000015    PROVEN ***
        P(NAV+)>50%      5/16    0.961594       NOT SIG

==========================================================================================
OVERALL VERDICT
==========================================================================================
  EMA(  200) =    33d: Sharpe=  PROVEN ***, NAV=  PROVEN ***, MDD=  PROVEN *** ← PASS (Sharpe/NAV)
  EMA(  534) =    89d: Sharpe=     NOT SIG, NAV=     NOT SIG, MDD=  PROVEN *** ← MDD only
  EMA(  600) =   100d: Sharpe=     NOT SIG, NAV=     NOT SIG, MDD=  PROVEN *** ← MDD only
  EMA(  720) =   120d: Sharpe=     NOT SIG, NAV=     NOT SIG, MDD=  PROVEN *** ← MDD only

  VERDICT: ACCEPT — some EMA regime filter improves VTREND in bootstrap

  Total time: 8852s (147.5 min)
  Saved: /var/www/trading-bots/btc-spot-dev/research/results/ema_regime_sweep/ema_regime_sweep.json
==========================================================================================
