EMA REGIME FILTER — FINE-GRAINED SWEEP (D1 EMA < 200 days)
==========================================================================================
  3 EMA periods: ['21d', '63d', '126d']
  Entry filter: close > EMA(K) on H4
  Cost: 50 bps RT. Warmup: 365d. Bootstrap: 500 paths.

==========================================================================================
PHASE 1: BTC — 3 EMA PERIODS × 16 TIMESCALES
==========================================================================================

  ΔSharpe (filtered - E0) heatmap:
     EMA  days    30    48    60    72    84    96   108   120   144   168   200   240   300   360   500   720  wins
  -------------------------------------------------------------------------------------------------------------------
     126    21 +0.253 +0.201 +0.140 +0.092 +0.043 +0.066 +0.020 +0.018 -0.028 -0.057 -0.060 -0.020 +0.104 +0.041 +0.024 +0.129   12/16
     378    63 +0.402 +0.253 +0.199 +0.154 +0.019 +0.066 -0.017 -0.096 -0.067 -0.027 -0.061 -0.023 +0.065 -0.059 -0.118 +0.074    8/16
     756   126 +0.603 +0.468 +0.429 +0.396 +0.259 +0.304 +0.171 +0.104 +0.132 +0.155 +0.020 +0.049 +0.081 -0.000 +0.063 +0.168   15/16

  ΔMDD (filtered - E0, negative=better) heatmap:
     EMA  days    30    48    60    72    84    96   108   120   144   168   200   240   300   360   500   720  wins
  -------------------------------------------------------------------------------------------------------------------
     126    21 -19.0  -3.6  -2.5  -2.7  -1.4  -1.8  +1.5  +0.5  -2.2  -2.5  +1.9  +6.6  +0.7  +1.1  +2.8  -9.9    9/16
     378    63 -15.3  -6.0  +0.7  +0.7  +1.3  +2.6  +4.9  +9.5  +6.6  +3.3  +1.4  +1.4  +0.1  +0.4  +3.1  -9.6    3/16
     756   126 -28.1 -21.3 -16.5 -15.3  -8.4  -7.0  -2.2  +1.1  +2.2  -1.4  +1.5  +2.3  -0.4  -0.4  -1.9 -15.0   12/16

  Summary (mean across 16 timescales):
     EMA  days   meanΔSh   meanΔCAGR   meanΔMDD   Sh wins   MDD wins
  -----------------------------------------------------------------
     126    21   +0.0604      +1.52%      -1.9pp     12/16      9/16
     378    63   +0.0478      +0.73%      +0.3pp      8/16      3/16
     756   126   +0.2126      +8.16%      -6.9pp     15/16     12/16

==========================================================================================
PHASE 2: 14 COINS × N=120 × 3 EMA PERIODS
==========================================================================================

  ΔSharpe (filtered - E0) at N=120:
        Coin   21d   63d  126d
  ---------------------------
     BTCUSDT +0.02 -0.10 +0.10
     ETHUSDT +0.11 -0.20 -0.12
     BNBUSDT +0.00 +0.06 -0.08
     SOLUSDT +0.18 +0.06 -0.06
     XRPUSDT +0.07 -0.06 -0.22
     LTCUSDT +0.03 -0.04 -0.11
     ADAUSDT -0.04 +0.11 +0.28
    DOGEUSDT -0.06 -0.06 -0.09
     TRXUSDT +0.03 +0.08 +0.01
    AVAXUSDT +0.07 -0.19 +0.03
    LINKUSDT +0.12 -0.02 -0.00
     BCHUSDT +0.00 +0.09 +0.21
    HBARUSDT +0.03 +0.24 +0.26
     XLMUSDT -0.07 +0.03 -0.07

  Wins (coins where filter helps Sharpe):
    EMA(  126) =    21d: 11/14 coins
    EMA(  378) =    63d:  7/14 coins
    EMA(  756) =   126d:  6/14 coins

  Best cross-coin: EMA(126) = 21d, 11/14 coins

==========================================================================================
PHASE 3: BOOTSTRAP — 500 paths × 16 timescales × 3 EMA candidates
  ALL candidates: ['21d', '63d', '126d']
==========================================================================================
        1/500  (0s, ~0s left)
      100/500  (359s, ~1437s left)
      200/500  (696s, ~1044s left)
      300/500  (1025s, ~683s left)
      400/500  (1319s, ~330s left)
      500/500  (1630s, ~0s left)

  Done: 1632.8s (32000 sims)

  ────────────────────────────────────────────────────────────
  EMA(126) = 21 days
  ────────────────────────────────────────────────────────────

     sp   days   P(Sh+)   P(CAGR+)   P(MDD-)   P(NAV+)    medΔSh
  ------------------------------------------------------------
     30      5    62.8%      64.4%     72.6%     63.6%   +0.0399
     48      8    58.0%      56.6%     61.6%     57.8%   +0.0157
     60     10    54.4%      55.4%     59.6%     54.6%   +0.0069
     72     12    54.6%      54.0%     57.0%     54.0%   +0.0073
     84     14    55.8%      55.4%     59.8%     55.6%   +0.0079
     96     16    58.8%      58.6%     62.8%     57.2%   +0.0158
    108     18    59.8%      58.8%     62.6%     60.0%   +0.0147
    120     20    62.4%      60.8%     65.2%     61.4%   +0.0196
    144     24    65.2%      62.8%     69.6%     63.6%   +0.0330
    168     28    64.2%      63.4%     68.8%     61.0%   +0.0346
    200     33    61.0%      61.4%     70.2%     60.8%   +0.0338
    240     40    59.4%      58.2%     70.8%     58.8%   +0.0274
    300     50    58.0%      56.6%     70.8%     58.8%   +0.0322
    360     60    58.4%      59.0%     75.6%     58.2%   +0.0323
    500     83    55.0%      56.4%     75.2%     56.4%   +0.0177
    720    120    52.8%      53.8%     76.0%     56.6%   +0.0179

             METRIC   wins/16     binom p       verdict
  -------------------------------------------------------
     P(Sharpe+)>50%     16/16    0.000015    PROVEN ***
       P(CAGR+)>50%     16/16    0.000015    PROVEN ***
        P(MDD-)>50%     16/16    0.000015    PROVEN ***
        P(NAV+)>50%     16/16    0.000015    PROVEN ***

  ────────────────────────────────────────────────────────────
  EMA(378) = 63 days
  ────────────────────────────────────────────────────────────

     sp   days   P(Sh+)   P(CAGR+)   P(MDD-)   P(NAV+)    medΔSh
  ------------------------------------------------------------
     30      5    54.2%      57.8%     76.2%     56.6%   +0.0186
     48      8    50.8%      52.4%     70.2%     52.0%   +0.0057
     60     10    45.6%      46.0%     66.2%     47.0%   -0.0200
     72     12    45.2%      43.6%     62.4%     46.8%   -0.0194
     84     14    45.0%      46.2%     62.6%     45.4%   -0.0192
     96     16    47.6%      48.6%     61.0%     47.0%   -0.0067
    108     18    49.2%      49.4%     61.2%     48.0%   -0.0018
    120     20    51.4%      51.2%     64.2%     50.6%   +0.0034
    144     24    55.8%      55.6%     63.0%     53.6%   +0.0189
    168     28    55.0%      54.0%     64.4%     54.0%   +0.0103
    200     33    58.0%      57.6%     64.6%     58.4%   +0.0151
    240     40    59.6%      61.0%     64.6%     62.4%   +0.0226
    300     50    58.2%      60.0%     64.2%     60.6%   +0.0256
    360     60    58.0%      58.6%     67.0%     59.6%   +0.0238
    500     83    53.8%      56.0%     66.2%     56.6%   +0.0208
    720    120    51.4%      51.6%     68.8%     55.4%   +0.0044

             METRIC   wins/16     binom p       verdict
  -------------------------------------------------------
     P(Sharpe+)>50%     11/16    0.105057       NOT SIG
       P(CAGR+)>50%     11/16    0.105057       NOT SIG
        P(MDD-)>50%     16/16    0.000015    PROVEN ***
        P(NAV+)>50%     11/16    0.105057       NOT SIG

  ────────────────────────────────────────────────────────────
  EMA(756) = 126 days
  ────────────────────────────────────────────────────────────

     sp   days   P(Sh+)   P(CAGR+)   P(MDD-)   P(NAV+)    medΔSh
  ------------------------------------------------------------
     30      5    48.2%      52.2%     73.6%     49.4%   -0.0106
     48      8    43.6%      46.4%     70.6%     44.4%   -0.0230
     60     10    42.4%      43.0%     69.4%     42.6%   -0.0363
     72     12    41.0%      41.2%     66.0%     40.2%   -0.0425
     84     14    40.4%      41.2%     65.2%     40.4%   -0.0416
     96     16    41.0%      40.0%     65.8%     39.8%   -0.0323
    108     18    41.8%      40.4%     64.0%     40.4%   -0.0334
    120     20    42.2%      41.8%     64.0%     42.2%   -0.0293
    144     24    42.4%      43.2%     63.4%     43.6%   -0.0232
    168     28    42.0%      43.8%     63.2%     43.2%   -0.0169
    200     33    45.2%      47.0%     61.2%     48.0%   -0.0139
    240     40    48.2%      49.4%     63.0%     50.8%   -0.0044
    300     50    50.0%      52.6%     64.8%     53.4%   +0.0002
    360     60    52.6%      55.0%     61.6%     56.6%   +0.0040
    500     83    49.8%      51.6%     61.2%     54.4%   -0.0007
    720    120    49.4%      51.8%     60.8%     52.0%   -0.0026

             METRIC   wins/16     binom p       verdict
  -------------------------------------------------------
     P(Sharpe+)>50%      1/16    0.999985       NOT SIG
       P(CAGR+)>50%      5/16    0.961594       NOT SIG
        P(MDD-)>50%     16/16    0.000015    PROVEN ***
        P(NAV+)>50%      5/16    0.961594       NOT SIG

==========================================================================================
OVERALL VERDICT — FINE-GRAINED SWEEP
==========================================================================================

     EMA   days   Sh wins   CAGR wins   MDD wins   NAV wins               verdict
  --------------------------------------------------------------------------------
     126     21     16/16       16/16      16/16      16/16        PROVEN ALL ***
     378     63     11/16       11/16      16/16      11/16              MDD only
     756    126      1/16        5/16      16/16       5/16              MDD only

  PROVEN RANGE: EMA 21d — 21d (1 periods)
  OPTIMAL: EMA(126) = 21d

  Total time: 1647s (27.4 min)
  Saved: /var/www/trading-bots/btc-spot-dev/research/results/ema_regime_21_63_126/ema_regime_fine.json
==========================================================================================
