/var/www/trading-bots/btc-spot-dev/research/monthly_pnl.py:45: UserWarning: Converting to PeriodArray/Index representation will drop timezone information.
  df["ym"] = df["datetime"].dt.to_period("M")
================================================================================
VTREND MONTHLY P&L  (harsh cost, slow=120, trail=3.0, vdo=0.0)
================================================================================
Month           Start NAV      End NAV      P&L $   Return %
------------------------------------------------------------
2017-09         10,030.91     8,575.15  -1,455.76    -14.70%
2017-10          8,575.15    11,680.37   3,105.22     36.21%
2017-11         11,672.92    16,890.52   5,217.60     44.61%
2017-12         16,648.93    17,358.02     709.09      2.77%
2018-01         17,358.02    16,554.69    -803.33     -4.63%
2018-02         16,554.69    15,562.88    -991.81     -5.99%
2018-03         15,606.99    15,255.08    -351.91     -1.98%
2018-04         15,255.08    16,468.51   1,213.43      7.95%
2018-05         15,919.92    15,900.34     -19.57     -3.45%
2018-06         15,900.34    15,900.34       0.00      0.00%
2018-07         15,900.34    16,808.05     907.71      5.71%
2018-08         16,808.05    15,917.64    -890.41     -5.30%
2018-09         16,044.12    14,696.23  -1,347.89     -7.67%
2018-10         14,736.24    13,409.62  -1,326.62     -8.75%
2018-11         13,409.62    13,234.12    -175.51     -1.31%
2018-12         13,234.12    11,937.77  -1,296.35     -9.80%
2019-01         11,937.77    11,860.21     -77.56     -0.65%
2019-02         11,860.21    12,174.82     314.61      2.65%
2019-03         12,212.17    13,108.57     896.40      7.67%
2019-04         13,191.46    16,407.46   3,216.00     25.17%
2019-05         16,494.24    26,314.76   9,820.52     60.38%
2019-06         26,307.84    32,832.22   6,524.38     24.77%
2019-07         33,706.04    29,642.68  -4,063.36     -9.71%
2019-08         29,642.68    29,265.92    -376.76     -1.27%
2019-09         29,265.92    26,998.24  -2,267.68     -7.75%
2019-10         26,998.24    26,670.75    -327.49     -1.21%
2019-11         26,443.98    25,666.76    -777.22     -3.76%
2019-12         25,666.76    24,926.88    -739.88     -2.88%
2020-01         24,926.88    30,067.68   5,140.80     20.62%
2020-02         30,323.06    28,589.18  -1,733.88     -4.92%
2020-03         28,589.18    28,589.18       0.00      0.00%
2020-04         28,589.18    33,058.71   4,469.53     15.63%
2020-05         33,270.98    32,086.54  -1,184.44     -2.94%
2020-06         32,451.68    28,730.96  -3,720.72    -10.46%
2020-07         28,730.96    31,950.91   3,219.95     11.21%
2020-08         32,037.45    30,944.66  -1,092.79     -3.15%
2020-09         31,056.17    28,791.69  -2,264.48     -6.96%
2020-10         28,849.38    34,023.40   5,174.02     18.17%
2020-11         33,774.25    50,673.07  16,898.82     48.94%
2020-12         49,962.65    76,103.95  26,141.30     50.19%
2021-01         77,037.42    80,209.97   3,172.56      5.40%
2021-02         80,209.97   103,526.22  23,316.24     29.07%
2021-03        103,526.22   110,893.05   7,366.83      7.12%
2021-04        111,607.54   111,295.67    -311.87      0.36%
2021-05        111,295.67    98,937.21 -12,358.45    -11.10%
2021-06         98,937.21    98,937.21       0.00      0.00%
2021-07         98,937.21   118,953.35  20,016.14     20.23%
2021-08        121,745.73   136,931.41  15,185.67     15.11%
2021-09        136,765.00   126,098.71 -10,666.29     -7.91%
2021-10        126,098.71   160,440.33  34,341.62     27.23%
2021-11        156,836.77   153,527.91  -3,308.86     -4.31%
2021-12        153,527.91   148,330.23  -5,197.67     -3.39%
2022-01        148,330.23   148,330.23       0.00      0.00%
2022-02        148,330.23   146,763.95  -1,566.28     -1.06%
2022-03        146,763.95   151,369.06   4,605.12      3.14%
2022-04        151,369.06   137,831.81 -13,537.25     -8.94%
2022-05        137,831.81   137,831.81       0.00      0.00%
2022-06        137,831.81   137,831.81       0.00      0.00%
2022-07        137,831.81   140,909.84   3,078.02      2.23%
2022-08        141,407.70   127,517.41 -13,890.29     -9.50%
2022-09        127,517.41   118,230.25  -9,287.16     -7.28%
2022-10        118,230.25   114,116.61  -4,113.64     -3.48%
2022-11        114,071.11   113,169.99    -901.11     -0.83%
2022-12        113,169.99   110,261.34  -2,908.65     -2.57%
2023-01        110,261.34   145,603.97  35,342.63     32.05%
2023-02        145,635.83   117,044.16 -28,591.66    -19.61%
2023-03        118,559.31   121,857.20   3,297.89      4.11%
2023-04        122,181.43   118,912.69  -3,268.75     -2.42%
2023-05        116,178.57   107,285.28  -8,893.28     -9.78%
2023-06        107,285.28   119,542.91  12,257.62     11.43%
2023-07        119,252.64   111,311.31  -7,941.33     -6.89%
2023-08        111,311.31   111,311.31       0.00      0.00%
2023-09        111,311.31   108,779.91  -2,531.39     -2.27%
2023-10        109,111.55   133,480.08  24,368.53     22.71%
2023-11        132,627.06   134,803.19   2,176.13      0.99%
2023-12        135,943.43   153,441.56  17,498.13     13.83%
2024-01        153,611.79   142,296.24 -11,315.55     -7.26%
2024-02        140,410.27   204,290.95  63,880.69     43.57%
2024-03        204,207.17   191,762.42 -12,444.75     -6.13%
2024-04        189,900.76   169,284.80 -20,615.96    -11.72%
2024-05        169,284.80   171,463.16   2,178.36      1.29%
2024-06        171,908.19   169,976.78  -1,931.41     -0.87%
2024-07        169,976.78   168,720.80  -1,255.98     -0.74%
2024-08        168,720.80   165,263.62  -3,457.18     -2.05%
2024-09        165,263.62   172,014.15   6,750.52      4.08%
2024-10        173,089.48   167,148.63  -5,940.85     -2.83%
2024-11        167,148.63   234,700.08  67,551.44     40.41%
2024-12        234,526.65   242,536.88   8,010.23      3.34%
2025-01        242,536.88   235,728.62  -6,808.26     -2.81%
2025-02        235,313.52   233,395.13  -1,918.39     -0.99%
2025-03        233,395.13   222,644.58 -10,750.55     -4.61%
2025-04        222,644.58   246,276.57  23,631.99     10.61%
2025-05        247,873.40   265,568.77  17,695.37      7.83%
2025-06        265,033.41   260,980.20  -4,053.20     -1.73%
2025-07        261,091.95   265,171.95   4,080.00      1.61%
2025-08        264,509.47   266,263.10   1,753.63      0.41%
2025-09        266,263.10   267,722.11   1,459.01      0.55%
2025-10        267,722.11   245,476.05 -22,246.06     -8.31%
2025-11        245,476.05   245,476.05       0.00      0.00%
2025-12        245,476.05   245,476.05       0.00      0.00%
2026-01        245,476.05   237,768.26  -7,707.79     -3.14%
2026-02        237,768.26   237,768.26       0.00      0.00%

================================================================================
VTREND YEARLY P&L
================================================================================
Year        Start NAV      End NAV        P&L $   Return %
----------------------------------------------------------
2017        10,000.00    17,358.02     7,358.02     73.58%
2018        17,358.02    11,937.77    -5,420.25    -31.23%
2019        11,937.77    24,926.88    12,989.11    108.81%
2020        24,926.88    76,103.95    51,177.07    205.31%
2021        77,037.42   148,330.23    71,292.81     92.54%
2022       148,330.23   110,261.34   -38,068.89    -25.66%
2023       110,261.34   153,441.56    43,180.22     39.16%
2024       153,611.79   242,536.88    88,925.09     57.89%
2025       242,536.88   245,476.05     2,939.17      1.21%
2026       245,476.05   237,768.26    -7,707.79     -3.14%

================================================================================
EXTREMES
================================================================================
Best month:   2019-05  → +60.38%
Worst month:  2023-02  → -19.61%
Positive months: 41/102 (40.2%)
Negative months: 51/102 (50.0%)

Best year:    2020  → +205.31%
Worst year:   2018  → -31.23%

================================================================================
TOTAL
================================================================================
Initial NAV:  $10,000.00
Final NAV:    $237,768.26
Total P&L:    $227,768.26
Total Return: 2,277.68%
Trades:       226
CAGR:         45.08%
Sharpe:       1.077
Max DD:       63.30%

================================================================================
MONTHLY RETURNS HEATMAP (%)
================================================================================
       Jan   Feb  Mar   Apr   May   Jun   Jul   Aug   Sep   Oct   Nov   Dec   YEAR
year                                                                              
2017   NaN   NaN  NaN   NaN   NaN   NaN   NaN   NaN -14.7 +36.2 +44.6  +2.8  +73.6
2018  -4.6  -6.0 -2.0  +8.0  -3.5  +0.0  +5.7  -5.3  -7.7  -8.8  -1.3  -9.8  -31.2
2019  -0.6  +2.7 +7.7 +25.2 +60.4 +24.8  -9.7  -1.3  -7.7  -1.2  -3.8  -2.9 +108.8
2020 +20.6  -4.9 +0.0 +15.6  -2.9 -10.5 +11.2  -3.1  -7.0 +18.2 +48.9 +50.2 +205.3
2021  +5.4 +29.1 +7.1  +0.4 -11.1  +0.0 +20.2 +15.1  -7.9 +27.2  -4.3  -3.4  +92.5
2022  +0.0  -1.1 +3.1  -8.9  +0.0  +0.0  +2.2  -9.5  -7.3  -3.5  -0.8  -2.6  -25.7
2023 +32.1 -19.6 +4.1  -2.4  -9.8 +11.4  -6.9  +0.0  -2.3 +22.7  +1.0 +13.8  +39.2
2024  -7.3 +43.6 -6.1 -11.7  +1.3  -0.9  -0.7  -2.0  +4.1  -2.8 +40.4  +3.3  +57.9
2025  -2.8  -1.0 -4.6 +10.6  +7.8  -1.7  +1.6  +0.4  +0.5  -8.3  +0.0  +0.0   +1.2
2026  -3.1  +0.0  NaN   NaN   NaN   NaN   NaN   NaN   NaN   NaN   NaN   NaN   -3.1
