/var/www/trading-bots/btc-spot-dev/research/multicoin_ema_regime.py:38: UserWarning: Importing from 'research' package — this is research code. For production use, import from the appropriate production module instead (e.g., 'monitoring.regime_monitor').
  from research.lib.vcbb import make_ratios, precompute_vcbb, gen_path_vcbb
MULTI-COIN E0 + EMA REGIME FILTER STUDY
==========================================================================================
  Algorithm: VTREND E0 (slow=120, trail=3.0, vdo_thr=0.0)
  Regime filter: close > EMA(21d) = EMA(126 H4 bars)
  Entry only — does NOT affect exit
  Cost: 50 bps RT. Warmup: 365d.

==========================================================================================
PHASE 1: PER-COIN FULL HISTORY — E0 vs E0+EMA(21d)
==========================================================================================

        Coin                                                                 ΔSh    ΔCAGR    ΔMDD
                           E0                         E0+EMA21          
                  Sh    CAGR    MDD  Trd      Sh    CAGR    MDD  Trd
  ----------------------------------------------------------------------------------------
     BTCUSDT  +1.110  +42.3%  41.5%  223  +1.128  +42.9%  42.0%  200  +0.018    +0.5%   +0.5
     ETHUSDT  +0.947  +42.4%  47.9%  212  +1.056  +50.1%  46.4%  187  +0.109    +7.7%   -1.5
     BNBUSDT  +1.203  +68.4%  59.5%  222  +1.207  +68.5%  58.1%  203  +0.004    +0.1%   -1.4
     SOLUSDT  +0.752  +32.1%  78.1%  148  +0.935  +48.2%  72.6%  129  +0.183   +16.1%   -5.5
     XRPUSDT  +0.332   +0.7%  92.2%  194  +0.400   +5.4%  90.3%  170  +0.068    +4.6%   -1.9
     LTCUSDT  +0.332   +0.9%  89.0%  217  +0.367   +3.6%  87.8%  191  +0.035    +2.6%   -1.2
     ADAUSDT  +0.495  +11.6%  79.1%  194  +0.451   +8.6%  77.2%  179  -0.045    -3.0%   -1.9
    DOGEUSDT  +1.184 +120.4%  79.2%  154  +1.129 +106.6%  86.2%  139  -0.056   -13.9%   +7.0
     TRXUSDT  +0.463  +10.6%  71.2%  245  +0.491  +12.6%  75.0%  219  +0.028    +2.0%   +3.7
    AVAXUSDT  +0.397   +5.4%  70.6%  137  +0.472  +10.8%  64.8%  113  +0.075    +5.3%   -5.9
    LINKUSDT  +0.278   -4.8%  90.7%  211  +0.399   +4.2%  84.6%  177  +0.122    +9.0%   -6.1
     BCHUSDT  +0.303   -0.8%  81.5%  176  +0.304   -0.4%  76.9%  149  +0.001    +0.4%   -4.6
    HBARUSDT  +0.400   +0.8%  88.7%  169  +0.433   +3.7%  88.9%  143  +0.033    +2.9%   +0.2
     XLMUSDT  +0.719  +30.7%  63.3%  193  +0.648  +23.9%  66.7%  160  -0.072    -6.8%   +3.4

  Summary: Sharpe better 11/14, CAGR better 11/14, MDD better 9/14

==========================================================================================
PHASE 2: PER-COIN × 16 TIMESCALES — E0 vs E0+EMA(21d)
==========================================================================================

  ΔSharpe (E0+EMA21 - E0) heatmap:
        Coin    30    48    60    72    84    96   108   120   144   168   200   240   300   360   500   720  wins
  ------------------------------------------------------------------------------------------------------------------
     BTCUSDT +0.253 +0.201 +0.140 +0.092 +0.043 +0.066 +0.020 +0.018 -0.028 -0.057 -0.060 -0.021 +0.104 +0.041 +0.024 +0.129   12/16
     ETHUSDT +0.356 +0.168 +0.128 +0.106 +0.055 +0.065 +0.089 +0.109 +0.173 +0.168 +0.193 +0.175 +0.173 +0.105 -0.002 +0.021   15/16
     BNBUSDT +0.026 -0.006 -0.029 -0.049 -0.003 +0.008 -0.020 +0.004 -0.032 -0.100 -0.097 -0.089 +0.009 -0.041 +0.060 +0.011    6/16
     SOLUSDT +0.052 +0.018 +0.095 +0.175 +0.102 +0.162 +0.152 +0.183 +0.145 +0.085 +0.191 +0.254 +0.201 +0.118 +0.130 +0.284   16/16
     XRPUSDT +0.050 -0.065 -0.013 +0.041 +0.110 +0.070 +0.046 +0.068 +0.074 +0.116 +0.181 +0.189 +0.181 +0.100 +0.010 +0.006   14/16
     LTCUSDT +0.187 +0.157 +0.104 +0.104 +0.118 +0.107 +0.042 +0.035 -0.005 -0.076 -0.091 -0.129 -0.140 -0.090 -0.200 -0.055    8/16
     ADAUSDT +0.321 -0.009 +0.060 +0.043 -0.012 -0.042 -0.050 -0.045 -0.041 -0.006 -0.015 -0.073 -0.033 -0.006 +0.085 +0.066    5/16
    DOGEUSDT +0.111 +0.125 +0.121 -0.054 -0.032 -0.005 +0.011 -0.056 -0.137 -0.090 -0.091 -0.024 -0.046 -0.026 +0.003 +0.110    6/16
     TRXUSDT +0.068 +0.185 +0.064 -0.014 -0.039 -0.079 -0.025 +0.028 +0.009 -0.043 -0.027 -0.044 -0.058 -0.106 -0.174 -0.131    5/16
    AVAXUSDT +0.263 +0.187 +0.027 -0.065 -0.052 +0.019 +0.080 +0.075 +0.189 +0.211 +0.192 +0.173 +0.346 +0.192 +0.224 +0.281   14/16
    LINKUSDT +0.096 +0.168 +0.042 +0.088 +0.025 +0.059 +0.060 +0.121 +0.185 +0.275 +0.376 +0.368 +0.340 +0.336 +0.362 +0.311   16/16
     BCHUSDT -0.005 +0.041 +0.004 -0.040 -0.029 -0.067 +0.012 +0.001 +0.171 +0.142 +0.118 +0.022 +0.161 -0.057 -0.116 -0.011    9/16
    HBARUSDT +0.253 +0.000 -0.071 +0.069 +0.067 +0.074 +0.060 +0.033 +0.003 +0.020 +0.062 +0.067 +0.145 +0.273 +0.281 +0.257   15/16
     XLMUSDT +0.287 +0.214 +0.161 -0.003 -0.002 -0.005 -0.108 -0.072 -0.077 -0.069 -0.022 -0.032 +0.041 +0.030 +0.002 -0.071    6/16

  Coins where EMA21 helps ≥9/16 timescales: 8/14
    BTCUSDT: 12/16
    ETHUSDT: 15/16
    SOLUSDT: 16/16
    XRPUSDT: 14/16
    AVAXUSDT: 14/16
    LINKUSDT: 16/16
    BCHUSDT: 9/16
    HBARUSDT: 15/16

==========================================================================================
PHASE 3: PORTFOLIO SIMULATION — ALIGNED COMMON RANGE
==========================================================================================

  Loading data...
  Common range: 2020-09-22 -> 2026-02-28
  Bars: 11915, Analysis: 9725

        Coin      E0 NAV    Filt NAV     ΔSh    ΔMDD
  --------------------------------------------------
     BTCUSDT    82837.21    84554.20  +0.053   +0.4
     ETHUSDT    75754.58   100419.67  +0.132   -1.8
     BNBUSDT   110253.27   112658.58  +0.053   -1.4
     SOLUSDT   195961.31   345345.84  +0.158   -2.2
     XRPUSDT     8389.46    13320.59  +0.112   -2.4
     LTCUSDT     6117.24     6027.01  +0.002   -1.2
     ADAUSDT    13978.80    11914.51  -0.038   -2.0
    DOGEUSDT   775157.00   550975.86  -0.096   +5.8
     TRXUSDT    20226.78    21208.09  +0.077   +0.5
    AVAXUSDT   176032.50   220311.97  +0.075   -5.9
    LINKUSDT     1843.19     2554.70  +0.124   -5.2
     BCHUSDT     7490.27     7613.84  +0.074   -5.1
    HBARUSDT    10438.69    12195.48  +0.053   -1.9
     XLMUSDT    38784.06    32188.29  -0.123   +3.4

           Portfolio   Sharpe     CAGR     MDD   Calmar     Final NAV
  -----------------------------------------------------------------
         BTC-only E0   +0.636   +15.8%   40.9%   +0.386    1159720.98
     BTC-only +EMA21   +0.689   +17.4%   41.3%   +0.420    1183758.78
          14-coin E0   +0.169    -2.4%   60.9%   -0.039    1523264.35
      14-coin +EMA21   +0.177    -1.0%   61.4%   -0.016    1521288.62
             5-LC E0   +0.307    +4.7%   55.5%   +0.084     473195.83
         5-LC +EMA21   +0.478   +11.5%   53.5%   +0.215     656298.87

  Cross-asset strategy return correlation (N=120, E0+EMA21):
    Mean ρ = 0.344, Median ρ = 0.342, Min = 0.144, Max = 0.602
    K_eff = 9.5, Diversification ratio = 1.60x

==========================================================================================
PHASE 4: BOOTSTRAP BTC — 500 paths × 16 timescales
==========================================================================================
        1/500  (0s, ~0s left)
      100/500  (187s, ~747s left)
      200/500  (365s, ~548s left)
      300/500  (537s, ~358s left)
      400/500  (675s, ~169s left)
      500/500  (876s, ~0s left)

  Done: 877.9s

     sp   days   P(Sh+)   P(CAGR+)   P(MDD-)   P(NAV+)    medΔSh   medE0Sh    medFSh
  --------------------------------------------------------------------------------
     30      5    72.6%      71.4%     78.2%     72.2%   +0.0841   +0.4072   +0.4925
     48      8    65.6%      63.8%     72.0%     66.8%   +0.0367   +0.4739   +0.5062
     60     10    62.4%      60.2%     63.2%     61.2%   +0.0228   +0.4906   +0.5215
     72     12    58.8%      57.4%     59.0%     57.0%   +0.0124   +0.4991   +0.5184
     84     14    57.8%      57.4%     60.2%     58.6%   +0.0087   +0.5144   +0.5234
     96     16    59.6%      58.0%     55.6%     60.6%   +0.0112   +0.5222   +0.5424
    108     18    60.0%      60.2%     59.4%     59.4%   +0.0146   +0.5266   +0.5524
    120     20    60.0%      59.6%     63.0%     60.2%   +0.0200   +0.5328   +0.5651
    144     24    60.4%      57.8%     62.6%     58.2%   +0.0232   +0.5333   +0.5578
    168     28    61.2%      59.8%     67.4%     59.8%   +0.0304   +0.5250   +0.5497
    200     33    60.4%      58.6%     66.2%     60.0%   +0.0330   +0.5124   +0.5502
    240     40    59.8%      57.0%     67.2%     60.0%   +0.0342   +0.4979   +0.5372
    300     50    61.0%      60.4%     72.2%     60.2%   +0.0546   +0.4737   +0.5216
    360     60    61.4%      59.2%     75.0%     58.0%   +0.0539   +0.4621   +0.5195
    500     83    60.0%      58.2%     79.4%     60.4%   +0.0667   +0.4591   +0.4968
    720    120    59.2%      58.8%     79.0%     60.2%   +0.0555   +0.4162   +0.4617

             METRIC   wins/16     binom p       verdict
  -------------------------------------------------------
     P(Sharpe+)>50%     16/16    0.000015    PROVEN ***
       P(CAGR+)>50%     16/16    0.000015    PROVEN ***
        P(MDD-)>50%     16/16    0.000015    PROVEN ***
        P(NAV+)>50%     16/16    0.000015    PROVEN ***

==========================================================================================
OVERALL VERDICT
==========================================================================================

  Per-coin real data (N=120, full history):
    Sharpe improved: 11/14 coins
    CAGR improved:   11/14 coins
    MDD improved:    9/14 coins

  Per-coin timescale robustness:
    Filter helps ≥9/16 timescales: 8/14 coins

  Portfolio (common range, equal-weight):
            14-coin E0: Sh=+0.169  CAGR=-2.4%  MDD=60.9%
        14-coin +EMA21: Sh=+0.177  CAGR=-1.0%  MDD=61.4%
           BTC-only E0: Sh=+0.636  CAGR=+15.8%  MDD=40.9%
       BTC-only +EMA21: Sh=+0.689  CAGR=+17.4%  MDD=41.3%

  Bootstrap BTC (500 paths × 16 timescales):
       P(Sharpe+)>50%: 16/16 → PROVEN ***
         P(CAGR+)>50%: 16/16 → PROVEN ***
          P(MDD-)>50%: 16/16 → PROVEN ***
          P(NAV+)>50%: 16/16 → PROVEN ***

  Total time: 910s (15.2 min)
  Saved: /var/www/trading-bots/btc-spot-dev/research/results/multicoin_ema_regime/multicoin_ema_regime.json
==========================================================================================
