MULTI-COIN: slow=200/fast=50/trail=3.0 vs slow=120/fast=30/trail=3.0
====================================================================================================

====================================================================================================
PHASE 1: PER-COIN FULL HISTORY
====================================================================================================

        Coin    Bars  C200 Sh    CAGR    MDD  Trd  D120 Sh    CAGR    MDD  Trd     ΔSh   ΔCAGR   ΔMDD
  --------------------------------------------------------------------------------------------------
     BTCUSDT   18750   +1.354  +56.6%  41.8%  196   +1.110  +42.3%  41.5%  223  +0.244  +14.3%  +0.3
     ETHUSDT   18690   +0.816  +33.2%  70.7%  201   +0.947  +42.4%  47.9%  212  -0.131   -9.2% +22.8
     BNBUSDT   18206   +1.306  +79.4%  56.7%  208   +1.203  +68.4%  59.5%  222  +0.103  +10.9%  -2.8
     SOLUSDT   12167   +0.797  +36.3%  71.0%  139   +0.752  +32.1%  78.1%  148  +0.045   +4.2%  -7.0
     XRPUSDT   17137   +0.209   -7.3%  90.9%  195   +0.332   +0.7%  92.2%  194  -0.124   -8.1%  -1.4
     LTCUSDT   17984   +0.390   +4.5%  88.4%  190   +0.332   +0.9%  89.0%  217  +0.058   +3.6%  -0.6
     ADAUSDT   17240   +0.552  +15.8%  77.8%  167   +0.495  +11.6%  79.1%  194  +0.057   +4.2%  -1.3
    DOGEUSDT   14581   +1.240 +136.1%  72.0%  141   +1.184 +120.4%  79.2%  154  +0.056  +15.7%  -7.3
     TRXUSDT   16909   +0.610  +20.8%  74.1%  227   +0.463  +10.6%  71.2%  245  +0.146  +10.2%  +2.9
    AVAXUSDT   11915   +0.060  -14.7%  85.3%  125   +0.397   +5.4%  70.6%  137  -0.337  -20.2% +14.7
    LINKUSDT   15599   +0.276   -6.6%  88.4%  189   +0.278   -4.8%  90.7%  211  -0.001   -1.7%  -2.4
     BCHUSDT   13707   +0.246   -4.9%  81.5%  170   +0.303   -0.8%  81.5%  176  -0.057   -4.1%  +0.1
    HBARUSDT   14068   +0.652  +23.3%  80.4%  143   +0.400   +0.8%  88.7%  169  +0.252  +22.5%  -8.3
     XLMUSDT   16975   +0.428   +6.4%  74.4%  179   +0.719  +30.7%  63.3%  193  -0.292  -24.3% +11.1

  C200 wins: Sharpe 8/14, CAGR 8/14, MDD 8/14

====================================================================================================
PHASE 2: ALIGNED COMMON RANGE + PORTFOLIO
====================================================================================================

  Loading data...
  Common range: 2023-01-01 → 2026-02-28
  Bars: 6930, Analysis starts after bar 2190

        Coin  C200 Sh    CAGR    MDD  D120 Sh    CAGR    MDD     ΔSh   ΔMDD
  ---------------------------------------------------------------------------
     BTCUSDT   +0.765  +20.4%  32.2%   +0.863  +23.6%  32.6%  -0.098  -0.4
     ETHUSDT   +0.646  +18.9%  45.7%   +0.758  +24.5%  47.4%  -0.113  -1.7
     BNBUSDT   +0.447  +10.5%  44.4%   +0.245   +1.7%  55.2%  +0.202 -10.8
     SOLUSDT   -0.034  -15.1%  61.2%   +0.069   -9.5%  50.7%  -0.102 +10.5
     XRPUSDT   +0.644  +23.0%  52.5%   +0.293   +0.3%  59.8%  +0.351  -7.3
     LTCUSDT   -0.495  -37.2%  71.5%   -0.742  -45.2%  75.4%  +0.247  -3.9
     ADAUSDT   -0.301  -27.6%  64.1%   -0.152  -21.3%  59.6%  -0.149  +4.6
    DOGEUSDT   +0.363   +2.1%  71.1%   +0.724  +29.8%  58.2%  -0.361 +12.9
     TRXUSDT   +0.702  +24.9%  50.2%   +0.459  +12.1%  59.7%  +0.243  -9.5
    AVAXUSDT   -0.009  -15.9%  57.9%   +0.094  -10.0%  50.8%  -0.103  +7.0
    LINKUSDT   -0.073  -19.3%  58.3%   -0.499  -35.6%  66.2%  +0.426  -7.9
     BCHUSDT   -0.003  -17.3%  70.5%   -0.232  -27.7%  74.2%  +0.229  -3.6
    HBARUSDT   +0.473   +8.8%  67.1%   +0.125  -16.2%  76.7%  +0.349  -9.6
     XLMUSDT   +0.373   +3.0%  74.4%   +0.786  +35.8%  54.9%  -0.413 +19.6

  C200 wins (common range): 7/14 Sharpe

  Portfolio (equal-weight, common range):
                  Portfolio   Sharpe     CAGR     MDD   Calmar
  ------------------------------------------------------------
        BTC-only 200/50/3.0   +0.765   +20.4%   32.2%   +0.633
            5-LC 200/50/3.0   +0.353    +6.4%   41.1%   +0.155
         14-coin 200/50/3.0   +0.132    -1.8%   40.2%   -0.046
        BTC-only 120/30/3.0   +0.863   +23.6%   32.6%   +0.724
            5-LC 120/30/3.0   +0.292    +4.2%   37.9%   +0.111
         14-coin 120/30/3.0   +0.154    -1.1%   40.3%   -0.027

====================================================================================================
PHASE 3: vs BUY & HOLD (common range)
====================================================================================================

        Coin   B&H CAGR   C200 CAGR   D120 CAGR   C200>BH   D120>BH
  -----------------------------------------------------------------
     BTCUSDT     +23.6%      +20.4%      +23.6%        no        no
     ETHUSDT      -6.5%      +18.9%      +24.5%       YES       YES
     BNBUSDT     +37.7%      +10.5%       +1.7%        no        no
     SOLUSDT      -8.9%      -15.1%       -9.5%        no        no
     XRPUSDT     +45.4%      +23.0%       +0.3%        no        no
     LTCUSDT     -12.5%      -37.2%      -45.2%        no        no
     ADAUSDT     -29.3%      -27.6%      -21.3%       YES       YES
    DOGEUSDT      +2.5%       +2.1%      +29.8%        no       YES
     TRXUSDT     +56.4%      +24.9%      +12.1%        no        no
    AVAXUSDT     -48.5%      -15.9%      -10.0%       YES       YES
    LINKUSDT     -21.5%      -19.3%      -35.6%       YES        no
     BCHUSDT     +30.3%      -17.3%      -27.7%        no        no
    HBARUSDT      +8.0%       +8.8%      -16.2%       YES        no
     XLMUSDT     +10.4%       +3.0%      +35.8%        no       YES

  Beats Buy&Hold: C200 = 5/14, D120 = 5/14

  Total time: 7s (0.1 min)
  Saved: /var/www/trading-bots/btc-spot-dev/research/results/multicoin_200v120/multicoin_200v120.json
====================================================================================================
