MULTI-COIN EXIT VARIANTS: E0 / E5 / E6 / E7
==========================================================================================
  N=120 (fast=30), trail=3.0, cost=50bps RT, warmup=365d
  E5: robust ATR (cap_q=0.90, cap_lb=100, period=20)
  E6: E0 + staleness (sb=24, mt=3.0)
  E7: E5 + staleness (sb=24, mt=3.0)
  Coins: 14

  Loading coins and running simulations...
       BTCUSDT:  18750 bars (2017-08-17 → 2026-03-10)
       ETHUSDT:  18690 bars (2017-08-17 → 2026-02-28)
       BNBUSDT:  18206 bars (2017-11-06 → 2026-02-28)
       SOLUSDT:  12167 bars (2020-08-11 → 2026-02-28)
       XRPUSDT:  17137 bars (2018-05-04 → 2026-02-28)
       LTCUSDT:  17984 bars (2017-12-13 → 2026-02-28)
       ADAUSDT:  17240 bars (2018-04-17 → 2026-02-28)
      DOGEUSDT:  14581 bars (2019-07-05 → 2026-02-28)
       TRXUSDT:  16909 bars (2018-06-11 → 2026-02-28)
      AVAXUSDT:  11915 bars (2020-09-22 → 2026-02-28)
      LINKUSDT:  15599 bars (2019-01-16 → 2026-02-28)
       BCHUSDT:  13707 bars (2019-11-28 → 2026-02-28)
      HBARUSDT:  14068 bars (2019-09-29 → 2026-02-28)
       XLMUSDT:  16975 bars (2018-05-31 → 2026-02-28)

==========================================================================================
SHARPE RATIO BY COIN × EXIT VARIANT
==========================================================================================
        Coin    Bars        E0        E5        E6        E7  Best    ΔE5-E0    ΔE7-E0
  --------------------------------------------------------------------------------
     BTCUSDT   18750    +1.110    +1.204    +1.066    +1.164    E5   +0.0944   +0.0538
     ETHUSDT   18690    +0.947    +1.045    +0.942    +1.019    E5   +0.0981   +0.0718
     BNBUSDT   18206    +1.203    +1.077    +1.216    +1.109    E6   -0.1258   -0.0939
     SOLUSDT   12167    +0.752    +0.619    +0.734    +0.631    E0   -0.1328   -0.1209
     XRPUSDT   17137    +0.332    +0.078    +0.312    +0.064    E0   -0.2541   -0.2681
     LTCUSDT   17984    +0.332    +0.121    +0.295    +0.140    E0   -0.2112   -0.1923
     ADAUSDT   17240    +0.495    +0.396    +0.526    +0.369    E6   -0.0994   -0.1261
    DOGEUSDT   14581    +1.184    +0.977    +1.223    +1.017    E6   -0.2074   -0.1675
     TRXUSDT   16909    +0.463    +0.429    +0.460    +0.434    E0   -0.0344   -0.0295
    AVAXUSDT   11915    +0.397    +0.178    +0.420    +0.253    E6   -0.2188   -0.1437
    LINKUSDT   15599    +0.278    +0.014    +0.260    +0.018    E0   -0.2638   -0.2598
     BCHUSDT   13707    +0.303    +0.324    +0.295    +0.310    E5   +0.0213   +0.0067
    HBARUSDT   14068    +0.400    +0.308    +0.400    +0.313    E6   -0.0922   -0.0871
     XLMUSDT   16975    +0.719    +0.366    +0.721    +0.366    E6   -0.3538   -0.3534

==========================================================================================
CAGR (%) BY COIN × EXIT VARIANT
==========================================================================================
        Coin         E0         E5         E6         E7  Best    ΔE5-E0    ΔE7-E0
  -----------------------------------------------------------------
     BTCUSDT     +42.3%     +46.8%     +39.7%     +44.4%    E5     +4.5pp     +2.0pp
     ETHUSDT     +42.4%     +48.9%     +42.0%     +46.9%    E5     +6.5pp     +4.5pp
     BNBUSDT     +68.4%     +56.1%     +69.5%     +58.8%    E6    -12.3pp     -9.7pp
     SOLUSDT     +32.1%     +21.3%     +30.5%     +22.3%    E0    -10.8pp     -9.8pp
     XRPUSDT      +0.7%     -12.6%      -0.5%     -13.4%    E0    -13.4pp    -14.1pp
     LTCUSDT      +0.9%     -11.4%      -1.4%     -10.3%    E0    -12.3pp    -11.3pp
     ADAUSDT     +11.6%      +4.9%     +13.9%      +3.2%    E6     -6.6pp     -8.4pp
    DOGEUSDT    +120.4%     +75.7%    +130.2%     +83.4%    E6    -44.7pp    -37.1pp
     TRXUSDT     +10.6%      +8.7%     +10.4%      +9.0%    E0     -1.9pp     -1.6pp
    AVAXUSDT      +5.4%      -7.8%      +7.1%      -3.4%    E6    -13.2pp     -8.8pp
    LINKUSDT      -4.8%     -19.9%      -5.9%     -19.6%    E0    -15.0pp    -14.8pp
     BCHUSDT      -0.8%      +0.9%      -1.3%      -0.0%    E5     +1.7pp     +0.8pp
    HBARUSDT      +0.8%      -5.7%      +0.8%      -5.3%    E6     -6.5pp     -6.1pp
     XLMUSDT     +30.7%      +3.0%     +30.8%      +3.1%    E6    -27.7pp    -27.6pp

==========================================================================================
MAX DRAWDOWN (%) BY COIN × EXIT VARIANT
==========================================================================================
        Coin       E0       E5       E6       E7  Best    ΔE5-E0    ΔE7-E0
  ------------------------------------------------------------
     BTCUSDT    41.5%    40.3%    42.0%    41.9%    E5     -1.3pp     +0.4pp
     ETHUSDT    47.9%    49.3%    47.9%    48.8%    E0     +1.5pp     +0.9pp
     BNBUSDT    59.5%    65.7%    54.3%    65.0%    E6     +6.2pp     +5.5pp
     SOLUSDT    78.1%    80.1%    78.3%    80.1%    E0     +2.0pp     +2.0pp
     XRPUSDT    92.2%    93.1%    92.1%    93.1%    E6     +0.9pp     +0.9pp
     LTCUSDT    89.0%    94.0%    88.6%    93.2%    E6     +5.0pp     +4.3pp
     ADAUSDT    79.1%    86.0%    77.0%    86.2%    E6     +6.9pp     +7.2pp
    DOGEUSDT    79.2%    89.0%    75.2%    87.6%    E6     +9.7pp     +8.4pp
     TRXUSDT    71.2%    71.0%    71.5%    71.3%    E5     -0.3pp     +0.0pp
    AVAXUSDT    70.6%    71.5%    67.8%    67.9%    E6     +0.9pp     -2.7pp
    LINKUSDT    90.7%    93.3%    91.7%    93.5%    E0     +2.6pp     +2.8pp
     BCHUSDT    81.5%    84.4%    79.6%    83.7%    E6     +2.9pp     +2.2pp
    HBARUSDT    88.7%    89.4%    88.1%    88.7%    E6     +0.7pp     -0.0pp
     XLMUSDT    63.3%    77.8%    64.9%    77.8%    E0    +14.4pp    +14.5pp

==========================================================================================
TRADE COUNT BY COIN × EXIT VARIANT
==========================================================================================
        Coin      E0      E5      E6      E7
  --------------------------------------
     BTCUSDT     223     240     236     251
     ETHUSDT     212     237     223     246
     BNBUSDT     222     250     242     261
     SOLUSDT     148     167     158     172
     XRPUSDT     194     222     204     228
     LTCUSDT     217     247     227     251
     ADAUSDT     194     220     200     224
    DOGEUSDT     154     189     160     192
     TRXUSDT     245     276     254     279
    AVAXUSDT     137     161     147     162
    LINKUSDT     211     239     220     243
     BCHUSDT     176     191     182     197
    HBARUSDT     169     186     174     189
     XLMUSDT     193     230     203     235

==========================================================================================
SUMMARY: CROSS-COIN CONSISTENCY
==========================================================================================

  E0:
    Sharpe: med=+0.479, mean=+0.637, positive: 14/14
    CAGR:   med=+11.1%, mean=+25.8%, positive: 12/14
    MDD:    med=78.6%, mean=73.8%

  E5:
    Sharpe: med=+0.381, mean=+0.510, positive: 14/14
    CAGR:   med=+4.0%, mean=+14.9%, positive: 9/14
    MDD:    med=82.2%, mean=77.5%

  E6:
    Sharpe: med=+0.493, mean=+0.634, positive: 14/14
    CAGR:   med=+12.1%, mean=+26.1%, positive: 10/14
    MDD:    med=76.1%, mean=72.8%

  E7:
    Sharpe: med=+0.368, mean=+0.515, positive: 14/14
    CAGR:   med=+3.1%, mean=+15.6%, positive: 8/14
    MDD:    med=81.9%, mean=77.0%

==========================================================================================
PAIRWISE: VARIANT WINS PER COIN (on Sharpe)
==========================================================================================
  E5 > E0: 3/14 coins
  E6 > E0: 6/14 coins
  E7 > E0: 3/14 coins
  E7 > E5: 9/14 coins

  Best variant per coin (Sharpe):
       BTCUSDT: E5 (Sharpe=+1.204)
       ETHUSDT: E5 (Sharpe=+1.045)
       BNBUSDT: E6 (Sharpe=+1.216)
       SOLUSDT: E0 (Sharpe=+0.752)
       XRPUSDT: E0 (Sharpe=+0.332)
       LTCUSDT: E0 (Sharpe=+0.332)
       ADAUSDT: E6 (Sharpe=+0.526)
      DOGEUSDT: E6 (Sharpe=+1.223)
       TRXUSDT: E0 (Sharpe=+0.463)
      AVAXUSDT: E6 (Sharpe=+0.420)
      LINKUSDT: E0 (Sharpe=+0.278)
       BCHUSDT: E5 (Sharpe=+0.324)
      HBARUSDT: E6 (Sharpe=+0.400)
       XLMUSDT: E6 (Sharpe=+0.721)

==========================================================================================
E5 MDD ADVANTAGE (robust ATR = PROVEN MDD reduction on BTC)
==========================================================================================
  E5 lower MDD: 2/14 coins
       BTCUSDT: E0=41.5%, E5=40.3%, Δ=-1.3pp +
       ETHUSDT: E0=47.9%, E5=49.3%, Δ=+1.5pp
       BNBUSDT: E0=59.5%, E5=65.7%, Δ=+6.2pp
       SOLUSDT: E0=78.1%, E5=80.1%, Δ=+2.0pp
       XRPUSDT: E0=92.2%, E5=93.1%, Δ=+0.9pp
       LTCUSDT: E0=89.0%, E5=94.0%, Δ=+5.0pp
       ADAUSDT: E0=79.1%, E5=86.0%, Δ=+6.9pp
      DOGEUSDT: E0=79.2%, E5=89.0%, Δ=+9.7pp
       TRXUSDT: E0=71.2%, E5=71.0%, Δ=-0.3pp +
      AVAXUSDT: E0=70.6%, E5=71.5%, Δ=+0.9pp
      LINKUSDT: E0=90.7%, E5=93.3%, Δ=+2.6pp
       BCHUSDT: E0=81.5%, E5=84.4%, Δ=+2.9pp
      HBARUSDT: E0=88.7%, E5=89.4%, Δ=+0.7pp
       XLMUSDT: E0=63.3%, E5=77.8%, Δ=+14.4pp

  Total time: 23.1s
  Saved: /var/www/trading-bots/btc-spot-dev/research/results/multicoin_exit_variants/multicoin_exit_variants.json
==========================================================================================
