======================================================================
PE STUDY V2 — COMPREHENSIVE DEEP ANALYSIS
======================================================================
  Period: 2019-01-01 -> 2026-02-20   Warmup: 365d
  Cost: harsh (50 bps RT)
  Bootstrap: 2000 paths, block=60, seed=42

  Tests:
    1. VDO vs PE overlap analysis
    2. Component decomposition (CLV, BODY, zDV)
    3. PE* = BODY × max(0,zDV) — de-overlapped
    4. Entry window (PE only near EMA crossover)
    5. Q70 with 300-bar quantile window
    6. Multi-timescale consistency check
    7. Full 2000-path bootstrap on all promising variants

Loading data...
  17838 H4 bars, warmup idx=2190, trading=15648 bars

======================================================================
ANALYSIS 1: VDO vs PE OVERLAP
======================================================================

  Valid bars for correlation: 15648/15648

  VDO vs PE   : Pearson r=+0.1441  Spearman ρ=+0.1357 (p=0.0000)
  VDO vs CLV+ : Pearson r=+0.1264  Spearman ρ=+0.1364 (p=0.0000)
  VDO vs BODY : Pearson r=+0.0197  Spearman ρ=+0.0152 (p=0.0576)
  VDO vs zDV+ : Pearson r=+0.0210  Spearman ρ=+0.0282 (p=0.0004)

  Signal agreement (trading period, 15648 bars):
    VDO>0 AND PE>0:   2487 ( 15.9%)
    VDO>0, PE=0:      5391 ( 34.5%)
    VDO=0, PE>0:      1733 ( 11.1%)
    Both ≤ 0:         6037 ( 38.6%)

  When VDO > 0 (7878 bars):
    P(CLV>0 | VDO>0) = 59.6%
    P(BODY>0.35 | VDO>0) = 55.8%
    P(zDV>0 | VDO>0) = 51.5%

======================================================================
ANALYSIS 2: COMPONENT DECOMPOSITION (REAL DATA)
======================================================================
  Each component tested as standalone filter on VTREND entry

  Variant                           CAGR    MDD  Sharpe  Calmar   Tr
  ----------------------------------------------------------------------
  VTREND (baseline)               +52.7%  41.5% +1.276 +1.268  211
  V+CLV>0.25                      +48.8%  43.5% +1.221 +1.123  199
  V+CLV>0.50                      +46.0%  45.9% +1.182 +1.001  189
  V+BODY>0.25                     +48.6%  45.2% +1.214 +1.075  207
  V+BODY>0.40                     +44.3%  47.2% +1.144 +0.939  200
  V+zDV>0                         +45.5%  47.1% +1.168 +0.965  192
  V+zDV>0.5                       +44.7%  45.0% +1.175 +0.995  173
  V+zDV>1.0                       +44.0%  41.0% +1.194 +1.072  144

  V+PE Q70(120)                   +44.6%  47.1% +1.169 +0.947  175
  V+PE Q70(300)                   +44.1%  47.8% +1.159 +0.923  178
  V+PE Q90(120)                   +49.0%  35.7% +1.314 +1.372  143
  V+PE Q90(300)                   +47.3%  38.1% +1.263 +1.244  141
  V+PE* Q70(120)                  +51.5%  42.9% +1.305 +1.201  170
  V+PE* Q70(300)                  +48.5%  37.0% +1.249 +1.311  168
  V+PE* Q90(120)                  +57.5%  36.8% +1.528 +1.560  123
  V+PE* Q90(300)                  +53.7%  35.8% +1.442 +1.500  120

  V+PE WIN(3) Q70(300)            +54.0%  43.3% +1.304 +1.248  202
  V+PE* WIN(3) Q70(300)           +54.2%  43.3% +1.309 +1.253  203
  V+PE WIN(6) Q70(300)            +49.2%  43.6% +1.225 +1.128  201
  V+PE* WIN(6) Q70(300)           +53.3%  43.6% +1.295 +1.221  201
  V+PE WIN(12) Q70(300)           +49.2%  45.9% +1.228 +1.073  199
  V+PE* WIN(12) Q70(300)          +50.2%  43.1% +1.245 +1.164  200

  Cross window coverage: 846 bars in window (5.4% of trading bars)

======================================================================
ANALYSIS 4: PE FILTER ACROSS EMA TIMESCALES (REAL DATA)
======================================================================
  Does PE help consistently, or only at specific N?

     N   VTREND Sh   V+PE(90/120) Sh     ΔSh   V+PE*(70/300) Sh     ΔSh
  ---------------------------------------------------------------------------
    60      +0.797            +1.073  +0.276             +0.783  -0.013
    84      +1.129            +1.191  +0.062             +1.096  -0.033
   120      +1.276            +1.314  +0.037             +1.249  -0.028
   168      +1.193            +1.181  -0.012             +1.151  -0.042
   240      +1.227            +1.060  -0.167             +1.168  -0.059
   360      +1.114            +1.087  -0.027             +1.099  -0.015

  PE helps at 3/6 timescales
  PE* helps at 0/6 timescales

======================================================================
ANALYSIS 3: BOOTSTRAP 2000 PATHS — COMPREHENSIVE
======================================================================
        1/2000  (0s, ~0s left)
      200/2000  (175s, ~1577s left)
      400/2000  (352s, ~1407s left)
      600/2000  (528s, ~1232s left)
      800/2000  (703s, ~1055s left)
     1000/2000  (879s, ~879s left)
     1200/2000  (1054s, ~703s left)
     1400/2000  (1230s, ~527s left)
     1600/2000  (1407s, ~352s left)
     1800/2000  (1583s, ~176s left)
     2000/2000  (1758s, ~0s left)

  Done: 1758.8s (13 sims/sec)

======================================================================
BOOTSTRAP DISTRIBUTIONS
======================================================================

  -- vtrend --
    cagr     med=  +9.696  [p5=-15.315, p95=+45.475]  P(>0)=70.9%
    mdd      med= +64.348  [p5=+45.475, p95=+86.773]
    sharpe   med=  +0.432  [p5= -0.237, p95= +1.096]  P(>0)=85.5%
    calmar   med=  +0.158  [p5= -0.188, p95= +0.875]
    trades   med=+230.000  [p5=+205.000, p95=+256.000]

  -- V+PE Q90(120) --
    cagr     med= +10.081  [p5=-12.476, p95=+39.465]  P(>0)=75.8%
    mdd      med= +57.241  [p5=+38.520, p95=+79.689]
    sharpe   med=  +0.452  [p5= -0.248, p95= +1.114]  P(>0)=87.0%
    calmar   med=  +0.179  [p5= -0.168, p95= +0.938]
    trades   med=+146.000  [p5=+126.000, p95=+166.000]

  -- V+PE Q70(300) --
    cagr     med=  +9.203  [p5=-14.123, p95=+42.805]  P(>0)=72.0%
    mdd      med= +61.508  [p5=+42.323, p95=+84.031]
    sharpe   med=  +0.423  [p5= -0.256, p95= +1.098]  P(>0)=85.7%
    calmar   med=  +0.147  [p5= -0.175, p95= +0.872]
    trades   med=+181.000  [p5=+159.000, p95=+203.000]

  -- V+PE Q90(300) --
    cagr     med=  +9.572  [p5=-12.036, p95=+39.492]  P(>0)=75.6%
    mdd      med= +57.243  [p5=+38.134, p95=+79.651]
    sharpe   med=  +0.439  [p5= -0.234, p95= +1.108]  P(>0)=86.8%
    calmar   med=  +0.173  [p5= -0.159, p95= +0.930]
    trades   med=+142.000  [p5=+123.000, p95=+160.000]

  -- V+PE* Q70(300) --
    cagr     med= +10.305  [p5=-12.441, p95=+43.562]  P(>0)=75.2%
    mdd      med= +59.349  [p5=+40.343, p95=+82.125]
    sharpe   med=  +0.453  [p5= -0.217, p95= +1.129]  P(>0)=86.7%
    calmar   med=  +0.177  [p5= -0.165, p95= +0.936]
    trades   med=+172.000  [p5=+151.000, p95=+193.000]

  -- V+PE* Q90(120) --
    cagr     med= +10.386  [p5=-10.610, p95=+37.180]  P(>0)=77.6%
    mdd      med= +53.366  [p5=+35.713, p95=+77.218]
    sharpe   med=  +0.470  [p5= -0.226, p95= +1.099]  P(>0)=86.6%
    calmar   med=  +0.201  [p5= -0.149, p95= +0.921]
    trades   med=+129.000  [p5=+111.000, p95=+147.000]

  -- V+PE* Q90(300) --
    cagr     med= +10.095  [p5= -9.928, p95=+36.787]  P(>0)=78.2%
    mdd      med= +52.414  [p5=+34.733, p95=+75.123]
    sharpe   med=  +0.465  [p5= -0.201, p95= +1.111]  P(>0)=87.4%
    calmar   med=  +0.194  [p5= -0.145, p95= +0.954]
    trades   med=+119.000  [p5=+102.000, p95=+136.000]

  -- V+PE WIN(6) Q70(300) --
    cagr     med=  +9.414  [p5=-14.910, p95=+43.684]  P(>0)=70.9%
    mdd      med= +64.283  [p5=+44.784, p95=+85.920]
    sharpe   med=  +0.427  [p5= -0.236, p95= +1.092]  P(>0)=84.9%
    calmar   med=  +0.152  [p5= -0.186, p95= +0.864]
    trades   med=+223.000  [p5=+199.000, p95=+249.000]

  -- V+PE* WIN(6) Q70(300) --
    cagr     med=  +9.694  [p5=-14.475, p95=+45.113]  P(>0)=71.7%
    mdd      med= +63.647  [p5=+44.496, p95=+86.079]
    sharpe   med=  +0.431  [p5= -0.232, p95= +1.103]  P(>0)=85.8%
    calmar   med=  +0.154  [p5= -0.182, p95= +0.875]
    trades   med=+223.000  [p5=+198.950, p95=+249.000]

  -- V+BODY>0.40 --
    cagr     med=  +8.060  [p5=-15.491, p95=+42.366]  P(>0)=69.2%
    mdd      med= +64.702  [p5=+45.202, p95=+86.097]
    sharpe   med=  +0.395  [p5= -0.264, p95= +1.060]  P(>0)=83.5%
    calmar   med=  +0.126  [p5= -0.191, p95= +0.857]
    trades   med=+216.000  [p5=+192.000, p95=+240.000]

  -- V+zDV>0.5 --
    cagr     med= +10.053  [p5=-12.345, p95=+43.999]  P(>0)=74.7%
    mdd      med= +59.183  [p5=+40.074, p95=+82.104]
    sharpe   med=  +0.446  [p5= -0.208, p95= +1.140]  P(>0)=86.9%
    calmar   med=  +0.171  [p5= -0.158, p95= +0.940]
    trades   med=+172.000  [p5=+150.000, p95=+194.000]

======================================================================
PAIRED COMPARISONS vs VTREND (same 2000 paths)
======================================================================
  P(variant better) > 97.5% = significant at α=0.05

  --- V+PE Q90(120) vs VTREND ---
    Dcagr     mean= +0.0156  P(higher)= 52.2%  95%CI=[-19.6138, +17.7455]
    Dmdd      mean= +7.4599  P(lower )= 78.6%  95%CI=[-12.6157, +26.3940]
    Dsharpe   mean= +0.0221  P(higher)= 54.0%  95%CI=[-0.3937, +0.4495]
    Dcalmar   mean= +0.0297  P(higher)= 57.6%  95%CI=[-0.4067, +0.4813]

  --- V+PE Q70(300) vs VTREND ---
    Dcagr     mean= -0.5101  P(higher)= 47.9%  95%CI=[-14.7817, +12.8621]
    Dmdd      mean= +3.0135  P(lower )= 67.3%  95%CI=[-11.5784, +17.4065]
    Dsharpe   mean= -0.0038  P(higher)= 48.4%  95%CI=[-0.3030, +0.3030]
    Dcalmar   mean= +0.0028  P(higher)= 51.4%  95%CI=[-0.2972, +0.3155]

  --- V+PE Q90(300) vs VTREND ---
    Dcagr     mean= +0.0011  P(higher)= 52.1%  95%CI=[-19.5363, +17.0080]
    Dmdd      mean= +7.3623  P(lower )= 78.0%  95%CI=[-12.7871, +26.5833]
    Dsharpe   mean= +0.0209  P(higher)= 54.2%  95%CI=[-0.3960, +0.4394]
    Dcalmar   mean= +0.0299  P(higher)= 58.0%  95%CI=[-0.3800, +0.4858]

  --- V+PE* Q70(300) vs VTREND ---
    Dcagr     mean= +0.5657  P(higher)= 54.9%  95%CI=[-15.7811, +15.6079]
    Dmdd      mean= +4.8894  P(lower )= 72.5%  95%CI=[-10.3254, +20.6114]
    Dsharpe   mean= +0.0252  P(higher)= 56.0%  95%CI=[-0.3279, +0.3731]
    Dcalmar   mean= +0.0287  P(higher)= 59.2%  95%CI=[-0.3037, +0.4086]

  --- V+PE* Q90(120) vs VTREND ---
    Dcagr     mean= +0.1094  P(higher)= 51.2%  95%CI=[-22.1822, +19.5844]
    Dmdd      mean=+10.5359  P(lower )= 83.8%  95%CI=[-11.8501, +32.4703]
    Dsharpe   mean= +0.0346  P(higher)= 55.0%  95%CI=[-0.4450, +0.5208]
    Dcalmar   mean= +0.0452  P(higher)= 59.2%  95%CI=[-0.4465, +0.5469]

  --- V+PE* Q90(300) vs VTREND ---
    Dcagr     mean= -0.0536  P(higher)= 51.8%  95%CI=[-23.6698, +20.2492]
    Dmdd      mean=+11.5494  P(lower )= 85.8%  95%CI=[-11.9237, +34.6861]
    Dsharpe   mean= +0.0350  P(higher)= 55.1%  95%CI=[-0.4679, +0.5544]
    Dcalmar   mean= +0.0480  P(higher)= 60.3%  95%CI=[-0.4457, +0.5854]

  --- V+PE WIN(6) Q70(300) vs VTREND ---
    Dcagr     mean= -0.1482  P(higher)= 46.6%  95%CI=[-5.4777, +5.2008]
    Dmdd      mean= +0.4167  P(lower )= 52.9%  95%CI=[-6.1768, +7.9463]
    Dsharpe   mean= -0.0016  P(higher)= 46.5%  95%CI=[-0.1120, +0.1216]
    Dcalmar   mean= -0.0014  P(higher)= 48.9%  95%CI=[-0.1282, +0.1245]

  --- V+PE* WIN(6) Q70(300) vs VTREND ---
    Dcagr     mean= +0.1572  P(higher)= 52.9%  95%CI=[-5.5239, +5.9203]
    Dmdd      mean= +0.7699  P(lower )= 58.4%  95%CI=[-5.9611, +8.4628]
    Dsharpe   mean= +0.0049  P(higher)= 53.6%  95%CI=[-0.1221, +0.1338]
    Dcalmar   mean= +0.0054  P(higher)= 53.2%  95%CI=[-0.1249, +0.1439]

  --- V+BODY>0.40 vs VTREND ---
    Dcagr     mean= -1.3121  P(higher)= 36.6%  95%CI=[-9.6444, +6.3212]
    Dmdd      mean= -0.0166  P(lower )= 48.8%  95%CI=[-9.3035, +9.6012]
    Dsharpe   mean= -0.0273  P(higher)= 36.8%  95%CI=[-0.1961, +0.1539]
    Dcalmar   mean= -0.0221  P(higher)= 37.8%  95%CI=[-0.2065, +0.1337]

  --- V+zDV>0.5 vs VTREND ---
    Dcagr     mean= +0.3929  P(higher)= 54.9%  95%CI=[-15.3458, +14.7192]
    Dmdd      mean= +5.0672  P(lower )= 75.0%  95%CI=[-10.9613, +20.6960]
    Dsharpe   mean= +0.0213  P(higher)= 55.5%  95%CI=[-0.3329, +0.3593]
    Dcalmar   mean= +0.0270  P(higher)= 59.1%  95%CI=[-0.3075, +0.4028]


======================================================================
FINAL SUMMARY
======================================================================

  V1 best: V+PE-ADD P90, P(MDD lower)=78.6%
  V2 best: V+PE* Q90(300), mdd P=85.8%

  PE helps at 3/6 timescales (real data)
  PE* helps at 0/6 timescales (real data)

  VDO-PE Pearson correlation: 0.1441
  VDO-CLV Pearson correlation: 0.1264

  DETERMINATION: FAIL
  No PE/PE* variant reaches P > 97.5% on any metric. Best: V+PE* Q90(300) mdd P=85.8%
======================================================================

  Results saved to /var/www/trading-bots/btc-spot-dev/research/results/pe_study_v2.json
