======================================================================
PE STUDY — PARTICIPATION-EFFICIENCY INTEGRATION WITH VTREND
======================================================================
  PE = max(0,CLV) × BODY × max(0,zDV)
  Period: 2019-01-01 -> 2026-02-20   Warmup: 365d
  Cost: harsh (50 bps RT)
  Bootstrap: 2000 paths, block=60, seed=42
  PE window: 120, quantile window: 120
  Quantiles tested: [0.5, 0.75, 0.9]

Loading data...
  17838 H4 bars, warmup idx=2190, trading=15648 bars

======================================================================
PE INDICATOR DISTRIBUTION (REAL DATA)
======================================================================

  Trading bars: 15648
  CLV+   zero= 46.2%  | non-zero: p25=0.2444 p50=0.4876 p75=0.7194 p90=0.8681 p95=0.9288
  BODY   zero=  0.0%  | non-zero: p25=0.1997 p50=0.3967 p75=0.6020 p90=0.7564 p95=0.8225
  zDV+   zero= 49.9%  | non-zero: p25=0.3624 p50=0.7850 p75=1.3578 p90=2.0200 p95=2.4273
  PE     zero= 73.0%  | non-zero: p25=0.0228 p50=0.0980 p75=0.3382 p90=0.7659 p95=1.1547

  P(PE > 0) = 27.0%
  P(PE > rolling P50) = 26.9%
  P(PE > rolling P75) = 23.1%
  P(PE > rolling P90) = 10.9%

======================================================================
PHASE 1: REAL DATA COMPARISON (N=120)
======================================================================

  Variant                      CAGR    MDD  Sharpe  Calmar   Tr
  -----------------------------------------------------------------
  VTREND (baseline)          +52.7%  41.5% +1.276 +1.268  211
  V+PE-ADD (P50)             +43.0%  47.1% +1.135 +0.912  181
  V-PE/VDO (P50)             +39.0%  50.2% +1.007 +0.777  234
  V-PE-ENTRY (P50)           -42.7%  99.5% -0.979 -0.430 1700
  V+PE-ADD (P75)             +48.6%  42.2% +1.247 +1.151  170
  V-PE/VDO (P75)             +33.8%  50.9% +0.921 +0.665  231
  V-PE-ENTRY (P75)           -43.5%  99.4% -1.029 -0.438 1630
  V+PE-ADD (P90)             +49.0%  35.7% +1.314 +1.372  143
  V-PE/VDO (P90)             +46.5%  40.5% +1.192 +1.146  185
  V-PE-ENTRY (P90)            -4.6%  85.1% +0.088 -0.054  992
  V+PE-SOFT (PE>0)           +43.0%  47.1% +1.135 +0.912  181

======================================================================
PHASE 2: BOOTSTRAP 2000 PATHS — 9 VARIANTS
======================================================================
        1/2000  (0s, ~0s left)
      200/2000  (93s, ~833s left)
      400/2000  (185s, ~742s left)
      600/2000  (278s, ~649s left)
      800/2000  (371s, ~557s left)
     1000/2000  (464s, ~464s left)
     1200/2000  (556s, ~371s left)
     1400/2000  (649s, ~278s left)
     1600/2000  (742s, ~185s left)
     1800/2000  (835s, ~93s left)
     2000/2000  (928s, ~0s left)

  Done: 928.3s (19 sims/sec)

======================================================================
BOOTSTRAP DISTRIBUTIONS
======================================================================

  -- VTREND --
    cagr     med=  +9.696  [p5=-15.315, p95=+45.475]  P(>0)=70.9%
    mdd      med= +64.348  [p5=+45.475, p95=+86.773]
    sharpe   med=  +0.432  [p5= -0.237, p95= +1.096]  P(>0)=85.5%
    calmar   med=  +0.158  [p5= -0.188, p95= +0.875]
    trades   med=+230.000  [p5=+205.000, p95=+256.000]

  -- V-PE-ADD-P50 --
    cagr     med=  +9.309  [p5=-14.097, p95=+42.679]  P(>0)=72.1%
    mdd      med= +61.560  [p5=+42.230, p95=+83.809]
    sharpe   med=  +0.425  [p5= -0.249, p95= +1.101]  P(>0)=85.6%
    calmar   med=  +0.151  [p5= -0.176, p95= +0.883]
    trades   med=+184.000  [p5=+162.000, p95=+206.000]

  -- V-PE-ADD-P75 --
    cagr     med=  +9.434  [p5=-13.368, p95=+41.703]  P(>0)=71.9%
    mdd      med= +60.831  [p5=+41.580, p95=+83.085]
    sharpe   med=  +0.428  [p5= -0.231, p95= +1.083]  P(>0)=85.2%
    calmar   med=  +0.154  [p5= -0.171, p95= +0.876]
    trades   med=+177.000  [p5=+155.000, p95=+199.000]

  -- V-PE-ADD-P90 --
    cagr     med= +10.081  [p5=-12.476, p95=+39.465]  P(>0)=75.8%
    mdd      med= +57.241  [p5=+38.520, p95=+79.689]
    sharpe   med=  +0.452  [p5= -0.248, p95= +1.114]  P(>0)=87.0%
    calmar   med=  +0.179  [p5= -0.168, p95= +0.938]
    trades   med=+146.000  [p5=+126.000, p95=+166.000]

  -- V-PE-VDO-P50 --
    cagr     med=  +3.744  [p5=-20.390, p95=+38.068]  P(>0)=59.0%
    mdd      med= +70.504  [p5=+48.910, p95=+90.007]
    sharpe   med=  +0.297  [p5= -0.380, p95= +0.967]  P(>0)=75.4%
    calmar   med=  +0.055  [p5= -0.235, p95= +0.712]
    trades   med=+235.000  [p5=+210.000, p95=+261.000]

  -- V-PE-VDO-P75 --
    cagr     med=  +3.710  [p5=-20.231, p95=+37.299]  P(>0)=59.0%
    mdd      med= +69.897  [p5=+48.187, p95=+89.971]
    sharpe   med=  +0.292  [p5= -0.380, p95= +0.964]  P(>0)=75.8%
    calmar   med=  +0.053  [p5= -0.233, p95= +0.689]
    trades   med=+227.000  [p5=+202.000, p95=+252.000]

  -- V-PE-VDO-P90 --
    cagr     med=  +6.319  [p5=-16.732, p95=+37.083]  P(>0)=65.0%
    mdd      med= +64.591  [p5=+43.683, p95=+86.366]
    sharpe   med=  +0.350  [p5= -0.343, p95= +1.000]  P(>0)=80.0%
    calmar   med=  +0.100  [p5= -0.207, p95= +0.748]
    trades   med=+186.000  [p5=+164.000, p95=+207.000]

  -- V-PE-SOFT --
    cagr     med=  +9.309  [p5=-14.097, p95=+42.679]  P(>0)=72.0%
    mdd      med= +61.611  [p5=+42.189, p95=+83.809]
    sharpe   med=  +0.425  [p5= -0.249, p95= +1.101]  P(>0)=85.6%
    calmar   med=  +0.151  [p5= -0.176, p95= +0.880]
    trades   med=+184.000  [p5=+162.000, p95=+206.000]

  -- V-PE-ENTRY-P75 --
    cagr     med= -54.993  [p5=-69.087, p95=-33.293]  P(>0)=0.0%
    mdd      med= +99.775  [p5=+97.231, p95=+99.983]
    sharpe   med=  -1.480  [p5= -2.415, p95= -0.593]  P(>0)=0.3%
    calmar   med=  -0.552  [p5= -0.691, p95= -0.340]
    trades   med=+1562.000  [p5=+1384.950, p95=+1752.000]

======================================================================
PAIRED COMPARISONS vs VTREND (same 2000 paths)
======================================================================
  P(variant better) > 97.5% = significant at α=0.05

  --- V-PE-ADD-P50 vs VTREND ---
    Dcagr     mean= -0.3985  P(higher)= 48.7%  95%CI=[-14.3609, +12.7775]
    Dmdd      mean= +2.9983  P(lower )= 67.0%  95%CI=[-10.9841, +17.1549]
    Dsharpe   mean= -0.0014  P(higher)= 49.1%  95%CI=[-0.2943, +0.3064]
    Dcalmar   mean= +0.0047  P(higher)= 52.1%  95%CI=[-0.2858, +0.3200]

  --- V-PE-ADD-P75 vs VTREND ---
    Dcagr     mean= -0.5700  P(higher)= 48.4%  95%CI=[-15.6128, +13.2682]
    Dmdd      mean= +3.6725  P(lower )= 69.3%  95%CI=[-12.3305, +18.7028]
    Dsharpe   mean= -0.0037  P(higher)= 48.4%  95%CI=[-0.3184, +0.3153]
    Dcalmar   mean= +0.0045  P(higher)= 51.9%  95%CI=[-0.3237, +0.3364]

  --- V-PE-ADD-P90 vs VTREND ---
    Dcagr     mean= +0.0156  P(higher)= 52.2%  95%CI=[-19.6138, +17.7455]
    Dmdd      mean= +7.4599  P(lower )= 78.6%  95%CI=[-12.6157, +26.3940]
    Dsharpe   mean= +0.0221  P(higher)= 54.0%  95%CI=[-0.3937, +0.4495]
    Dcalmar   mean= +0.0297  P(higher)= 57.6%  95%CI=[-0.4067, +0.4813]

  --- V-PE-VDO-P50 vs VTREND ---
    Dcagr     mean= -6.2184  P(higher)= 21.6%  95%CI=[-23.5757, +9.1250]
    Dmdd      mean= -5.1269  P(lower )= 26.8%  95%CI=[-22.6398, +10.9891]
    Dsharpe   mean= -0.1399  P(higher)= 21.6%  95%CI=[-0.4992, +0.2051]
    Dcalmar   mean= -0.1094  P(higher)= 21.4%  95%CI=[-0.5131, +0.1804]

  --- V-PE-VDO-P75 vs VTREND ---
    Dcagr     mean= -6.4169  P(higher)= 21.9%  95%CI=[-24.0915, +9.0351]
    Dmdd      mean= -4.5889  P(lower )= 30.4%  95%CI=[-22.8485, +12.0790]
    Dsharpe   mean= -0.1449  P(higher)= 22.1%  95%CI=[-0.5089, +0.1985]
    Dcalmar   mean= -0.1121  P(higher)= 21.3%  95%CI=[-0.5342, +0.1727]

  --- V-PE-VDO-P90 vs VTREND ---
    Dcagr     mean= -3.9542  P(higher)= 35.2%  95%CI=[-23.6437, +13.9516]
    Dmdd      mean= +0.4566  P(lower )= 51.6%  95%CI=[-19.1130, +19.3146]
    Dsharpe   mean= -0.0871  P(higher)= 34.8%  95%CI=[-0.5023, +0.3418]
    Dcalmar   mean= -0.0622  P(higher)= 37.4%  95%CI=[-0.5035, +0.3076]

  --- V-PE-SOFT vs VTREND ---
    Dcagr     mean= -0.3882  P(higher)= 48.9%  95%CI=[-14.3609, +12.7785]
    Dmdd      mean= +3.0010  P(lower )= 66.9%  95%CI=[-10.9964, +17.0011]
    Dsharpe   mean= -0.0012  P(higher)= 49.1%  95%CI=[-0.2943, +0.3064]
    Dcalmar   mean= +0.0050  P(higher)= 52.3%  95%CI=[-0.2858, +0.3209]

  --- V-PE-ENTRY-P75 vs VTREND ---
    Dcagr     mean=-65.0826  P(higher)=  0.0%  95%CI=[-90.2916, -45.2573]
    Dmdd      mean=-34.3227  P(lower )=  0.0%  95%CI=[-56.1119, -10.7655]
    Dsharpe   mean= -1.9258  P(higher)=  0.0%  95%CI=[-2.6040, -1.2868]
    Dcalmar   mean= -0.7646  P(higher)=  0.0%  95%CI=[-1.4400, -0.4291]


======================================================================
DETERMINATION: FAIL
  No PE variant reaches P > 97.5% on any metric (best: 78.6%)
======================================================================

  Results saved to /var/www/trading-bots/btc-spot-dev/research/results/pe_study.json
