======================================================================
HƯỚNG A: POSITION SIZING ANALYSIS
======================================================================
  Period: 2019-01-01 → 2026-02-20   Warmup: 365d
  Cost: harsh (50 bps RT)
  Bootstrap: 2000 paths, block=60

Loading data...
  17838 H4 bars, warmup idx=2190, trading=15648 bars

======================================================================
PART A1: KELLY CRITERION ESTIMATION
======================================================================

  Per-trade return distribution (189 trades):
    Win rate     : 38.1%  (72 wins, 117 losses)
    Mean return  : +2.14%
    Median return: -1.04%
    Std return   : 11.47%
    Avg win      : +10.68%
    Avg loss     : -3.12%
    Payoff ratio : 3.42
    Min return   : -12.87%
    Max return   : 87.37%

  Bernoulli Kelly: f* = 0.200
  Empirical Kelly: f* = 2.000  (growth rate = 0.024418 per trade)

  Growth rate g(f) at selected fractions:
         f        g(f)    ann_g%
     0.100    0.002069    +5.48%
     0.200    0.004013   +10.62%
     0.250    0.004942   +13.08%
     0.300    0.005843   +15.47%
     0.400    0.007565   +20.02%
     0.500    0.009187   +24.32%
     2.000    0.024418   +64.64% *Kelly*
     0.750    0.012842   +33.99%
     1.000    0.015986   +42.32%
     1.500    0.020955   +55.47%

  Recommended fractions:
    Full Kelly   : f = 2.000
    Half Kelly   : f = 1.000
    Quarter Kelly: f = 0.500

======================================================================
PART A2: FIXED FRACTION SWEEP (real data)
======================================================================

    frac     CAGR     MDD   Sharpe   Calmar    GeoGr   MinNAV  Trades
  --------------------------------------------------------------------
   0.100    +5.6%    5.9%     1.25    0.958    +5.5%    99.7%    211
   0.150    +8.4%    8.6%     1.25    0.980    +8.1%    99.6%    211
   0.200   +11.2%   11.2%     1.26    1.001   +10.6%    99.5%    211
   0.250   +14.0%   13.7%     1.26    1.021   +13.1%    99.3%    211
   0.300   +16.7%   16.1%     1.26    1.041   +15.5%    99.2%    211
   0.400   +22.2%   20.5%     1.27    1.080   +20.0%    98.9%    211
   0.500   +27.5%   24.7%     1.27    1.116   +24.3%    98.6%    211 ←¼K
   0.600   +32.8%   28.5%     1.27    1.151   +28.4%    98.4%    211
   0.800   +43.0%   35.4%     1.28    1.214   +35.8%    97.8%    211
   1.000   +52.7%   41.5%     1.28    1.268   +42.3%    97.3%    211 ←½K
   2.000   +90.9%   69.1%     1.26    1.315   +64.6%    94.6%    211 ←Kelly

  Optimal fractions:
    Best Calmar  : f = 2.000 (Calmar = 1.315)
    Best Sharpe  : f = 0.800 (Sharpe = 1.28)
    Best GeoGrowth: f = 2.000 (geo = +64.6%)
    Lowest MDD   : f = 0.100 (MDD = 5.9%)

======================================================================
PART A3: VOLATILITY TARGETING (real data)
======================================================================

  Realized annual vol distribution (H4, 60-bar rolling):
    p5=25.3%  p25=37.3%  p50=51.3%  p75=69.1%  p95=110.1%
    mean=57.6%  min=11.5%  max=242.8%

   target   avgF     CAGR     MDD   Sharpe   Calmar    GeoGr   MinNAV  Trades
  --------------------------------------------------------------------------
     10%   0.22   +15.7%   10.2%     1.52    1.539   +14.6%    99.3%    210
     15%   0.34   +23.4%   14.5%     1.53    1.609   +21.0%    99.0%    210
     20%   0.44   +29.5%   18.9%     1.50    1.558   +25.8%    98.7%    210
     25%   0.55   +34.1%   23.1%     1.46    1.477   +29.4%    98.3%    210
     30%   0.64   +38.0%   26.8%     1.43    1.419   +32.2%    98.0%    210
     40%   0.78   +43.4%   32.9%     1.37    1.319   +36.1%    97.5%    210
     50%   0.87   +46.9%   37.8%     1.33    1.242   +38.5%    97.3%    210
    f=1.0   1.00   +52.7%   41.5%     1.28    1.268   +42.3%    97.3%    211  ←baseline

  Optimal vol targets:
    Best Calmar  : σ_target = 15% (Calmar = 1.609)
    Best Sharpe  : σ_target = 15% (Sharpe = 1.53)
    Best GeoGrowth: σ_target = 50% (geo = +38.5%)

======================================================================
PART A4: BOOTSTRAP ROBUSTNESS (2000 paths)
======================================================================

  Testing 8 variants on 2000 bootstrap paths:
    f=1.00 (fixed fraction=1.000)
    f=0.50 (fixed fraction=0.500)
    f=0.30 (fixed fraction=0.300)
    f=0.20 (fixed fraction=0.200)
    f=Kelly(2.00) (fixed fraction=2.000)
    vol=15% (vol-target=15%)
    vol=20% (vol-target=20%)
    vol=30% (vol-target=30%)
        1/2000  (0s, ~0s left)
      200/2000  (30s, ~273s left)
      400/2000  (62s, ~250s left)
      600/2000  (95s, ~222s left)
      800/2000  (128s, ~192s left)
     1000/2000  (162s, ~162s left)
     1200/2000  (195s, ~130s left)
     1400/2000  (228s, ~98s left)
     1600/2000  (262s, ~65s left)
     1800/2000  (295s, ~33s left)
     2000/2000  (328s, ~0s left)

  Done: 328.6s (6.1 paths/sec)

----------------------------------------------------------------------
BOOTSTRAP DISTRIBUTIONS
----------------------------------------------------------------------

  ── f=1.00 ──
    cagr          med=   +9.70  [p5= -15.32, p95= +45.47]
    mdd           med=  +64.35  [p5= +45.48, p95= +86.77]
    sharpe        med=   +0.43  [p5=  -0.24, p95=  +1.10]
    calmar        med=   +0.16  [p5=  -0.19, p95=  +0.88]
    geo_growth    med=   +9.25  [p5= -16.62, p95= +37.48]
    min_nav_pct   med=  +63.48  [p5= +19.46, p95= +97.69]

  ── f=0.50 ──
    cagr          med=   +7.25  [p5=  -6.30, p95= +24.48]
    mdd           med=  +38.90  [p5= +25.66, p95= +61.43]
    sharpe        med=   +0.44  [p5=  -0.23, p95=  +1.11]
    calmar        med=   +0.19  [p5=  -0.11, p95=  +0.83]
    geo_growth    med=   +7.00  [p5=  -6.50, p95= +21.90]
    min_nav_pct   med=  +82.82  [p5= +47.87, p95= +99.08]

  ── f=0.30 ──
    cagr          med=   +4.92  [p5=  -3.44, p95= +14.94]
    mdd           med=  +25.15  [p5= +16.18, p95= +42.53]
    sharpe        med=   +0.45  [p5=  -0.22, p95=  +1.11]
    calmar        med=   +0.20  [p5=  -0.09, p95=  +0.80]
    geo_growth    med=   +4.80  [p5=  -3.50, p95= +13.92]
    min_nav_pct   med=  +90.07  [p5= +65.62, p95= +99.56]

  ── f=0.20 ──
    cagr          med=   +3.46  [p5=  -2.15, p95= +10.05]
    mdd           med=  +17.44  [p5= +11.03, p95= +30.51]
    sharpe        med=   +0.45  [p5=  -0.22, p95=  +1.11]
    calmar        med=   +0.20  [p5=  -0.08, p95=  +0.78]
    geo_growth    med=   +3.40  [p5=  -2.17, p95=  +9.57]
    min_nav_pct   med=  +93.51  [p5= +76.01, p95= +99.72]

  ── f=Kelly(2.00) ──
    cagr          med=   +2.31  [p5= -37.68, p95= +72.07]
    mdd           med=  +90.48  [p5= +72.47, p95= +98.94]
    sharpe        med=   +0.41  [p5=  -0.27, p95=  +1.07]
    calmar        med=   +0.03  [p5=  -0.38, p95=  +0.89]
    geo_growth    med=   +2.29  [p5= -47.28, p95= +54.27]
    min_nav_pct   med=  +26.03  [p5=  +1.87, p95= +91.25]

  ── vol=15% ──
    cagr          med=   +4.97  [p5=  -3.49, p95= +15.24]
    mdd           med=  +25.31  [p5= +16.58, p95= +42.54]
    sharpe        med=   +0.44  [p5=  -0.24, p95=  +1.11]
    calmar        med=   +0.20  [p5=  -0.09, p95=  +0.81]
    geo_growth    med=   +4.85  [p5=  -3.55, p95= +14.19]
    min_nav_pct   med=  +90.04  [p5= +66.53, p95= +99.51]

  ── vol=20% ──
    cagr          med=   +6.21  [p5=  -4.91, p95= +20.07]
    mdd           med=  +32.32  [p5= +21.49, p95= +52.50]
    sharpe        med=   +0.44  [p5=  -0.24, p95=  +1.11]
    calmar        med=   +0.19  [p5=  -0.10, p95=  +0.83]
    geo_growth    med=   +6.02  [p5=  -5.04, p95= +18.29]
    min_nav_pct   med=  +86.59  [p5= +57.36, p95= +99.31]

  ── vol=30% ──
    cagr          med=   +7.86  [p5=  -7.83, p95= +28.23]
    mdd           med=  +43.90  [p5= +29.94, p95= +67.22]
    sharpe        med=   +0.43  [p5=  -0.24, p95=  +1.10]
    calmar        med=   +0.18  [p5=  -0.13, p95=  +0.84]
    geo_growth    med=   +7.56  [p5=  -8.16, p95= +24.86]
    min_nav_pct   med=  +79.65  [p5= +42.59, p95= +98.84]

----------------------------------------------------------------------
ROBUSTNESS COMPARISON
----------------------------------------------------------------------

               variant   P(CAGR>0)   P(MDD<30)   medCAGR   medMDD   medCalm  medMinNAV
  --------------------------------------------------------------------------------
                f=1.00       70.9%        0.0%     +9.7%    64.3%     0.158      63.5%
                f=0.50       79.0%       17.2%     +7.2%    38.9%     0.190      82.8%
                f=0.30       82.1%       70.5%     +4.9%    25.2%     0.198      90.1%
                f=0.20       83.7%       94.2%     +3.5%    17.4%     0.201      93.5%
         f=Kelly(2.00)       52.2%        0.0%     +2.3%    90.5%     0.027      26.0%
               vol=15%       82.7%       70.2%     +5.0%    25.3%     0.196      90.0%
               vol=20%       81.0%       39.9%     +6.2%    32.3%     0.192      86.6%
               vol=30%       78.2%        5.2%     +7.9%    43.9%     0.183      79.6%

----------------------------------------------------------------------
PAIRED TESTS vs f=1.00
----------------------------------------------------------------------
  P(better) > 97.5% ≈ significant at α=0.05 (one-sided).

  ── f=0.50 vs f=1.00 ──
    ΔCAGR     mean=  -3.66  P(higher)= 39.4%  CI=[-24.81, +10.65]
    ΔMDD(red) mean= +24.59  P(lower) =100.0%  CI=[+18.54, +29.22]
    ΔCalmar   mean= +0.026  P(higher)= 79.2%  CI=[-0.103, +0.086]
    ΔSharpe   mean= +0.009  P(higher)= 69.0%  CI=[-0.020, +0.047]
    ΔMinNAV   mean= +17.69  P(higher)= 99.0%  CI=[+0.37, +31.81]

  ── f=0.30 vs f=1.00 ──
    ΔCAGR     mean=  -6.28  P(higher)= 34.9%  CI=[-35.66, +14.41]
    ΔMDD(red) mean= +38.40  P(lower) =100.0%  CI=[+27.37, +46.17]
    ΔCalmar   mean= +0.031  P(higher)= 77.1%  CI=[-0.152, +0.114]
    ΔSharpe   mean= +0.012  P(higher)= 67.2%  CI=[-0.030, +0.069]
    ΔMinNAV   mean= +25.50  P(higher)= 99.0%  CI=[+0.52, +47.65]

  ── f=0.20 vs f=1.00 ──
    ΔCAGR     mean=  -7.85  P(higher)= 32.4%  CI=[-41.25, +16.24]
    ΔMDD(red) mean= +46.41  P(lower) =100.0%  CI=[+32.22, +56.82]
    ΔCalmar   mean= +0.032  P(higher)= 75.8%  CI=[-0.176, +0.126]
    ΔSharpe   mean= +0.013  P(higher)= 66.3%  CI=[-0.036, +0.080]
    ΔMinNAV   mean= +29.57  P(higher)= 99.0%  CI=[+0.59, +57.80]

  ── f=Kelly(2.00) vs f=1.00 ──
    ΔCAGR     mean=  -4.15  P(higher)= 30.6%  CI=[-23.79, +35.10]
    ΔMDD(red) mean= -23.70  P(lower) =  0.0%  CI=[-32.15, -10.19]
    ΔCalmar   mean= -0.113  P(higher)=  8.9%  CI=[-0.218, +0.120]
    ΔSharpe   mean= -0.021  P(higher)= 22.5%  CI=[-0.079, +0.028]
    ΔMinNAV   mean= -27.50  P(higher)=  0.0%  CI=[-52.88, -1.74]

  ── vol=15% vs f=1.00 ──
    ΔCAGR     mean=  -6.15  P(higher)= 36.3%  CI=[-36.37, +15.43]
    ΔMDD(red) mean= +38.16  P(lower) =100.0%  CI=[+24.44, +50.82]
    ΔCalmar   mean= +0.034  P(higher)= 68.5%  CI=[-0.291, +0.270]
    ΔSharpe   mean= +0.015  P(higher)= 52.3%  CI=[-0.273, +0.321]
    ΔMinNAV   mean= +25.41  P(higher)= 97.8%  CI=[+0.13, +54.83]

  ── vol=20% vs f=1.00 ──
    ΔCAGR     mean=  -4.73  P(higher)= 38.4%  CI=[-31.70, +14.13]
    ΔMDD(red) mean= +30.97  P(lower) =100.0%  CI=[+18.92, +42.80]
    ΔCalmar   mean= +0.032  P(higher)= 67.6%  CI=[-0.290, +0.270]
    ΔSharpe   mean= +0.014  P(higher)= 52.8%  CI=[-0.270, +0.312]
    ΔMinNAV   mean= +21.48  P(higher)= 97.2%  CI=[+0.00, +49.17]

  ── vol=30% vs f=1.00 ──
    ΔCAGR     mean=  -2.56  P(higher)= 43.8%  CI=[-23.19, +11.69]
    ΔMDD(red) mean= +19.30  P(lower) =100.0%  CI=[+8.32, +30.74]
    ΔCalmar   mean= +0.026  P(higher)= 65.8%  CI=[-0.263, +0.253]
    ΔSharpe   mean= +0.011  P(higher)= 53.0%  CI=[-0.251, +0.275]
    ΔMinNAV   mean= +14.36  P(higher)= 93.4%  CI=[-2.77, +39.17]


  Results saved → /var/www/trading-bots/btc-spot-dev/research/results/position_sizing.json

======================================================================
DONE
======================================================================
