======================================================================
VPULL: PULLBACK ENTRY STRATEGY — FULL VALIDATION
======================================================================
  Period: 2019-01-01 → 2026-02-20   Warmup: 365d
  Cost: harsh (50 bps RT)
  Defaults: slow=120, fast=30, trail=3.0, vdo=0.0
  Bootstrap: 2000 paths, block=60, seed=42
  Permutation: 10,000 perms
  Timescales: 16 (30–720 H4 bars)

  VPULL entry: close crosses above EMA(fast) from below,
               while EMA(fast) > EMA(slow) and VDO > threshold
  Exit: ATR trailing stop or trend reversal

Loading data...
  17838 H4 bars, warmup idx=2190, trading=15648 bars

======================================================================
PHASE 1: REAL DATA — VPULL vs VTREND
======================================================================

   slow  fast  │                                │                               
               │         --- VPULL ---          │         --- VTREND ---        
               │    CAGR    MDD     Sh     Cm   Tr │    CAGR    MDD     Sh     Cm   Tr
  ----------------------------------------------------------------------------
     30     7  │  +25.1%  49.4% 0.853 0.509  193 │  +21.1%  71.9% 0.673 0.293  342
     48    12  │  +20.6%  47.9% 0.777 0.429  151 │  +19.8%  62.4% 0.654 0.318  280
     60    15  │   +7.0%  58.3% 0.378 0.120  135 │  +26.7%  54.1% 0.797 0.494  257
     72    18  │   +4.1%  55.3% 0.282 0.073  129 │  +36.4%  50.1% 0.993 0.728  231
     84    21  │  +13.6%  52.5% 0.583 0.259  115 │  +43.9%  47.9% 1.129 0.916  218
     96    24  │   +7.9%  62.2% 0.416 0.127  108 │  +41.1%  47.5% 1.077 0.866  217
    108    27  │  +18.1%  52.5% 0.724 0.345  109 │  +48.6%  44.0% 1.209 1.105  216
    120    30  │  +18.8%  54.9% 0.742 0.342  109 │  +52.7%  41.5% 1.276 1.268  211
    144    36  │  +29.6%  55.6% 1.034 0.532  103 │  +55.9%  42.3% 1.328 1.320  199
    168    42  │  +15.6%  57.1% 0.647 0.273   96 │  +48.1%  50.3% 1.193 0.956  201
    200    50  │  +23.5%  46.6% 0.858 0.503   95 │  +63.1%  41.8% 1.432 1.508  188
    240    60  │  +19.3%  48.4% 0.743 0.399   91 │  +50.5%  42.0% 1.227 1.202  188
    300    75  │  +24.0%  45.3% 0.893 0.531   80 │  +38.9%  47.0% 1.017 0.828  197
    360    90  │  +22.9%  40.7% 0.870 0.561   81 │  +45.1%  48.8% 1.114 0.924  194
    500   125  │  +31.7%  36.9% 1.161 0.859   71 │  +43.3%  49.5% 1.074 0.874  193
    720   180  │  +24.8%  35.9% 1.028 0.690   56 │  +30.7%  59.8% 0.838 0.513  199

  Default (slow=120):
    VPULL:  CAGR=+18.8%  MDD=54.9%  Sharpe=0.742  Trades=109
    VTREND: CAGR=+52.7%  MDD=41.5%  Sharpe=1.276  Trades=211

======================================================================
PHASE 2: PERMUTATION TEST — PULLBACK TIMING (10,000 perms)
======================================================================

  VPULL real score: 27.02  (trades: 109)
  VTREND real score: 124.51  (trades: 211)
  Skip rate: 0.4834  (VPULL skips 48.3% of VTREND entries)

  Running 10,000 null simulations...
      2000/10000  (34s, ~136s left)
      4000/10000  (69s, ~103s left)
      6000/10000  (103s, ~69s left)
      8000/10000  (137s, ~34s left)
     10000/10000  (170s, ~0s left)
  Done: 170.5s

  Results:
    Real VPULL score:   +27.02
    Null median score:  +115.23
    Null mean score:    +115.23
    P-value:            1.0000
    Null trades (med):  200
    → NOT SIGNIFICANT (p ≥ 0.05)

======================================================================
PHASE 3: BOOTSTRAP 2000 PATHS — PAIRED (slow=120)
======================================================================
        1/2000  (0s, ~0s left)
      500/2000  (41s, ~124s left)
     1000/2000  (84s, ~84s left)
     1500/2000  (126s, ~42s left)
     2000/2000  (167s, ~0s left)

  Done: 167.5s (4000 sims)

----------------------------------------------------------------------
BOOTSTRAP RESULTS (with VDO, default params)
----------------------------------------------------------------------

  VPULL:
       cagr: median= +3.327  [p5=-14.464, p95=+26.691]  P>0=60.7%
        mdd: median=+55.360  [p5=+36.943, p95=+78.593]  P>0=100.0%
     sharpe: median= +0.258  [p5= -0.466, p95= +0.917]  P>0=72.4%
     calmar: median= +0.059  [p5= -0.194, p95= +0.638]  P>0=60.7%
    trades: median=112

  VTREND:
       cagr: median= +9.696  [p5=-15.315, p95=+45.475]  P>0=70.9%
        mdd: median=+64.348  [p5=+45.475, p95=+86.773]  P>0=100.0%
     sharpe: median= +0.432  [p5= -0.237, p95= +1.096]  P>0=85.5%
     calmar: median= +0.158  [p5= -0.188, p95= +0.875]  P>0=70.9%
    trades: median=230

----------------------------------------------------------------------
PAIRED COMPARISON: VPULL vs VTREND (same paths)
----------------------------------------------------------------------

  Δcagr: mean=-7.0855  95%CI=[-34.5172, +14.6445]  P(VPULL higher)=30.0%

  Δmdd: mean=+8.5209  95%CI=[-16.8479, +31.9100]  P(VPULL lower MDD)=76.1%

  Δsharpe: mean=-0.1792  95%CI=[-0.7990, +0.3857]  P(VPULL higher)=28.2%

  Δcalmar: mean=-0.1030  95%CI=[-0.7109, +0.3363]  P(VPULL higher)=35.3%

----------------------------------------------------------------------
REAL DATA PERCENTILE IN BOOTSTRAP
----------------------------------------------------------------------
  VPULL: Sharpe=0.742 → 87.7th pctile    CAGR=+18.8% → 87.1th pctile
  VTREND: Sharpe=1.276 → 98.2th pctile !    CAGR=+52.7% → 97.5th pctile

======================================================================
PHASE 4: TIMESCALE ROBUSTNESS (2000 paths × 16 timescales × 4 variants)
======================================================================
        1/2000  (0s, ~0s left)
      200/2000  (368s, ~3310s left)
      400/2000  (734s, ~2936s left)
      600/2000  (1083s, ~2528s left)
      800/2000  (1428s, ~2143s left)
     1000/2000  (1755s, ~1755s left)
     1200/2000  (2083s, ~1389s left)
     1400/2000  (2412s, ~1034s left)
     1600/2000  (2744s, ~686s left)
     1800/2000  (3074s, ~342s left)
     2000/2000  (3402s, ~0s left)

  Done: 3403.3s (128,000 sims, 38 sims/sec)

======================================================================
VPULL TIMESCALE ROBUSTNESS (with VDO)
======================================================================

   slow  days   medSh   p5Sh  p95Sh   medCAGR  medMDD   P(C>0)  P(S>0)
  ---------------------------------------------------------------------------
     30   5.0  +0.204 -0.488 +0.825     +1.5%   61.9%    55.2%   67.6% *
     48   8.0  +0.165 -0.523 +0.830     +0.6%   60.6%    51.7%   63.7% *
     60  10.0  +0.167 -0.534 +0.842     +0.7%   59.7%    52.4%   65.9% *
     72  12.0  +0.194 -0.511 +0.857     +1.5%   58.5%    54.8%   67.3% *
     84  14.0  +0.208 -0.477 +0.876     +1.8%   57.5%    56.1%   68.0% *
     96  16.0  +0.249 -0.469 +0.907     +3.1%   56.5%    58.5%   70.2% *
    108  18.0  +0.245 -0.491 +0.924     +2.9%   55.6%    60.0%   71.7% *
    120  20.0  +0.258 -0.466 +0.917     +3.3%   55.4%    60.7%   72.4% *
    144  24.0  +0.237 -0.489 +0.922     +2.7%   55.7%    58.3%   71.5% *
    168  28.0  +0.236 -0.483 +0.916     +2.7%   55.1%    58.8%   71.7% *
    200  33.3  +0.251 -0.474 +0.949     +3.1%   54.5%    60.5%   72.4% *
    240  40.0  +0.254 -0.470 +0.906     +3.2%   53.5%    61.9%   73.2% *
    300  50.0  +0.258 -0.455 +0.908     +3.3%   52.9%    61.3%   71.8% *
    360  60.0  +0.234 -0.462 +0.907     +2.7%   52.5%    59.7%   72.0% *
    500  83.3  +0.225 -0.489 +0.896     +2.5%   50.9%    58.8%   69.3% *
    720 120.0  +0.177 -0.480 +0.858     +1.4%   49.0%    55.6%   68.1% *

  Legend: * = productive (median Sharpe > 0), ** = strong (P(CAGR>0) > 70%)

  VPULL ROBUSTNESS WIDTH:
    Productive: slow=30–720 (width 24.0x)

======================================================================
VTREND TIMESCALE ROBUSTNESS (with VDO, for comparison)
======================================================================

   slow  days   medSh   p5Sh  p95Sh   medCAGR  medMDD   P(C>0)  P(S>0)
  ---------------------------------------------------------------------------
     30   5.0  +0.325 -0.360 +0.994     +5.0%   69.9%    61.2%   79.5% *
     48   8.0  +0.393 -0.282 +1.053     +8.0%   67.1%    68.0%   83.1% *
     60  10.0  +0.425 -0.252 +1.054     +9.4%   65.6%    70.2%   85.5% **
     72  12.0  +0.427 -0.252 +1.080     +9.5%   65.2%    71.0%   84.5% **
     84  14.0  +0.437 -0.229 +1.102     +9.9%   64.6%    71.5%   85.5% **
     96  16.0  +0.442 -0.237 +1.093    +10.1%   64.5%    71.8%   85.0% **
    108  18.0  +0.430 -0.226 +1.094     +9.7%   64.4%    71.4%   84.4% **
    120  20.0  +0.432 -0.237 +1.096     +9.7%   64.3%    70.9%   85.5% **
    144  24.0  +0.428 -0.275 +1.090     +9.5%   64.8%    70.2%   84.5% **
    168  28.0  +0.414 -0.305 +1.081     +8.9%   65.3%    70.0%   83.9% *
    200  33.3  +0.395 -0.311 +1.077     +8.1%   65.9%    68.8%   84.0% *
    240  40.0  +0.379 -0.324 +1.057     +7.3%   66.2%    67.3%   83.2% *
    300  50.0  +0.370 -0.310 +1.039     +6.9%   67.1%    65.8%   82.8% *
    360  60.0  +0.362 -0.347 +1.020     +6.6%   67.4%    64.5%   81.0% *
    500  83.3  +0.351 -0.347 +1.011     +6.0%   68.4%    64.0%   79.8% *
    720 120.0  +0.335 -0.354 +1.000     +5.3%   68.7%    63.3%   79.7% *

======================================================================
PAIRED: VPULL vs VTREND AT EACH TIMESCALE (with VDO)
======================================================================

   slow  days   vpMedSh  vtMedSh  meanΔSh   P(VP>VT)
  -------------------------------------------------------
     30   5.0   +0.2039  +0.3250  -0.1418      31.9% -
     48   8.0   +0.1647  +0.3931  -0.2373      22.1% -
     60  10.0   +0.1671  +0.4248  -0.2545      21.5% -
     72  12.0   +0.1938  +0.4275  -0.2436      21.7% -
     84  14.0   +0.2077  +0.4373  -0.2312      23.6% -
     96  16.0   +0.2490  +0.4421  -0.2079      26.2% -
    108  18.0   +0.2455  +0.4295  -0.1905      28.3% -
    120  20.0   +0.2576  +0.4324  -0.1792      28.2% -
    144  24.0   +0.2369  +0.4283  -0.1845      27.7% -
    168  28.0   +0.2359  +0.4136  -0.1751      29.0% -
    200  33.3   +0.2514  +0.3954  -0.1554      32.2% -
    240  40.0   +0.2543  +0.3792  -0.1401      33.1% -
    300  50.0   +0.2575  +0.3696  -0.1288      36.9% -
    360  60.0   +0.2344  +0.3616  -0.1312      36.4% -
    500  83.3   +0.2255  +0.3510  -0.1312      35.5% -
    720 120.0   +0.1768  +0.3354  -0.1479      35.3% -

  VPULL wins at 0/16 timescales (P > 50%)

======================================================================
VDO CONTRIBUTION FOR VPULL (paired, with - without)
======================================================================

   slow  days   meanΔSh   medΔSh   P(VDO+)   meanΔCAGR  meanΔMDD
  -----------------------------------------------------------------
     30   5.0   -0.1222  -0.1196     28.9%      -4.09%    +2.68% -
     48   8.0   -0.0421  -0.0377     43.0%      -0.84%    +5.41% -
     60  10.0   +0.0292  +0.0302     55.5%      +1.54%    +7.73% +
     72  12.0   +0.0624  +0.0725     62.4%      +2.51%    +8.69% +
     84  14.0   +0.0100  +0.0173     52.8%      +0.61%    +6.73%
     96  16.0   -0.0210  -0.0103     48.0%      -0.55%    +5.71%
    108  18.0   -0.0199  -0.0112     47.6%      -0.58%    +5.72%
    120  20.0   -0.0246  -0.0163     46.9%      -0.78%    +5.30%
    144  24.0   -0.0088  +0.0002     50.0%      -0.20%    +6.12%
    168  28.0   +0.0012  +0.0137     52.4%      +0.16%    +6.62%
    200  33.3   +0.0137  +0.0230     54.4%      +0.53%    +6.90%
    240  40.0   +0.0186  +0.0257     54.9%      +0.68%    +6.82%
    300  50.0   +0.0199  +0.0309     56.2%      +0.74%    +6.59% +
    360  60.0   +0.0155  +0.0311     55.6%      +0.56%    +6.48% +
    500  83.3   +0.0168  +0.0285     55.9%      +0.63%    +6.18% +
    720 120.0   +0.0042  +0.0172     53.5%      +0.26%    +5.73%

  VDO helps VPULL at 11/16 timescales

----------------------------------------------------------------------
SMOOTHNESS: adjacent timescale Sharpe correlation
----------------------------------------------------------------------
  VPULL  adjacent correlation: r = 0.731
  VTREND adjacent correlation: r = 0.795

======================================================================
PHASE 5: DETERMINATION
======================================================================

  Permutation p-value: 1.0000
  → Pullback timing is NOT SIGNIFICANT

  Paired bootstrap (slow=120):
    ΔSharpe: mean=-0.1792  95%CI=[-0.7990, +0.3857]
    P(VPULL > VTREND): 28.2%
    → No significant difference

  Timescale robustness:
    VPULL productive: slow=30–720 (width 24.0x)
    VPULL wins at 0/16 timescales

Results saved → /var/www/trading-bots/btc-spot-dev/research/results/pullback_strategy.json

======================================================================
DONE
======================================================================
