======================================================================
MULTI-RESOLUTION TIMESCALE SWEEP: H1 / H4 / D1
======================================================================
  Period: 2019-01-01 → 2026-02-20   Warmup: 365d
  Cost: harsh (50 bps RT)
  Bootstrap: 2000 paths, seed=42
  Day grid: [5, 8, 10, 12, 14, 16, 18, 20, 24, 28, 33, 40, 50, 60, 83, 120]

  NOTE: H4 loaded from cache (timescale_robustness.json)
        Cross-resolution pairing not possible (different bar structures)

======================================================================
RESOLUTION: D1 (1d)
======================================================================
  Bars/day: 1  ANN: 19.1
  ATR: 14  VDO: 12/28  BLKSZ: 10  Trail: 3.0
  Timescale grid (bars): [5, 8, 10, 12, 14, 16, 18, 20, 24, 28, 33, 40, 50, 60, 83, 120]
  Timescale grid (days): [5, 8, 10, 12, 14, 16, 18, 20, 24, 28, 33, 40, 50, 60, 83, 120]

  Loading D1 data...
  2973 bars, warmup idx=365, trading=2608 bars

  REAL DATA SWEEP:
    slow  days     CAGR    MDD     Sh     Cm   Tr  │     CAGR    MDD     Sh     Cm   Tr
                       --- WITH VDO ---         │          --- NO VDO ---        
  ------------------------------------------------------------------------------
       5     5   +22.2%  63.6% 0.701 0.349  184  │   +21.4%  72.5% 0.664 0.295  228
       8     8   +25.5%  66.3% 0.761 0.384  148  │   +25.9%  67.6% 0.752 0.383  174
      10    10   +36.7%  64.2% 0.969 0.572  127  │   +35.9%  68.6% 0.932 0.524  151
      12    12   +41.0%  65.8% 1.046 0.624  112  │   +43.3%  66.3% 1.058 0.653  128
      14    14   +42.4%  58.9% 1.047 0.720  100  │   +43.9%  59.2% 1.052 0.741  115
      16    16   +47.4%  52.2% 1.131 0.908   82  │   +47.2%  52.8% 1.108 0.894   97
      18    18   +41.7%  54.2% 1.030 0.768   82  │   +42.0%  53.4% 1.018 0.786   95
      20    20   +37.5%  55.9% 0.958 0.671   73  │   +40.4%  54.7% 0.994 0.739   83
      24    24   +50.8%  50.6% 1.162 1.004   59  │   +54.6%  48.8% 1.202 1.118   68
      28    28   +47.6%  56.7% 1.107 0.840   53  │   +51.8%  55.1% 1.159 0.941   60
      33    33   +46.7%  54.1% 1.101 0.863   48  │   +52.6%  54.0% 1.178 0.974   56
      40    40   +40.8%  47.3% 1.006 0.862   42  │   +50.5%  48.7% 1.146 1.038   54
      50    50   +44.1%  46.3% 1.064 0.953   44  │   +50.1%  41.2% 1.139 1.218   55
      60    60   +41.8%  50.1% 1.021 0.835   44  │   +52.1%  41.2% 1.154 1.263   49
      83    83   +43.6%  54.3% 1.053 0.804   35  │   +53.0%  46.2% 1.161 1.146   40
     120   120   +23.5%  72.8% 0.701 0.323   34  │   +31.7%  68.4% 0.817 0.464   41

  BOOTSTRAP: 2000 paths × 16 timescales × 2 VDO variants
        1/2000  (0s, ~0s left)
      200/2000  (34s, ~310s left)
      400/2000  (69s, ~275s left)
      600/2000  (103s, ~240s left)
      800/2000  (137s, ~205s left)
     1000/2000  (171s, ~171s left)
     1200/2000  (205s, ~137s left)
     1400/2000  (239s, ~102s left)
     1600/2000  (273s, ~68s left)
     1800/2000  (307s, ~34s left)
     2000/2000  (341s, ~0s left)

  Done: 341.1s (64,000 sims, 188 sims/sec)

======================================================================
ANALYSIS: D1 TIMESCALE ROBUSTNESS (with VDO)
======================================================================

    slow  days   medSh   p5Sh  p95Sh   medCAGR  medMDD   medCm   P(C>0)  P(S>0)
  --------------------------------------------------------------------------------
       5     5  +0.320 -0.344 +0.959     +5.0%   66.6% +0.076    61.3%   79.1% *
       8     8  +0.350 -0.277 +0.991     +6.1%   65.9% +0.093    65.4%   81.8% *
      10    10  +0.360 -0.269 +0.995     +6.6%   65.8% +0.103    66.0%   82.3% *
      12    12  +0.373 -0.267 +1.012     +7.1%   65.9% +0.114    65.7%   82.6% *
      14    14  +0.379 -0.289 +1.032     +7.4%   66.2% +0.113    67.0%   82.5% *
      16    16  +0.395 -0.278 +1.064     +8.0%   66.2% +0.123    67.1%   83.5% *
      18    18  +0.403 -0.272 +1.072     +8.5%   65.9% +0.130    66.8%   83.8% *
      20    20  +0.418 -0.256 +1.075     +8.9%   66.5% +0.140    67.6%   83.6% *
      24    24  +0.414 -0.256 +1.086     +8.8%   67.0% +0.134    68.0%   83.2% *
      28    28  +0.410 -0.255 +1.081     +8.7%   66.9% +0.136    67.9%   83.3% *
      33    33  +0.418 -0.268 +1.073     +8.9%   67.3% +0.133    67.5%   83.7% *
      40    40  +0.405 -0.278 +1.063     +8.4%   67.4% +0.127    67.2%   82.8% *
      50    50  +0.384 -0.278 +1.052     +7.3%   67.7% +0.114    66.5%   82.2% *
      60    60  +0.381 -0.286 +1.040     +7.2%   67.4% +0.108    64.6%   82.1% *
      83    83  +0.369 -0.306 +1.029     +6.7%   67.4% +0.102    64.7%   82.9% *
     120   120  +0.351 -0.293 +1.007     +5.8%   68.4% +0.085    62.8%   80.1% *

  Legend: * = productive (median Sharpe > 0), ** = strong (P(CAGR>0) > 70%)

  ROBUSTNESS:
    Productive: 5–120 days (width 24.0x)
    Peak Sharpe: 0.4185 at 20 days
    Peak Calmar: 0.1404 at 20 days

  VDO CONTRIBUTION:
    slow  days   meanΔSh  P(VDO+)   meanΔMDD
  ---------------------------------------------
       5     5   -0.0089    48.8%     +5.21%
       8     8   -0.0151    48.4%     +4.32%
      10    10   -0.0190    47.5%     +3.82%
      12    12   -0.0199    47.1%     +3.48%
      14    14   -0.0232    44.6%     +3.07% -
      16    16   -0.0248    44.1%     +2.52% -
      18    18   -0.0252    43.9%     +2.28% -
      20    20   -0.0222    44.0%     +2.11% -
      24    24   -0.0170    45.9%     +2.05%
      28    28   -0.0101    46.4%     +2.09%
      33    33   -0.0018    48.6%     +2.39%
      40    40   +0.0042    51.1%     +2.96%
      50    50   +0.0075    53.2%     +3.24%
      60    60   +0.0093    51.7%     +3.74%
      83    83   +0.0132    52.4%     +4.23%
     120   120   +0.0116    53.0%     +4.20%

  VDO helps at 5/16 timescales

  REAL DATA PERCENTILE:
    slow  days   realSh  pctile
  -----------------------------------
       5     5   +0.701   83.2%
       8     8   +0.761   84.5%
      10    10   +0.969   94.0%
      12    12   +1.046   95.8% ?
      14    14   +1.047   95.4% ?
      16    16   +1.131   96.9% ?
      18    18   +1.030   93.6%
      20    20   +0.958   91.3%
      24    24   +1.162   96.2% ?
      28    28   +1.107   95.5% ?
      33    33   +1.101   95.7% ?
      40    40   +1.006   93.2%
      50    50   +1.064   95.3% ?
      60    60   +1.021   94.5%
      83    83   +1.053   95.6% ?
     120   120   +0.701   81.3%

  Smoothness: r = 0.861

======================================================================
RESOLUTION: H1 (1h)
======================================================================
  Bars/day: 24  ANN: 93.6
  ATR: 56  VDO: 48/112  BLKSZ: 240  Trail: 3.0
  Timescale grid (bars): [120, 192, 240, 288, 336, 384, 432, 480, 576, 672, 792, 960, 1200, 1440, 1992, 2880]
  Timescale grid (days): [5, 8, 10, 12, 14, 16, 18, 20, 24, 28, 33, 40, 50, 60, 83, 120]

  Loading H1 data...
  71352 bars, warmup idx=8760, trading=62592 bars

  REAL DATA SWEEP:
    slow  days     CAGR    MDD     Sh     Cm   Tr  │     CAGR    MDD     Sh     Cm   Tr
                       --- WITH VDO ---         │          --- NO VDO ---        
  ------------------------------------------------------------------------------
     120     5    -1.6%  84.3% 0.144 -0.019  762  │   -21.5%  94.6% -0.373 -0.227 1022
     192     8    -0.7%  78.0% 0.165 -0.009  696  │   -26.9%  95.7% -0.540 -0.281  959
     240    10    +1.3%  74.2% 0.218 0.018  674  │   -20.9%  92.3% -0.355 -0.226  919
     288    12    +6.0%  71.9% 0.341 0.083  646  │   -15.5%  90.4% -0.196 -0.172  892
     336    14   +13.0%  61.4% 0.518 0.211  630  │   -12.9%  90.1% -0.117 -0.143  868
     384    16   +13.0%  63.7% 0.520 0.204  620  │   -13.6%  89.9% -0.135 -0.151  854
     432    18   +13.1%  65.1% 0.523 0.202  625  │   -15.5%  91.4% -0.185 -0.169  861
     480    20   +18.7%  58.0% 0.655 0.323  609  │   -10.7%  89.1% -0.052 -0.120  849
     576    24   +22.1%  58.3% 0.731 0.379  595  │    -6.9%  86.3% 0.047 -0.080  828
     672    28   +17.0%  60.4% 0.613 0.282  587  │   -10.0%  86.0% -0.027 -0.116  816
     792    33   +27.0%  52.3% 0.830 0.516  569  │    -6.0%  86.7% 0.075 -0.070  803
     960    40   +16.4%  71.6% 0.594 0.229  579  │   -11.6%  90.9% -0.062 -0.128  801
    1200    50   +12.6%  75.6% 0.504 0.167  593  │   -13.7%  92.1% -0.112 -0.148  814
    1440    60   +12.6%  72.7% 0.502 0.173  602  │   -13.3%  89.6% -0.094 -0.148  827
    1992    83    +9.6%  79.0% 0.430 0.122  620  │   -15.7%  91.8% -0.149 -0.171  824
    2880   120    -0.2%  83.0% 0.197 -0.002  631  │   -25.7%  94.9% -0.368 -0.271  839

  BOOTSTRAP: 2000 paths × 16 timescales × 2 VDO variants
        1/2000  (0s, ~0s left)
      200/2000  (790s, ~7107s left)
      400/2000  (1529s, ~6116s left)
      600/2000  (2251s, ~5253s left)
      800/2000  (2971s, ~4456s left)
     1000/2000  (3675s, ~3675s left)
     1200/2000  (4385s, ~2923s left)
     1400/2000  (5085s, ~2179s left)
     1600/2000  (5784s, ~1446s left)
     1800/2000  (6480s, ~720s left)
     2000/2000  (7178s, ~0s left)

  Done: 7181.3s (64,000 sims, 9 sims/sec)

======================================================================
ANALYSIS: H1 TIMESCALE ROBUSTNESS (with VDO)
======================================================================

    slow  days   medSh   p5Sh  p95Sh   medCAGR  medMDD   medCm   P(C>0)  P(S>0)
  --------------------------------------------------------------------------------
     120     5  -0.314 -0.977 +0.336    -17.8%   86.9% -0.208     9.7%   20.9%
     192     8  -0.317 -0.977 +0.304    -17.3%   86.0% -0.204     9.4%   21.6%
     240    10  -0.295 -0.953 +0.300    -16.5%   85.3% -0.197     9.7%   21.3%
     288    12  -0.293 -0.945 +0.316    -16.3%   85.0% -0.197     9.6%   22.6%
     336    14  -0.288 -0.942 +0.314    -16.2%   84.5% -0.196     9.9%   23.2%
     384    16  -0.292 -0.942 +0.325    -16.2%   84.8% -0.195     9.9%   22.6%
     432    18  -0.294 -0.955 +0.303    -16.6%   84.9% -0.198    10.1%   22.2%
     480    20  -0.301 -0.944 +0.313    -16.7%   85.3% -0.201     9.6%   22.0%
     576    24  -0.310 -0.973 +0.306    -17.2%   85.5% -0.206     9.0%   21.1%
     672    28  -0.313 -0.981 +0.294    -17.3%   85.8% -0.206     8.7%   20.2%
     792    33  -0.319 -1.001 +0.305    -17.9%   86.3% -0.210     8.3%   18.9%
     960    40  -0.328 -0.996 +0.296    -18.0%   86.7% -0.211     7.5%   18.1%
    1200    50  -0.334 -0.986 +0.258    -18.7%   87.2% -0.219     6.8%   16.9%
    1440    60  -0.353 -0.969 +0.266    -19.5%   87.8% -0.226     6.6%   16.8%
    1992    83  -0.362 -0.995 +0.224    -19.9%   88.2% -0.229     5.8%   17.4%
    2880   120  -0.378 -0.986 +0.209    -20.8%   88.6% -0.236     5.0%   15.4%

  Legend: * = productive (median Sharpe > 0), ** = strong (P(CAGR>0) > 70%)

  ROBUSTNESS:
    No productive timescale!
    Peak Sharpe: -0.2880 at 14 days
    Peak Calmar: -0.1954 at 16 days

  VDO CONTRIBUTION:
    slow  days   meanΔSh  P(VDO+)   meanΔMDD
  ---------------------------------------------
     120     5   +0.3871    98.7%    +10.50% +
     192     8   +0.4505    98.5%    +11.86% +
     240    10   +0.4684    99.1%    +12.66% +
     288    12   +0.4751    98.9%    +12.96% +
     336    14   +0.4785    98.9%    +13.19% +
     384    16   +0.4781    98.8%    +13.18% +
     432    18   +0.4710    98.8%    +13.17% +
     480    20   +0.4677    98.8%    +13.09% +
     576    24   +0.4629    98.6%    +12.95% +
     672    28   +0.4538    98.5%    +12.80% +
     792    33   +0.4428    98.6%    +12.44% +
     960    40   +0.4255    98.0%    +12.04% +
    1200    50   +0.4118    97.5%    +11.62% +
    1440    60   +0.4033    97.0%    +11.32% +
    1992    83   +0.3887    96.8%    +10.88% +
    2880   120   +0.3808    95.7%    +10.48% +

  VDO helps at 16/16 timescales

  REAL DATA PERCENTILE:
    slow  days   realSh  pctile
  -----------------------------------
     120     5   +0.144   87.7%
     192     8   +0.165   89.3%
     240    10   +0.218   91.5%
     288    12   +0.341   95.6% ?
     336    14   +0.518   98.7% !
     384    16   +0.520   98.4% !
     432    18   +0.523   98.4% !
     480    20   +0.655   99.2% !
     576    24   +0.731   99.7% !
     672    28   +0.613   99.4% !
     792    33   +0.830  100.0% !
     960    40   +0.594   99.6% !
    1200    50   +0.504   99.1% !
    1440    60   +0.502   99.1% !
    1992    83   +0.430   98.4% !
    2880   120   +0.197   94.2%

  Smoothness: r = 0.953

======================================================================
H4: LOADED FROM CACHE
======================================================================
  Results from timescale_robustness.json loaded successfully
  Productive: 10–120 days (width 24.0x)
  Strong:     10–24 days (width 2.4x)
  Peak Sharpe: 0.4421 at 16 days

======================================================================
CROSS-RESOLUTION COMPARISON
======================================================================

                  Productive                Strong   Peak Sh  @day   Peak Cm  @day  Smooth
  -----------------------------------------------------------------------------------------------
    H1                  none                  none   -0.2880    14   -0.1954    16   0.953
    H4       10–120d (24.0x)         10–24d (2.4x)   +0.4421    16   +0.1600    14     n/a
    D1        5–120d (24.0x)                  none   +0.4185    20   +0.1404    20   0.861

  Median Sharpe at matching day-points:
   days        H1        H4        D1    best
  ----------------------------------------
      5   -0.3143   +0.3250   +0.3201      H4
      8   -0.3167   +0.3931   +0.3502      H4
     10   -0.2952   +0.4248   +0.3603      H4
     12   -0.2932   +0.4275   +0.3728      H4
     14   -0.2880   +0.4373   +0.3794      H4
     16   -0.2923   +0.4421   +0.3946      H4
     18   -0.2943   +0.4295   +0.4031      H4
     20   -0.3012   +0.4324   +0.4185      H4
     24   -0.3100   +0.4283   +0.4143      H4
     28   -0.3132   +0.4136   +0.4102      H4
     33   -0.3191   +0.3954   +0.4178      D1
     40   -0.3279   +0.3792   +0.4049      D1
     50   -0.3339   +0.3696   +0.3843      D1
     60   -0.3527   +0.3616   +0.3809      D1
     83   -0.3623   +0.3510   +0.3692      D1
    120   -0.3785   +0.3354   +0.3513      D1

  Median Calmar at matching day-points:
   days        H1        H4        D1    best
  ----------------------------------------
      5   -0.2081   +0.0708   +0.0756      D1
      8   -0.2038   +0.1171   +0.0934      H4
     10   -0.1975   +0.1388   +0.1028      H4
     12   -0.1969   +0.1462   +0.1143      H4
     14   -0.1964   +0.1600   +0.1127      H4
     16   -0.1954   +0.1582   +0.1230      H4
     18   -0.1985   +0.1489   +0.1302      H4
     20   -0.2006   +0.1583   +0.1404      H4
     24   -0.2062   +0.1471   +0.1344      H4
     28   -0.2060   +0.1360   +0.1363      D1
     33   -0.2105   +0.1269   +0.1334      D1
     40   -0.2105   +0.1175   +0.1266      D1
     50   -0.2190   +0.1046   +0.1139      D1
     60   -0.2265   +0.1028   +0.1077      D1
     83   -0.2290   +0.0957   +0.1025      D1
    120   -0.2363   +0.0787   +0.0851      D1

======================================================================
DETERMINATION
======================================================================

  H1: productive=none (0x)  peak_Sharpe=-0.2880@14d  peak_Calmar=-0.1954@16d

  H4: productive=10–120d (24.0x)  peak_Sharpe=+0.4421@16d  peak_Calmar=+0.1600@14d

  D1: productive=5–120d (24.0x)  peak_Sharpe=+0.4185@20d  peak_Calmar=+0.1404@20d

  Widest productive region: D1 (24.0x)
  Highest peak Sharpe:      H4 (0.4421)
  Best peak Calmar:         H4 (0.1600)

Results saved → /var/www/trading-bots/btc-spot-dev/research/results/resolution_sweep.json

======================================================================
DONE
======================================================================
