======================================================================
TIMESCALE ROBUSTNESS & VDO CONTRIBUTION TEST
======================================================================
  Period: 2019-01-01 → 2026-02-20   Warmup: 365d
  Cost: harsh (50 bps RT)
  Bootstrap: 2000 paths, block=60, seed=42
  Timescales: 16 (30–720 H4 bars)
  Total sims: 64,000

Loading data...
  17838 H4 bars, warmup idx=2190, trading=15648 bars

======================================================================
REAL DATA: TIMESCALE SWEEP
======================================================================

   slow  fast   days     CAGR    MDD  Sharpe  Calmar   Tr  |     CAGR    MDD  Sharpe  Calmar   Tr
                               --- WITH VDO ---           |            --- NO VDO ---          
  ------------------------------------------------------------------------------------------
     30     7    5.0   +21.1%  71.9%   0.673   0.293  342  |   +23.0%  74.0%   0.703   0.311  391
     48    12    8.0   +19.8%  62.4%   0.654   0.318  280  |   +12.2%  77.9%   0.485   0.156  362
     60    15   10.0   +26.7%  54.1%   0.797   0.494  257  |   +23.1%  67.2%   0.708   0.344  320
     72    18   12.0   +36.4%  50.1%   0.993   0.728  231  |   +34.1%  63.5%   0.916   0.537  299
     84    21   14.0   +43.9%  47.9%   1.129   0.916  218  |   +40.1%  58.4%   1.017   0.687  279
     96    24   16.0   +41.1%  47.5%   1.077   0.866  217  |   +39.0%  60.4%   0.997   0.646  280
    108    27   18.0   +48.6%  44.0%   1.209   1.105  216  |   +42.0%  55.2%   1.046   0.762  279
    120    30   20.0   +52.7%  41.5%   1.276   1.268  211  |   +48.7%  49.8%   1.151   0.977  267
    144    36   24.0   +55.9%  42.3%   1.328   1.320  199  |   +54.2%  49.0%   1.235   1.105  249
    168    42   28.0   +48.1%  50.3%   1.193   0.956  201  |   +45.8%  61.5%   1.097   0.745  239
    200    50   33.3   +63.1%  41.8%   1.432   1.508  188  |   +56.7%  60.2%   1.259   0.942  227
    240    60   40.0   +50.5%  42.0%   1.227   1.202  188  |   +46.5%  58.0%   1.100   0.802  222
    300    75   50.0   +38.9%  47.0%   1.017   0.828  197  |   +40.5%  55.6%   0.996   0.728  228
    360    90   60.0   +45.1%  48.8%   1.114   0.924  194  |   +43.4%  47.9%   1.034   0.907  226
    500   125   83.3   +43.3%  49.5%   1.074   0.874  193  |   +44.3%  48.1%   1.038   0.921  216
    720   180  120.0   +30.7%  59.8%   0.838   0.513  199  |   +32.7%  55.4%   0.839   0.589  224

======================================================================
BOOTSTRAP: 2000 PATHS × 16 TIMESCALES × 2 VDO VARIANTS
======================================================================
        1/2000  (0s, ~0s left)
      200/2000  (190s, ~1714s left)
      400/2000  (387s, ~1548s left)
      600/2000  (583s, ~1361s left)
      800/2000  (781s, ~1171s left)
     1000/2000  (976s, ~976s left)
     1200/2000  (1172s, ~781s left)
     1400/2000  (1368s, ~586s left)
     1600/2000  (1565s, ~391s left)
     1800/2000  (1762s, ~196s left)
     2000/2000  (1959s, ~0s left)

  Done: 1959.5s (64000 sims, 33 sims/sec)

======================================================================
Q1: TIMESCALE ROBUSTNESS (EMA + ATR trail, WITH VDO)
======================================================================

   slow  days   medSh   p5Sh  p95Sh   medCAGR  medMDD  medCalm   P(C>0)  P(S>0)
  -------------------------------------------------------------------------------------
     30   5.0  +0.325 -0.360 +0.994     +5.0%   69.9%  +0.071    61.2%   79.5% *
     48   8.0  +0.393 -0.282 +1.053     +8.0%   67.1%  +0.117    68.0%   83.1% *
     60  10.0  +0.425 -0.252 +1.054     +9.4%   65.6%  +0.139    70.2%   85.5% **
     72  12.0  +0.427 -0.252 +1.080     +9.5%   65.2%  +0.146    71.0%   84.5% **
     84  14.0  +0.437 -0.229 +1.102     +9.9%   64.6%  +0.160    71.5%   85.5% **
     96  16.0  +0.442 -0.237 +1.093    +10.1%   64.5%  +0.158    71.8%   85.0% **
    108  18.0  +0.430 -0.226 +1.094     +9.7%   64.4%  +0.149    71.4%   84.4% **
    120  20.0  +0.432 -0.237 +1.096     +9.7%   64.3%  +0.158    70.9%   85.5% **
    144  24.0  +0.428 -0.275 +1.090     +9.5%   64.8%  +0.147    70.2%   84.5% **
    168  28.0  +0.414 -0.305 +1.081     +8.9%   65.3%  +0.136    70.0%   83.9% *
    200  33.3  +0.395 -0.311 +1.077     +8.1%   65.9%  +0.127    68.8%   84.0% *
    240  40.0  +0.379 -0.324 +1.057     +7.3%   66.2%  +0.118    67.3%   83.2% *
    300  50.0  +0.370 -0.310 +1.039     +6.9%   67.1%  +0.105    65.8%   82.8% *
    360  60.0  +0.362 -0.347 +1.020     +6.6%   67.4%  +0.103    64.5%   81.0% *
    500  83.3  +0.351 -0.347 +1.011     +6.0%   68.4%  +0.096    64.0%   79.8% *
    720 120.0  +0.335 -0.354 +1.000     +5.3%   68.7%  +0.079    63.3%   79.7% *

  Legend: * = productive (median Sharpe > 0), ** = strong (P(CAGR>0) > 70%)

  ROBUSTNESS WIDTH:
    Productive region: slow=30–720 (5–120 days)
    Width ratio: 24.0x
    → BROAD REGION: alpha from generic trend-following
    Strong region:     slow=60–144 (10–24 days)
    Width ratio: 2.4x

======================================================================
Q1b: TIMESCALE ROBUSTNESS (EMA + ATR trail, NO VDO)
======================================================================

   slow  days   medSh   p5Sh  p95Sh   medCAGR  medMDD  medCalm   P(C>0)  P(S>0)
  -------------------------------------------------------------------------------------
     30   5.0  +0.285 -0.387 +0.968     +2.9%   73.3%  +0.039    56.2%   76.8% *
     48   8.0  +0.226 -0.462 +0.892     +0.5%   75.0%  +0.006    50.8%   71.7% *
     60  10.0  +0.231 -0.444 +0.888     +0.8%   75.0%  +0.011    51.4%   71.5% *
     72  12.0  +0.237 -0.443 +0.897     +0.8%   74.8%  +0.012    52.0%   71.6% *
     84  14.0  +0.233 -0.436 +0.905     +0.7%   74.7%  +0.010    51.2%   72.2% *
     96  16.0  +0.243 -0.436 +0.900     +0.8%   74.8%  +0.012    51.8%   71.4% *
    108  18.0  +0.234 -0.435 +0.895     +0.6%   75.1%  +0.009    51.3%   71.0% *
    120  20.0  +0.238 -0.455 +0.886     +0.7%   75.0%  +0.010    51.8%   70.6% *
    144  24.0  +0.223 -0.474 +0.903     +0.0%   75.3%  +0.000    50.1%   70.6% *
    168  28.0  +0.230 -0.484 +0.886     +0.4%   75.8%  +0.005    50.7%   70.3% *
    200  33.3  +0.219 -0.474 +0.893     -0.3%   75.9%  -0.004    49.2%   70.8% *
    240  40.0  +0.221 -0.475 +0.866     -0.4%   76.0%  -0.006    48.9%   69.6% *
    300  50.0  +0.201 -0.460 +0.863     -1.3%   76.3%  -0.017    46.8%   69.0% *
    360  60.0  +0.197 -0.472 +0.836     -1.5%   76.6%  -0.021    46.4%   68.5% *
    500  83.3  +0.188 -0.484 +0.850     -2.0%   77.5%  -0.027    45.2%   68.2% *
    720 120.0  +0.182 -0.476 +0.821     -2.6%   78.2%  -0.034    43.9%   68.0% *

  NO-VDO productive region: slow=30–720 (width 24.0x)

======================================================================
Q2: VDO CONTRIBUTION (paired, with VDO - no VDO)
======================================================================

   slow  days   meanΔSh   medΔSh   P(VDO+)   meanΔCAGR  meanΔMDD
  ----------------------------------------------------------------------
     30   5.0   +0.0352  +0.0379     65.1%      +1.66%    +2.53% +
     48   8.0   +0.1663  +0.1679     90.7%      +7.53%    +6.81% +
     60  10.0   +0.1898  +0.1920     93.1%      +8.54%    +7.88% +
     72  12.0   +0.1968  +0.1960     92.5%      +8.89%    +8.11% +
     84  14.0   +0.2056  +0.2036     92.5%      +9.33%    +8.81% +
     96  16.0   +0.2074  +0.2040     92.0%      +9.43%    +9.04% +
    108  18.0   +0.2055  +0.2061     91.5%      +9.38%    +9.22% +
    120  20.0   +0.2029  +0.2001     90.9%      +9.28%    +9.30% +
    144  24.0   +0.2003  +0.2010     89.6%      +9.21%    +9.43% +
    168  28.0   +0.1933  +0.1902     89.0%      +9.00%    +9.21% +
    200  33.3   +0.1849  +0.1856     86.9%      +8.71%    +8.95% +
    240  40.0   +0.1753  +0.1814     86.2%      +8.35%    +8.68% +
    300  50.0   +0.1682  +0.1691     85.5%      +8.17%    +8.56% +
    360  60.0   +0.1649  +0.1663     85.7%      +8.11%    +8.55% +
    500  83.3   +0.1607  +0.1616     85.0%      +8.07%    +8.53% +
    720 120.0   +0.1566  +0.1623     84.0%      +8.01%    +8.35% +

  VDO helps at 16/16 timescales (P(ΔSharpe>0) > 50%)
  → VDO adds consistent marginal value across timescales

======================================================================
REAL DATA SHARPE PERCENTILE IN BOOTSTRAP
======================================================================
  (percentile = % of bootstrap paths with lower Sharpe)

   slow  days   realSh  pctile  realSh_nv pctile_nv
  -------------------------------------------------------
     30   5.0   +0.673   80.0%   +0.703     84.4%
     48   8.0   +0.654   73.0%   +0.485     72.2%
     60  10.0   +0.797   81.5%   +0.708     88.6%
     72  12.0   +0.993   91.3%   +0.916     95.8%
     84  14.0   +1.129   96.2%   +1.017     97.9% ?
     96  16.0   +1.077   94.5%   +0.997     97.4%
    108  18.0   +1.209   97.3%   +1.046     97.8% ?
    120  20.0   +1.276   98.2%   +1.151     99.0% !
    144  24.0   +1.328   99.0%   +1.235     99.4% !
    168  28.0   +1.193   97.5%   +1.097     98.8% ?
    200  33.3   +1.432   99.7%   +1.259     99.5% !
    240  40.0   +1.227   98.3%   +1.100     98.6% !
    300  50.0   +1.017   94.5%   +0.996     97.5%
    360  60.0   +1.114   97.1%   +1.034     98.1% ?
    500  83.3   +1.074   96.5%   +1.038     98.4% ?
    720 120.0   +0.838   89.0%   +0.839     95.3%

  Legend: ! = real > 97.5th pctile (suspect overfit), ? = > 95th

----------------------------------------------------------------------
SMOOTHNESS: adjacent timescale Sharpe correlation
----------------------------------------------------------------------
  Adjacent median Sharpe correlation: r = 0.795
  → Moderate smoothness

Results saved → /var/www/trading-bots/btc-spot-dev/research/results/timescale_robustness.json

======================================================================
DONE
======================================================================
