/var/www/trading-bots/btc-spot-dev/research/trail_sweep.py:42: UserWarning: Importing from 'research' package — this is research code. For production use, import from the appropriate production module instead (e.g., 'monitoring.regime_monitor').
  from research.lib.vcbb import make_ratios, precompute_vcbb, gen_path_vcbb
TRAIL_MULT FINE SWEEP: 2.0 → 5.0
==========================================================================================
  Trail values: [2.0, 2.25, 2.5, 2.75, 3.0, 3.25, 3.5, 3.75, 4.0, 4.25, 4.5, 4.75, 5.0]
  Default: trail=3.0
  Bootstrap: 500 paths × 16 timescales × 13 trails
  Data: 17838 H4 bars, warmup index = 2190

==========================================================================================
PHASE 1: REAL DATA — trail × timescale
==========================================================================================

  Sharpe heatmap (trail × slow_period):
  trail    30    48    60    72    84    96   108   120   144   168   200   240   300   360   500   720  mean   best
  ---------------------------------------------------------------------------------------------------------------------
   2.00 +0.684 +0.683 +0.860 +0.979 +1.158 +1.079 +1.171 +1.253 +1.279 +1.132 +1.397 +1.161 +1.010 +1.103 +1.002 +0.924  +1.055  +1.397
   2.25 +0.669 +0.596 +0.727 +0.876 +1.036 +0.970 +1.076 +1.149 +1.213 +1.072 +1.324 +1.086 +0.905 +0.994 +0.921 +0.788  +0.963  +1.324
   2.50 +0.679 +0.617 +0.760 +0.959 +1.138 +1.099 +1.244 +1.306 +1.341 +1.194 +1.439 +1.206 +0.998 +1.050 +0.983 +0.847  +1.054  +1.439
   2.75 +0.659 +0.657 +0.793 +1.019 +1.166 +1.129 +1.257 +1.317 +1.356 +1.202 +1.445 +1.226 +1.007 +1.098 +1.066 +0.859  +1.078  +1.445
   3.00 +0.673 +0.654 +0.797 +0.993 +1.129 +1.077 +1.209 +1.276 +1.328 +1.193 +1.432 +1.227 +1.017 +1.114 +1.074 +0.838  +1.064  +1.432 ← DEF
   3.25 +0.694 +0.618 +0.710 +0.899 +1.077 +1.025 +1.157 +1.218 +1.272 +1.159 +1.408 +1.181 +1.018 +1.115 +1.063 +0.820  +1.027  +1.408
   3.50 +0.683 +0.550 +0.639 +0.787 +0.933 +0.885 +0.997 +1.056 +1.095 +0.981 +1.267 +1.034 +0.898 +1.002 +0.925 +0.752  +0.905  +1.267
   3.75 +0.723 +0.548 +0.655 +0.798 +0.954 +0.921 +1.044 +1.129 +1.201 +1.087 +1.358 +1.114 +0.986 +1.091 +1.001 +0.812  +0.964  +1.358
   4.00 +0.722 +0.537 +0.724 +0.856 +0.992 +0.939 +1.067 +1.146 +1.219 +1.116 +1.376 +1.123 +1.000 +1.115 +1.019 +0.853  +0.988  +1.376
   4.25 +0.748 +0.537 +0.796 +0.949 +1.124 +1.087 +1.225 +1.316 +1.376 +1.242 +1.518 +1.282 +1.174 +1.248 +1.216 +1.027  +1.117  +1.518
   4.50 +0.758 +0.530 +0.783 +0.950 +1.182 +1.167 +1.307 +1.357 +1.396 +1.256 +1.535 +1.325 +1.226 +1.259 +1.207 +1.064  +1.144  +1.535
   4.75 +0.755 +0.526 +0.763 +0.933 +1.149 +1.139 +1.278 +1.315 +1.347 +1.223 +1.511 +1.298 +1.193 +1.236 +1.146 +1.005  +1.114  +1.511
   5.00 +0.748 +0.569 +0.824 +1.000 +1.140 +1.098 +1.231 +1.279 +1.302 +1.171 +1.459 +1.240 +1.149 +1.205 +1.108 +0.962  +1.093  +1.459

  CAGR heatmap:
  trail    30    48    60    72    84    96   108   120   144   168   200   240   300   360   500   720  mean
  --------------------------------------------------------------------------------------------------------------
   2.00 +21.1 +20.6 +28.8 +34.2 +43.4 +39.3 +44.1 +48.8 +50.4 +42.6 +58.0 +44.6 +37.0 +42.8 +37.6 +34.1  +39.2
   2.25 +20.6 +16.9 +22.9 +29.7 +37.9 +34.5 +40.0 +44.1 +47.7 +40.3 +54.9 +41.4 +32.1 +37.5 +33.8 +27.3  +35.1
   2.50 +21.2 +17.9 +24.6 +34.1 +43.8 +41.7 +49.8 +53.5 +55.7 +47.4 +62.5 +48.5 +37.3 +40.8 +37.4 +30.5  +40.4
   2.75 +20.3 +19.9 +26.3 +37.5 +45.6 +43.6 +50.9 +54.5 +57.0 +48.2 +63.4 +50.0 +38.1 +43.8 +42.4 +31.6  +42.1
   3.00 +21.1 +19.8 +26.7 +36.4 +43.9 +41.1 +48.6 +52.7 +55.9 +48.1 +63.1 +50.5 +38.9 +45.1 +43.3 +30.7  +41.6 ← DEF
   3.25 +22.1 +18.2 +22.6 +31.8 +41.3 +38.5 +45.9 +49.7 +52.9 +46.5 +62.1 +48.2 +39.3 +45.5 +43.0 +29.9  +39.9
   3.50 +21.7 +15.1 +19.3 +26.3 +34.0 +31.4 +37.5 +40.9 +43.2 +37.0 +54.0 +40.2 +33.0 +39.3 +35.4 +26.4  +33.4
   3.75 +23.7 +15.0 +20.1 +27.0 +35.3 +33.5 +40.3 +45.4 +49.8 +43.3 +60.2 +45.1 +38.2 +44.9 +40.0 +29.9  +37.0
   4.00 +23.7 +14.6 +23.6 +30.2 +37.7 +34.8 +42.0 +46.8 +51.3 +45.3 +62.0 +46.0 +39.2 +46.7 +41.4 +32.5  +38.6
   4.25 +25.1 +14.6 +27.5 +35.5 +45.9 +43.7 +52.1 +58.2 +62.2 +53.8 +72.7 +56.6 +50.3 +56.0 +54.6 +43.6  +47.0
   4.50 +25.6 +14.3 +26.9 +35.6 +49.4 +48.5 +57.2 +60.7 +63.5 +54.6 +74.0 +59.5 +53.8 +56.8 +54.3 +46.1  +48.8
   4.75 +25.4 +14.1 +25.9 +34.8 +47.6 +47.0 +55.6 +58.3 +60.5 +52.8 +72.6 +58.0 +51.8 +55.5 +50.4 +42.5  +47.1
   5.00 +25.1 +16.1 +29.2 +38.7 +47.1 +44.5 +52.7 +56.0 +57.5 +49.5 +68.9 +54.2 +49.0 +53.5 +48.1 +39.9  +45.6

  MDD heatmap:
  trail    30    48    60    72    84    96   108   120   144   168   200   240   300   360   500   720  mean
  --------------------------------------------------------------------------------------------------------------
   2.00  71.6  57.4  52.7  53.2  45.5  49.8  38.4  35.9  40.4  49.1  41.6  45.7  50.0  52.2  47.4  52.1  48.9
   2.25  69.6  55.4  52.5  50.5  47.1  47.0  43.3  40.8  42.1  47.7  44.1  44.0  51.4  47.5  53.9  52.3  49.3
   2.50  69.5  54.9  54.2  46.2  43.2  44.0  41.3  38.9  40.5  46.5  38.4  38.5  49.3  49.8  50.6  50.7  47.3
   2.75  71.3  59.1  54.2  48.6  46.1  46.0  42.7  40.0  41.2  48.2  40.3  41.3  49.1  47.4  48.2  58.0  48.8
   3.00  71.9  62.4  54.1  50.1  47.9  47.5  44.0  41.5  42.3  50.3  41.8  42.0  47.0  48.8  49.5  59.8  50.1 ← DEF
   3.25  73.2  66.9  61.7  58.9  53.7  53.0  47.5  45.5  45.4  52.4  45.6  45.7  46.8  50.2  55.0  59.9  53.8
   3.50  73.2  69.5  65.3  62.9  58.5  58.6  56.8  54.4  54.9  62.2  54.5  54.5  55.5  54.7  58.9  63.0  59.8
   3.75  73.6  72.5  65.2  63.7  59.0  56.9  58.4  56.3  56.9  62.2  56.1  57.5  58.4  57.8  58.1  65.8  61.1
   4.00  73.4  74.2  63.4  63.2  58.4  58.4  56.8  54.6  55.1  58.4  52.8  54.4  56.7  54.5  59.5  61.4  59.7
   4.25  74.0  75.5  58.9  57.9  49.9  48.6  43.6  40.7  41.3  47.4  38.8  43.9  45.7  46.1  43.5  51.7  50.5
   4.50  74.0  76.1  61.8  61.3  50.8  49.0  39.5  37.5  37.3  46.5  38.8  42.7  41.9  50.2  49.2  49.6  50.4
   4.75  74.0  75.1  62.9  60.8  50.6  49.6  39.5  37.5  35.5  44.5  35.1  41.7  40.5  49.1  48.4  48.4  49.6
   5.00  74.0  74.4  62.1  61.5  53.3  53.5  38.9  38.4  40.6  48.1  38.2  44.6  43.6  51.7  49.8  52.7  51.6

  Trades heatmap:
  trail    30    48    60    72    84    96   108   120   144   168   200   240   300   360   500   720
  -------------------------------------------------------------------------------------------------------
   2.00   418   374   345   321   303   305   308   302   291   289   270   274   283   285   288   296
   2.25   391   346   321   294   276   277   282   277   262   262   244   247   257   258   260   269
   2.50   372   322   299   271   251   250   253   247   236   237   220   226   236   236   236   244
   2.75   351   296   276   246   230   228   227   222   210   214   200   202   212   209   205   213
   3.00   342   280   257   231   218   217   216   211   199   201   188   188   197   194   193   199 ← DEF
   3.25   334   262   242   217   203   203   202   196   185   185   173   172   177   176   174   178
   3.50   329   251   231   209   196   195   194   188   177   177   162   163   167   162   161   162
   3.75   327   242   219   197   179   177   178   173   159   159   145   146   148   144   146   147
   4.00   327   234   205   183   167   165   165   161   147   147   133   135   138   133   134   134
   4.25   325   228   192   172   154   152   152   147   132   132   119   121   124   118   118   118
   4.50   323   227   187   163   143   140   142   139   126   125   112   112   113   112   111   109
   4.75   323   226   183   158   141   139   138   136   123   122   106   108   109   109   107   103
   5.00   323   220   173   146   129   131   132   129   117   117    99   103   103   101    95    93

==========================================================================================
PHASE 2: BOOTSTRAP — 500 paths × 16 TS × 13 trails
==========================================================================================
        1/500  (0s, ~0s left)
       50/500  (528s, ~4753s left)
      100/500  (1025s, ~4100s left)
      150/500  (1482s, ~3457s left)
      200/500  (1939s, ~2908s left)
      250/500  (2387s, ~2387s left)
      300/500  (2786s, ~1857s left)
      350/500  (3095s, ~1327s left)
      400/500  (3598s, ~899s left)
      450/500  (3895s, ~433s left)
      500/500  (4171s, ~0s left)

  Done: 4176.2s (69.6 min)

  BINOMIAL SUMMARY (each trail vs DEFAULT trail=3.0):
  trail   Sh w        Sh p     Sh   CG w        CG p     CG   MD w        MD p     MD   NV w        NV p     NV
  --------------------------------------------------------------------------------------------------------------
   2.00    0/16    1.000000          0/16    1.000000          6/16    0.894943          0/16    1.000000      
   2.25    0/16    1.000000          0/16    1.000000          3/16    0.997910          0/16    1.000000      
   2.50    0/16    1.000000          0/16    1.000000          3/16    0.997910          0/16    1.000000      
   2.75    4/16    0.989365          3/16    0.997910         15/16    0.000259   ***    3/16    0.997910      
   3.00  --- DEFAULT ---
   3.25    3/16    0.997910          3/16    0.997910          1/16    0.999985          3/16    0.997910      
   3.50    1/16    0.999985          1/16    0.999985          0/16    1.000000          1/16    0.999985      
   3.75    1/16    0.999985          1/16    0.999985          1/16    0.999985          1/16    0.999985      
   4.00    2/16    0.999741          3/16    0.997910          1/16    0.999985          3/16    0.997910      
   4.25   13/16    0.010635     *   16/16    0.000015   ***    1/16    0.999985         16/16    0.000015   ***
   4.50   16/16    0.000015   ***   16/16    0.000015   ***    1/16    0.999985         16/16    0.000015   ***
   4.75   16/16    0.000015   ***   16/16    0.000015   ***    1/16    0.999985         16/16    0.000015   ***
   5.00   16/16    0.000015   ***   16/16    0.000015   ***    1/16    0.999985         16/16    0.000015   ***

  Median Sharpe per trail (bootstrap):
  trail    30    48    60    72    84    96   108   120   144   168   200   240   300   360   500   720  mean
  --------------------------------------------------------------------------------------------------------------
   2.00 +0.357 +0.433 +0.431 +0.439 +0.447 +0.436 +0.423 +0.414 +0.415 +0.383 +0.384 +0.385 +0.359 +0.341 +0.325 +0.323  +0.393
   2.25 +0.358 +0.436 +0.433 +0.444 +0.433 +0.442 +0.434 +0.446 +0.435 +0.422 +0.410 +0.427 +0.390 +0.378 +0.364 +0.344  +0.412
   2.50 +0.363 +0.428 +0.448 +0.458 +0.457 +0.468 +0.468 +0.483 +0.464 +0.460 +0.436 +0.427 +0.420 +0.408 +0.406 +0.374  +0.436
   2.75 +0.380 +0.474 +0.504 +0.505 +0.513 +0.514 +0.518 +0.538 +0.537 +0.523 +0.520 +0.503 +0.480 +0.461 +0.463 +0.442  +0.492
   3.00 +0.409 +0.476 +0.508 +0.515 +0.511 +0.525 +0.532 +0.542 +0.516 +0.507 +0.513 +0.512 +0.462 +0.464 +0.457 +0.436  +0.493 ← DEF
   3.25 +0.423 +0.482 +0.506 +0.511 +0.515 +0.536 +0.520 +0.525 +0.493 +0.484 +0.494 +0.477 +0.453 +0.442 +0.419 +0.398  +0.480
   3.50 +0.422 +0.453 +0.469 +0.480 +0.486 +0.500 +0.509 +0.501 +0.477 +0.464 +0.460 +0.463 +0.445 +0.427 +0.412 +0.398  +0.460
   3.75 +0.445 +0.464 +0.468 +0.491 +0.495 +0.508 +0.502 +0.510 +0.489 +0.491 +0.475 +0.472 +0.453 +0.433 +0.437 +0.426  +0.472
   4.00 +0.446 +0.464 +0.472 +0.485 +0.501 +0.504 +0.522 +0.499 +0.488 +0.495 +0.496 +0.484 +0.466 +0.457 +0.444 +0.430  +0.478
   4.25 +0.454 +0.464 +0.502 +0.511 +0.521 +0.532 +0.526 +0.525 +0.534 +0.509 +0.515 +0.528 +0.507 +0.478 +0.485 +0.477  +0.504
   4.50 +0.460 +0.470 +0.492 +0.533 +0.550 +0.560 +0.557 +0.553 +0.552 +0.541 +0.530 +0.563 +0.521 +0.498 +0.489 +0.470  +0.521
   4.75 +0.460 +0.468 +0.500 +0.522 +0.541 +0.560 +0.555 +0.546 +0.543 +0.543 +0.530 +0.559 +0.525 +0.489 +0.482 +0.481  +0.519
   5.00 +0.460 +0.466 +0.498 +0.533 +0.540 +0.552 +0.555 +0.542 +0.539 +0.530 +0.519 +0.544 +0.505 +0.481 +0.469 +0.454  +0.512

  Median MDD per trail (bootstrap):
  trail    30    48    60    72    84    96   108   120   144   168   200   240   300   360   500   720  mean
  --------------------------------------------------------------------------------------------------------------
   2.00  69.1  66.1  64.4  63.5  64.3  63.5  63.8  63.7  64.4  64.8  65.2  65.2  65.1  66.6  67.5  69.8  65.4
   2.25  69.7  67.1  65.3  64.4  65.2  64.2  64.4  64.3  63.9  64.3  64.0  65.1  64.9  66.0  67.4  68.9  65.6
   2.50  70.1  67.5  66.0  65.0  64.5  63.6  63.7  64.2  63.9  64.7  64.4  65.4  63.9  65.1  65.6  67.7  65.3
   2.75  70.5  67.2  65.3  64.2  64.4  63.1  63.1  63.1  62.4  62.5  62.6  62.9  63.0  63.1  64.7  66.6  64.3
   3.00  70.4  67.5  65.3  64.6  64.9  63.3  63.2  62.7  62.8  63.4  63.7  63.4  63.5  64.3  66.4  67.8  64.8 ← DEF
   3.25  70.1  67.6  66.2  65.1  64.8  63.8  63.6  63.8  64.1  64.2  64.6  65.3  65.9  66.5  68.6  70.6  65.9
   3.50  70.6  69.0  68.0  66.4  66.3  65.1  65.2  65.7  65.7  66.0  65.5  66.3  66.9  66.9  68.9  70.0  67.0
   3.75  70.1  69.2  67.9  67.0  66.7  66.0  65.7  65.8  66.2  65.9  66.2  66.3  66.6  66.7  68.1  69.5  67.1
   4.00  70.1  69.7  68.3  67.7  67.0  66.4  66.5  66.3  66.6  66.3  66.7  66.4  66.2  66.7  67.9  69.8  67.4
   4.25  70.2  69.6  68.5  66.6  66.6  65.9  65.8  65.7  65.6  66.1  66.0  65.5  65.5  65.9  67.3  69.7  66.9
   4.50  69.8  69.7  67.8  66.4  66.4  65.1  65.0  65.0  64.8  64.8  64.7  65.1  64.9  65.5  66.8  69.2  66.3
   4.75  70.0  69.3  68.4  66.6  66.6  65.1  65.5  65.0  64.7  64.6  65.0  66.0  65.3  66.0  67.4  69.6  66.6
   5.00  70.1  69.3  68.7  67.1  66.6  65.0  65.4  65.9  65.0  65.5  65.6  66.4  66.1  67.1  68.2  70.5  67.0

==========================================================================================
VERDICT
==========================================================================================

  Trail sweep summary (vs DEFAULT trail=3.0):
  trail    Sharpe      CAGR       MDD       NAV            Assessment
  -----------------------------------------------------------------
   2.00      0/16      0/16      6/16      0/16                 WORSE
   2.25      0/16      0/16      3/16      0/16                 WORSE
   2.50      0/16      0/16      3/16      0/16                 WORSE
   2.75      4/16      3/16     15/16      3/16  LESS RETURN, LESS RISK
   3.00                      --- DEFAULT ---                    
   3.25      3/16      3/16      1/16      3/16                 WORSE
   3.50      1/16      1/16      0/16      1/16                 WORSE
   3.75      1/16      1/16      1/16      1/16                 WORSE
   4.00      2/16      3/16      1/16      3/16                 WORSE
   4.25     13/16     16/16      1/16     16/16  MORE RETURN, MORE RISK
   4.50     16/16     16/16      1/16     16/16  MORE RETURN, MORE RISK
   4.75     16/16     16/16      1/16     16/16  MORE RETURN, MORE RISK
   5.00     16/16     16/16      1/16     16/16  MORE RETURN, MORE RISK

  Total time: 4185s (69.7 min)
  Saved: /var/www/trading-bots/btc-spot-dev/research/results/trail_sweep/trail_sweep.json
==========================================================================================
