======================================================================
VEXIT STUDY — EXIT & ENTRY FACTORIAL ANALYSIS
======================================================================
  2×2 factorial: {standard, ratchet} trail × {EMA, twin} entry
  Primary: V-TWIN-RATCH vs VTREND (α=0.05)
  Period: 2019-01-01 -> 2026-02-20   Warmup: 365d
  Cost: harsh (50 bps RT)
  Bootstrap: 2000 paths, block=60, seed=42
  Default N=120 (20 days)

Loading data...
  17838 H4 bars, warmup idx=2190, trading=15648 bars

======================================================================
PHASE 1: REAL DATA COMPARISON
======================================================================

      N  days       --- VTREND ---           --- V-RATCH ---            --- VTWIN ---          --- V-TWIN-RATCH ---  
                  CAGR    MDD     Sh   Tr     CAGR    MDD     Sh   Tr     CAGR    MDD     Sh   Tr     CAGR    MDD     Sh   Tr
  ------------------------------------------------------------------------------------------------------------------------
     30   5.0   +21.1%  71.9% +0.673  342   +21.4%  71.0% +0.682  360   +28.7%  44.0% +0.900  165   +22.6%  42.1% +0.779  170
     48   8.0   +19.8%  62.4% +0.654  280   +20.9%  58.9% +0.679  302   +33.3%  36.0% +1.045  117   +27.3%  37.5% +0.940  124
     60  10.0   +26.7%  54.1% +0.797  257   +29.0%  52.7% +0.847  279   +33.4%  38.9% +1.068  104   +27.8%  33.7% +0.973  111
     72  12.0   +36.4%  50.1% +0.993  231   +39.8%  47.6% +1.064  251   +32.3%  36.1% +1.066   95   +26.3%  31.7% +0.955  102
     84  14.0   +43.9%  47.9% +1.129  218   +47.3%  46.2% +1.195  234   +35.5%  36.1% +1.165   84   +30.3%  31.7% +1.087   90
     96  16.0   +41.1%  47.5% +1.077  217   +44.7%  45.4% +1.148  232   +38.4%  30.4% +1.251   78   +33.0%  28.3% +1.174   84
    108  18.0   +48.6%  44.0% +1.209  216   +52.3%  39.7% +1.280  233   +39.4%  30.4% +1.288   74   +34.0%  25.8% +1.214   80
    120  20.0   +52.7%  41.5% +1.276  211   +57.0%  37.2% +1.356  226   +37.5%  29.9% +1.244   73   +32.1%  26.5% +1.166   79
    144  24.0   +55.9%  42.3% +1.328  199   +59.3%  38.1% +1.392  214   +31.6%  35.1% +1.115   69   +27.0%  33.0% +1.046   74
    168  28.0   +48.1%  50.3% +1.193  201   +52.2%  46.1% +1.270  215   +26.6%  48.0% +1.008   64   +21.6%  41.9% +0.905   69
    200  33.3   +63.1%  41.8% +1.432  188   +67.9%  40.2% +1.514  201   +24.3%  40.8% +0.958   60   +20.3%  34.2% +0.881   64
    240  40.0   +50.5%  42.0% +1.227  188   +53.9%  38.2% +1.292  204   +22.9%  40.8% +0.940   56   +18.9%  34.2% +0.861   60
    300  50.0   +38.9%  47.0% +1.017  197   +41.0%  47.8% +1.060  217   +23.8%  37.9% +0.984   49   +19.7%  32.2% +0.904   53
    360  60.0   +45.1%  48.8% +1.114  194   +46.2%  49.6% +1.137  215   +22.3%  32.9% +0.945   45   +20.4%  27.3% +0.935   48
    500  83.3   +43.3%  49.5% +1.074  193   +44.5%  50.6% +1.099  213   +20.2%  38.1% +0.911   39   +18.2%  32.1% +0.897   42
    720 120.0   +30.7%  59.8% +0.838  199   +38.0%  52.3% +0.976  220   +18.7%  31.3% +0.901   33   +16.4%  25.3% +0.880   36

  SUMMARY at N=120:
    VTREND          : CAGR=+52.7%  MDD=41.5%  Sharpe=1.276  Trades=211
    V-RATCH         : CAGR=+57.0%  MDD=37.2%  Sharpe=1.356  Trades=226
    VTWIN           : CAGR=+37.5%  MDD=29.9%  Sharpe=1.244  Trades=73
    V-TWIN-RATCH    : CAGR=+32.1%  MDD=26.5%  Sharpe=1.166  Trades=79

======================================================================
PHASE 2: BOOTSTRAP 2000 PATHS × N=120 × 4 VARIANTS
======================================================================
        1/2000  (0s, ~0s left)
      200/2000  (26s, ~235s left)
      400/2000  (52s, ~209s left)
      600/2000  (78s, ~183s left)
      800/2000  (105s, ~157s left)
     1000/2000  (131s, ~131s left)
     1200/2000  (157s, ~105s left)
     1400/2000  (184s, ~79s left)
     1600/2000  (210s, ~53s left)
     1800/2000  (236s, ~26s left)
     2000/2000  (262s, ~0s left)

  Done: 262.6s (8000 sims, 30 sims/sec)

======================================================================
BOOTSTRAP DISTRIBUTIONS
======================================================================

  Timescale: N=120 (20 days)

  -- VTREND (baseline) --
    cagr     med=  +9.696  [p5=-15.315, p95=+45.475]  P(>0)=70.9%
    mdd      med= +64.348  [p5=+45.475, p95=+86.773]
    sharpe   med=  +0.432  [p5= -0.237, p95= +1.096]  P(>0)=85.5%
    calmar   med=  +0.158  [p5= -0.188, p95= +0.875]
    trades   med=+230.000  [p5=+205.000, p95=+256.000]

  -- V-RATCH --
    cagr     med=  +9.239  [p5=-15.330, p95=+44.373]  P(>0)=71.5%
    mdd      med= +63.556  [p5=+44.857, p95=+85.733]
    sharpe   med=  +0.422  [p5= -0.262, p95= +1.103]  P(>0)=84.7%
    calmar   med=  +0.151  [p5= -0.184, p95= +0.867]
    trades   med=+253.000  [p5=+225.000, p95=+280.000]

  -- VTWIN --
    cagr     med=  +9.462  [p5= -7.606, p95=+32.583]  P(>0)=79.5%
    mdd      med= +46.809  [p5=+30.752, p95=+68.972]
    sharpe   med=  +0.466  [p5= -0.182, p95= +1.101]  P(>0)=87.3%
    calmar   med=  +0.201  [p5= -0.120, p95= +0.933]
    trades   med= +79.000  [p5=+67.000, p95=+91.050]

  -- V-TWIN-RATCH --
    cagr     med=  +6.744  [p5= -8.654, p95=+27.237]  P(>0)=73.6%
    mdd      med= +46.518  [p5=+30.288, p95=+68.789]
    sharpe   med=  +0.383  [p5= -0.253, p95= +1.023]  P(>0)=83.0%
    calmar   med=  +0.151  [p5= -0.139, p95= +0.813]
    trades   med= +85.000  [p5=+71.950, p95=+98.000]

======================================================================
PAIRED COMPARISONS vs VTREND (N=120, same 2000 paths)
======================================================================
  P(variant better) > 97.5% = significant at α=0.05 (one-sided).

  --- V-RATCH vs VTREND ---
    Dcagr     mean= -0.1877  P(V-RATCH higher)= 49.5%  95%CI=[-8.3678, +7.0760]
    Dmdd      mean= +0.6763  P(V-RATCH lower )= 58.7%  95%CI=[-8.8789, +8.8576]
    Dsharpe   mean= -0.0025  P(V-RATCH higher)= 49.5%  95%CI=[-0.1796, +0.1659]
    Dcalmar   mean= -0.0008  P(V-RATCH higher)= 51.2%  95%CI=[-0.1795, +0.1678]

  --- VTWIN vs VTREND ---
    Dcagr     mean= -1.1748  P(VTWIN higher)= 49.3%  95%CI=[-29.4871, +20.8849]
    Dmdd      mean=+16.9963  P(VTWIN lower )= 91.0%  95%CI=[-8.5503, +41.1558]
    Dsharpe   mean= +0.0305  P(VTWIN higher)= 54.4%  95%CI=[-0.5831, +0.6291]
    Dcalmar   mean= +0.0461  P(VTWIN higher)= 61.1%  95%CI=[-0.5703, +0.6206]

  --- V-TWIN-RATCH vs VTREND ---
    Dcagr     mean= -4.0115  P(V-TWIN-RATCH higher)= 41.9%  95%CI=[-34.6697, +20.0531]
    Dmdd      mean=+17.3580  P(V-TWIN-RATCH lower )= 89.8%  95%CI=[-9.3926, +43.4746]
    Dsharpe   mean= -0.0515  P(V-TWIN-RATCH higher)= 43.5%  95%CI=[-0.6853, +0.6044]
    Dcalmar   mean= -0.0167  P(V-TWIN-RATCH higher)= 50.1%  95%CI=[-0.6661, +0.5643]


======================================================================
FACTORIAL DECOMPOSITION (N=120)
======================================================================
  Factor A: {standard, ratcheting} trail
  Factor B: {EMA only, EMA+Donchian} entry

  cagr   :
    Ratchet effect:  mean= -1.5122  P(helps)= 35.9%
    Donchian effect: mean= -2.4993  P(helps)= 45.2%
    Interaction:     mean= -2.6490  P(synergy)= 27.7%

  mdd    :
    Ratchet effect:  mean= -0.5190  P(helps)= 56.9%
    Donchian effect: mean=-16.8390  P(helps)= 91.3%
    Interaction:     mean= +0.3146  P(synergy)= 49.6%

  sharpe :
    Ratchet effect:  mean= -0.0423  P(helps)= 35.1%
    Donchian effect: mean= -0.0092  P(helps)= 48.9%
    Interaction:     mean= -0.0795  P(synergy)= 27.7%

  calmar :
    Ratchet effect:  mean= -0.0318  P(helps)= 38.3%
    Donchian effect: mean= +0.0151  P(helps)= 55.8%
    Interaction:     mean= -0.0620  P(synergy)= 31.5%


  >>> Promising signal detected. Running full timescale sweep...

======================================================================
PHASE 2: BOOTSTRAP 2000 PATHS × 16 timescales × 4 VARIANTS
======================================================================
        1/2000  (0s, ~0s left)
      200/2000  (359s, ~3233s left)
      400/2000  (721s, ~2886s left)
      600/2000  (1084s, ~2529s left)
      800/2000  (1444s, ~2166s left)
     1000/2000  (1805s, ~1805s left)
     1200/2000  (2168s, ~1445s left)
     1400/2000  (2528s, ~1083s left)
     1600/2000  (3393s, ~848s left)
     1800/2000  (4228s, ~470s left)
     2000/2000  (5045s, ~0s left)

  Done: 5049.1s (128000 sims, 25 sims/sec)

======================================================================
TIMESCALE ROBUSTNESS
======================================================================

  -- VTREND --
      N  days   medSh  medCAGR  medMDD  P(C>0)
  --------------------------------------------------
     30   5.0  +0.325    +5.0%   69.9%   61.2% *
     48   8.0  +0.393    +8.0%   67.1%   68.0% *
     60  10.0  +0.425    +9.4%   65.6%   70.2% **
     72  12.0  +0.427    +9.5%   65.2%   71.0% **
     84  14.0  +0.437    +9.9%   64.6%   71.5% **
     96  16.0  +0.442   +10.1%   64.5%   71.8% **
    108  18.0  +0.430    +9.7%   64.4%   71.4% **
    120  20.0  +0.432    +9.7%   64.3%   70.9% **
    144  24.0  +0.428    +9.5%   64.8%   70.2% **
    168  28.0  +0.414    +8.9%   65.3%   70.0% *
    200  33.3  +0.395    +8.1%   65.9%   68.8% *
    240  40.0  +0.379    +7.3%   66.2%   67.3% *
    300  50.0  +0.370    +6.9%   67.1%   65.8% *
    360  60.0  +0.362    +6.6%   67.4%   64.5% *
    500  83.3  +0.351    +6.0%   68.4%   64.0% *
    720 120.0  +0.335    +5.3%   68.7%   63.3% *

  -- V-RATCH --
      N  days   medSh  medCAGR  medMDD  P(C>0)
  --------------------------------------------------
     30   5.0  +0.323    +4.9%   69.7%   60.4% *
     48   8.0  +0.382    +7.5%   66.4%   69.0% *
     60  10.0  +0.420    +9.2%   64.8%   70.5% **
     72  12.0  +0.432    +9.7%   64.2%   71.9% **
     84  14.0  +0.447   +10.4%   63.6%   72.2% **
     96  16.0  +0.441   +10.1%   63.5%   72.5% **
    108  18.0  +0.433    +9.7%   63.8%   71.2% **
    120  20.0  +0.422    +9.2%   63.6%   71.5% **
    144  24.0  +0.415    +8.9%   64.0%   70.5% **
    168  28.0  +0.409    +8.7%   64.3%   70.0% *
    200  33.3  +0.390    +7.9%   65.1%   69.2% *
    240  40.0  +0.383    +7.5%   65.2%   67.8% *
    300  50.0  +0.370    +6.9%   66.3%   66.5% *
    360  60.0  +0.362    +6.6%   66.3%   65.8% *
    500  83.3  +0.344    +5.9%   67.3%   64.1% *
    720 120.0  +0.335    +5.3%   67.9%   62.9% *

  -- VTWIN --
      N  days   medSh  medCAGR  medMDD  P(C>0)
  --------------------------------------------------
     30   5.0  +0.490   +11.6%   57.2%   78.6% **
     48   8.0  +0.524   +12.6%   53.6%   81.5% **
     60  10.0  +0.509   +11.6%   52.1%   81.5% **
     72  12.0  +0.492   +10.9%   50.6%   81.3% **
     84  14.0  +0.485   +10.4%   49.5%   80.5% **
     96  16.0  +0.476   +10.1%   48.4%   79.6% **
    108  18.0  +0.462    +9.5%   47.6%   79.7% **
    120  20.0  +0.466    +9.5%   46.8%   79.5% **
    144  24.0  +0.446    +8.6%   46.0%   78.0% **
    168  28.0  +0.428    +8.0%   44.9%   77.3% **
    200  33.3  +0.405    +7.3%   43.5%   76.3% **
    240  40.0  +0.408    +7.1%   42.5%   75.2% **
    300  50.0  +0.379    +6.3%   41.2%   74.0% **
    360  60.0  +0.362    +5.7%   40.5%   73.2% **
    500  83.3  +0.323    +4.6%   39.0%   71.5% **
    720 120.0  +0.306    +4.0%   37.0%   68.8% *

  -- V-TWIN-RATCH --
      N  days   medSh  medCAGR  medMDD  P(C>0)
  --------------------------------------------------
     30   5.0  +0.408    +8.4%   57.9%   71.8% **
     48   8.0  +0.457    +9.7%   53.0%   75.9% **
     60  10.0  +0.436    +8.9%   51.8%   75.4% **
     72  12.0  +0.409    +8.0%   50.7%   74.6% **
     84  14.0  +0.405    +7.6%   49.5%   75.3% **
     96  16.0  +0.395    +7.2%   48.1%   74.4% **
    108  18.0  +0.382    +6.8%   47.4%   74.5% **
    120  20.0  +0.383    +6.7%   46.5%   73.6% **
    144  24.0  +0.367    +6.2%   45.0%   72.5% **
    168  28.0  +0.355    +5.9%   43.8%   71.7% **
    200  33.3  +0.334    +5.2%   42.6%   70.2% **
    240  40.0  +0.329    +4.9%   41.7%   71.0% **
    300  50.0  +0.296    +4.1%   40.9%   69.1% *
    360  60.0  +0.288    +3.9%   40.1%   68.0% *
    500  83.3  +0.250    +3.0%   38.1%   66.4% *
    720 120.0  +0.236    +2.6%   36.3%   64.5% *

======================================================================
PAIRED COMPARISON ACROSS TIMESCALES
======================================================================

  --- V-RATCH vs VTREND ---
      N  days   P(Sh+)  P(MDD-)  P(CAGR+)  P(Calm+)
  -------------------------------------------------------
     30   5.0    45.0%    56.0%     45.6%     45.6%
     48   8.0    52.0%    60.3%     52.1%     53.1%
     60  10.0    52.0%    60.8%     52.0%     54.2%
     72  12.0    52.0%    60.4%     52.3%     54.0%
     84  14.0    51.1%    60.4%     50.7%     52.6%
     96  16.0    50.8%    58.9%     50.3%     53.0%
    108  18.0    50.4%    58.9%     49.6%     51.6%
    120  20.0    49.5%    58.7%     49.5%     51.2%
    144  24.0    50.0%    59.4%     49.5%     51.5%
    168  28.0    48.6%    57.8%     48.5%     49.9%
    200  33.3    49.9%    57.0%     49.9%     51.0%
    240  40.0    50.5%    58.8%     50.3%     51.7%
    300  50.0    50.0%    57.7%     50.7%     52.0%
    360  60.0    51.4%    59.3%     51.7%     53.1%
    500  83.3    50.5%    57.9%     50.7%     52.1%
    720 120.0    52.8%    59.0%     52.8%     53.3%

  --- VTWIN vs VTREND ---
      N  days   P(Sh+)  P(MDD-)  P(CAGR+)  P(Calm+)
  -------------------------------------------------------
     30   5.0    76.6%    88.5%     76.0%     79.4%
     48   8.0    70.0%    89.5%     66.5%     74.2%
     60  10.0    63.6%    89.0%     60.7%     68.5%
     72  12.0    59.5%    88.7%     55.1%     64.7%
     84  14.0    56.1%    89.2%     52.0%     61.7%
     96  16.0    55.6%    90.6%     50.6%     61.0%
    108  18.0    56.1%    90.0%     51.3%     61.7%
    120  20.0    54.4%    91.0%     49.3%     61.1%
    144  24.0    53.1%    90.6%     49.5%     60.5%
    168  28.0    51.3%    91.8%     48.0%     59.8%
    200  33.3    52.2%    92.8%     48.8%     59.4%
    240  40.0    50.4%    93.5%     47.3%     59.1%
    300  50.0    49.1%    95.2%     47.3%     58.6% *
    360  60.0    47.4%    95.9%     47.5%     58.0% *
    500  83.3    46.6%    97.2%     47.6%     56.3% *
    720 120.0    46.1%    97.5%     47.2%     57.5% ***

  --- V-TWIN-RATCH vs VTREND ---
      N  days   P(Sh+)  P(MDD-)  P(CAGR+)  P(Calm+)
  -------------------------------------------------------
     30   5.0    61.7%    86.1%     62.5%     67.9%
     48   8.0    56.6%    88.0%     54.1%     62.0%
     60  10.0    51.9%    87.7%     48.8%     56.8%
     72  12.0    47.9%    87.5%     45.1%     53.3%
     84  14.0    45.5%    87.5%     42.2%     52.2%
     96  16.0    43.9%    88.9%     41.3%     50.8%
    108  18.0    43.3%    89.6%     41.1%     51.2%
    120  20.0    43.5%    89.8%     41.9%     50.1%
    144  24.0    44.6%    90.6%     41.9%     51.5%
    168  28.0    43.0%    91.8%     41.4%     52.4%
    200  33.3    42.8%    93.1%     42.1%     51.8%
    240  40.0    43.0%    93.9%     43.4%     52.7%
    300  50.0    43.0%    95.8%     43.0%     51.8% *
    360  60.0    43.0%    96.2%     43.0%     51.8% *
    500  83.3    41.8%    97.2%     43.1%     52.1% *
    720 120.0    40.0%    97.7%     43.3%     52.0% ***

======================================================================
DETERMINATION: FAIL
  No variant reaches P > 97.5% on any metric (best: 91.0%)
======================================================================

  Results saved to /var/www/trading-bots/btc-spot-dev/research/results/vexit_study.json
