/var/www/trading-bots/btc-spot-dev/research/vtrend_param_sensitivity.py:37: UserWarning: Importing from 'research' package — this is research code. For production use, import from the appropriate production module instead (e.g., 'monitoring.regime_monitor').
  from research.lib.vcbb import make_ratios, precompute_vcbb, gen_path_vcbb
VTREND PARAMETER SENSITIVITY STUDY
==========================================================================================
  Defaults: slow=120, fast=30, trail=3.0, ATR=14, VDO=12/28, VDO_thr=0.0
  Data: 17838 H4 bars, warmup index = 2190

==========================================================================================
PHASE 1: 1D PARAMETER SWEEPS (real data)
==========================================================================================

  1A: slow_period sweep (fast = slow÷4)
   slow   days  fast   Sharpe     CAGR     MDD   Calmar   Trd
  -------------------------------------------------------
    138   23.0    34   +1.423   +61.7%   40.1%   +1.539   200
    210   35.0    52   +1.364   +58.8%   42.0%   +1.399   187
    204   34.0    51   +1.362   +58.6%   42.8%   +1.369   190
    132   22.0    33   +1.335   +56.3%   41.8%   +1.347   199
    144   24.0    36   +1.328   +55.9%   42.3%   +1.320   199
    216   36.0    54   +1.328   +56.3%   43.0%   +1.309   187
    198   33.0    49   +1.327   +56.7%   49.3%   +1.150   195
    192   32.0    48   +1.325   +56.5%   47.0%   +1.202   196
    126   21.0    31   +1.318   +55.2%   40.8%   +1.352   203
    156   26.0    39   +1.285   +53.4%   46.6%   +1.146   204
    222   37.0    55   +1.283   +53.6%   45.5%   +1.179   187
    150   25.0    37   +1.281   +53.1%   44.9%   +1.182   198
    120   20.0    30   +1.276   +52.7%   41.5%   +1.268   211
    186   31.0    46   +1.253   +52.2%   47.7%   +1.094   196
    228   38.0    57   +1.243   +51.3%   47.3%   +1.085   187

  Peak Sharpe: +1.4232 at slow=138 (23.0d)
  Within 5%:  slow=138-210 (23-35d, 3 points)
  Within 10%: slow=126-222 (21-37d, 12 points)
  Default (120): +1.2765  Rank: 13/118

  1B: fast/slow ratio sweep (slow=120)
  ratio  fast   Sharpe     CAGR     MDD   Calmar   Trd
  --------------------------------------------------
      2    60   +1.325   +55.5%   48.6%   +1.141   201
      3    40   +1.315   +55.0%   43.5%   +1.263   203
      4    30   +1.276   +52.7%   41.5%   +1.268   211 ← default
      5    24   +1.232   +50.0%   44.4%   +1.126   209
      6    20   +1.200   +48.2%   46.9%   +1.028   213
      8    15   +1.189   +47.7%   44.7%   +1.068   210
     10    12   +1.211   +49.1%   44.5%   +1.103   211
     12    10   +1.181   +47.5%   45.3%   +1.049   219

  1B-ext: ratio sweep across multiple slow periods
   slow      2:1      3:1      4:1      5:1      6:1      8:1  best_r
  ------------------------------------------------------------
     60   +1.030   +0.874   +0.797   +0.696   +0.745   +0.760       2:1
     84   +1.116   +1.116   +1.129   +1.174   +1.115   +0.987       5:1
     96   +1.282   +1.126   +1.077   +1.168   +1.130   +1.140       2:1
    108   +1.293   +1.273   +1.209   +1.143   +1.154   +1.151       2:1
    120   +1.325   +1.315   +1.276   +1.232   +1.200   +1.189       2:1
    144   +1.237   +1.268   +1.328   +1.376   +1.221   +1.230       5:1
    168   +1.239   +1.269   +1.193   +1.216   +1.277   +1.304       8:1
    200   +1.102   +1.196   +1.432   +1.191   +1.171   +1.199       4:1
    240   +0.992   +1.110   +1.227   +1.254   +1.326   +1.153       6:1
    300   +1.108   +1.098   +1.017   +1.121   +1.051   +1.158       8:1

  1C: trail_mult sweep (slow=120, fast=30)
  trail   Sharpe     CAGR     MDD   Calmar   Trd
  ------------------------------------------
    0.5   +0.049    -3.5%   85.3%   -0.041   855
    1.0   +1.045   +35.0%   38.0%   +0.920   539
    1.5   +1.262   +48.1%   40.4%   +1.190   381
    2.0   +1.253   +48.8%   35.9%   +1.360   302
    2.5   +1.306   +53.5%   38.9%   +1.375   247
    3.0   +1.276   +52.7%   41.5%   +1.268   211 ← default
    3.5   +1.056   +40.9%   54.4%   +0.751   188
    4.0   +1.146   +46.8%   54.6%   +0.857   161
    4.5   +1.357   +60.7%   37.5%   +1.619   139
    5.0   +1.279   +56.0%   38.4%   +1.456   129
    5.5   +1.163   +49.0%   41.9%   +1.169   119
    6.0   +1.225   +53.1%   43.7%   +1.216   110
    7.0   +1.176   +50.7%   52.0%   +0.974    95
    8.0   +1.259   +56.2%   50.1%   +1.123    86
   10.0   +1.234   +54.7%   50.1%   +1.092    84

  1C-ext: trail_mult sweep across slow periods
   slow      1.0      2.0      2.5      3.0      3.5      4.0      5.0   best
  -----------------------------------------------------------------
     60   +0.548   +0.860   +0.760   +0.797   +0.639   +0.724   +0.824    2.0
     84   +0.909   +1.158   +1.138   +1.129   +0.933   +0.992   +1.140    2.0
     96   +0.908   +1.079   +1.099   +1.077   +0.885   +0.939   +1.098    2.5
    108   +0.977   +1.171   +1.244   +1.209   +0.997   +1.067   +1.231    2.5
    120   +1.045   +1.253   +1.306   +1.276   +1.056   +1.146   +1.279    2.5
    144   +0.968   +1.279   +1.341   +1.328   +1.095   +1.219   +1.302    2.5
    168   +0.880   +1.132   +1.194   +1.193   +0.981   +1.116   +1.171    2.5
    200   +1.032   +1.397   +1.439   +1.432   +1.267   +1.376   +1.459    5.0
    240   +0.761   +1.161   +1.206   +1.227   +1.034   +1.123   +1.240    5.0
    300   +0.509   +1.010   +0.998   +1.017   +0.898   +1.000   +1.149    5.0

  1D: ATR period sweep
  atr_p   Sharpe     CAGR     MDD   Calmar   Trd
  ------------------------------------------
      5   +1.177   +47.6%   43.5%   +1.095   212
      7   +1.174   +47.1%   46.5%   +1.014   212
     10   +1.211   +49.0%   45.4%   +1.080   212
     14   +1.276   +52.7%   41.5%   +1.268   211 ← default
     20   +1.283   +52.6%   41.7%   +1.259   210
     28   +1.304   +53.8%   44.5%   +1.210   210
     40   +1.263   +51.4%   45.4%   +1.133   214
     60   +1.258   +50.9%   46.1%   +1.104   217

  1E: VDO fast/slow sweep
    vf    vs   Sharpe     CAGR     MDD   Trd
  ----------------------------------------
    12    20   +1.335   +56.5%   39.4%   213
    10    24   +1.321   +55.6%   40.6%   213
     8    16   +1.296   +55.2%   41.9%   226
    10    28   +1.292   +53.8%   41.5%   213
    10    16   +1.281   +54.0%   43.9%   223
    12    24   +1.280   +53.0%   41.5%   212
    12    28   +1.276   +52.7%   41.5%   211 ← default
     8    36   +1.276   +52.9%   40.0%   214
    10    20   +1.270   +53.1%   44.1%   220
    12    16   +1.269   +53.0%   44.1%   219
    16    20   +1.268   +52.1%   42.0%   210
    10    32   +1.267   +52.2%   41.5%   212
     8    24   +1.266   +52.9%   43.9%   223
    10    48   +1.265   +51.8%   44.8%   208
     6    28   +1.263   +53.0%   44.2%   226

  Default (12/28): Sharpe=+1.276, Rank: 7/66
  Best: 12/20, Sharpe=+1.335

  1F: VDO threshold sweep
     thr   Sharpe     CAGR     MDD   Calmar   Trd
  ---------------------------------------------
   -0.50   +1.151   +48.7%   49.8%   +0.977   267
   -0.30   +1.151   +48.7%   49.8%   +0.977   267
   -0.20   +1.151   +48.7%   49.8%   +0.977   267
   -0.10   +1.151   +48.7%   49.8%   +0.977   267
   -0.05   +1.143   +48.1%   49.8%   +0.966   266
   +0.00   +1.276   +52.7%   41.5%   +1.268   211 ← default
   +0.05   +0.000    +0.0%    0.0%   +0.000     1
   +0.10   +0.000    +0.0%    0.0%   +0.000     0
   +0.20   +0.000    +0.0%    0.0%   +0.000     0
   +0.30   +0.000    +0.0%    0.0%   +0.000     0
   +0.50   +0.000    +0.0%    0.0%   +0.000     0

==========================================================================================
PHASE 2: 2D PARAMETER SWEEPS (real data)
==========================================================================================

  2A: slow_period × trail_mult (Sharpe heatmap)
  Global best: slow=138 (23d), trail=2.5
  Sharpe=+1.4500, CAGR=+62.3%, MDD=38.1%
  Default (120, 3.0): Sharpe=+1.2765
  ΔSharpe (best - default) = +0.1736

  Sharpe heatmap (top region):
   slow  days   1.5   2.0   2.5   3.0   3.5   4.0   5.0   6.0
  ------------------------------------------------------------
     60    10 +0.743 +0.860 +0.760 +0.797 +0.639 +0.724 +0.824 +0.827
     72    12 +0.942 +0.979 +0.959 +0.993 +0.787 +0.856 +1.000 +0.991
     84    14 +1.137 +1.158 +1.138 +1.129 +0.933 +0.992 +1.140 +1.095
     96    16 +1.043 +1.079 +1.099 +1.077 +0.885 +0.939 +1.098 +1.064
    108    18 +1.185 +1.171 +1.244 +1.209 +0.997 +1.067 +1.231 +1.205
    120    20 +1.262 +1.253 +1.306 +1.276 +1.056 +1.146 +1.279 +1.225
    132    22 +1.298 +1.320 +1.349 +1.335 +1.109 +1.229 +1.307 +1.243
    144    24 +1.285 +1.279 +1.341 +1.328 +1.095 +1.219 +1.302 +1.240
    156    26 +1.259 +1.227 +1.301 +1.285 +1.065 +1.194 +1.252 +1.199
    168    28 +1.175 +1.132 +1.194 +1.193 +0.981 +1.116 +1.171 +1.129
    180    30 +1.150 +1.159 +1.182 +1.188 +1.011 +1.119 +1.205 +1.174
    192    32 +1.284 +1.269 +1.315 +1.325 +1.158 +1.257 +1.356 +1.323
    204    34 +1.318 +1.330 +1.366 +1.362 +1.201 +1.309 +1.404 +1.372
    216    36 +1.231 +1.251 +1.305 +1.328 +1.148 +1.249 +1.345 +1.302
    228    38 +1.114 +1.176 +1.206 +1.243 +1.055 +1.138 +1.239 +1.184
    240    40 +1.106 +1.161 +1.206 +1.227 +1.034 +1.123 +1.240 +1.174
    252    42 +1.058 +1.107 +1.118 +1.153 +1.009 +1.089 +1.189 +1.133
    264    44 +0.976 +1.031 +1.035 +1.062 +0.925 +1.042 +1.144 +1.073
    276    46 +0.976 +1.034 +1.024 +1.055 +0.921 +1.018 +1.168 +1.099
    288    48 +0.991 +1.027 +1.022 +1.055 +0.920 +1.005 +1.168 +1.095
    300    50 +0.961 +1.010 +0.998 +1.017 +0.898 +1.000 +1.149 +1.062

  2B: slow_period × fast/slow ratio
  Global best: slow=150 (25d), ratio=5:1 (fast=30)
  Sharpe=+1.4314
  Default (120, 4:1): Sharpe=+1.2765
  ΔSharpe (best - default) = +0.1550

  Sharpe heatmap:
   slow  days     2:1     3:1     4:1     5:1     6:1     8:1
  ------------------------------------------------------
     60    10 +1.030 +0.874 +0.797 +0.696 +0.745 +0.760
     72    12 +1.104 +1.088 +0.993 +0.851 +0.890 +0.821
     84    14 +1.116 +1.116 +1.129 +1.174 +1.115 +0.987
     96    16 +1.282 +1.126 +1.077 +1.168 +1.130 +1.140
    108    18 +1.293 +1.273 +1.209 +1.143 +1.154 +1.151
    120    20 +1.325 +1.315 +1.276 +1.232 +1.200 +1.189
    132    22 +1.261 +1.277 +1.335 +1.265 +1.241 +1.229
    144    24 +1.237 +1.268 +1.328 +1.376 +1.221 +1.230
    156    26 +1.273 +1.214 +1.285 +1.332 +1.384 +1.225
    168    28 +1.239 +1.269 +1.193 +1.216 +1.277 +1.304
    180    30 +1.221 +1.360 +1.188 +1.166 +1.179 +1.282
    192    32 +1.188 +1.304 +1.325 +1.182 +1.239 +1.200
    204    34 +1.061 +1.236 +1.362 +1.220 +1.146 +1.207
    216    36 +1.111 +1.216 +1.328 +1.338 +1.203 +1.213
    228    38 +1.064 +1.175 +1.243 +1.361 +1.327 +1.174
    240    40 +0.992 +1.110 +1.227 +1.254 +1.326 +1.153
    252    42 +1.046 +1.060 +1.153 +1.191 +1.262 +1.278
    264    44 +1.196 +1.050 +1.062 +1.167 +1.235 +1.304
    276    46 +1.117 +0.995 +1.055 +1.115 +1.193 +1.249
    288    48 +1.152 +1.076 +1.055 +1.084 +1.119 +1.184
    300    50 +1.108 +1.098 +1.017 +1.121 +1.051 +1.158

  TOP 20 configurations (slow × trail, ratio=4:1):
    #   slow   days  trail   Sharpe     CAGR     MDD   Calmar   Trd
  ------------------------------------------------------------
    1    138   23.0    2.5   +1.450   +62.3%   38.1%   +1.632   237
    2    138   23.0    3.0   +1.423   +61.7%   40.1%   +1.539   200
    3    204   34.0    5.0   +1.404   +65.0%   39.1%   +1.664   100
    4    138   23.0    2.0   +1.397   +57.0%   34.9%   +1.634   293
    5    138   23.0    5.0   +1.392   +63.5%   35.0%   +1.815   116
    6    138   23.0    1.5   +1.388   +55.0%   36.0%   +1.530   375
    7    210   35.0    5.0   +1.381   +63.4%   38.4%   +1.652   101
    8    204   34.0    6.0   +1.372   +63.6%   42.1%   +1.513    83
    9    204   34.0    2.5   +1.366   +57.8%   40.0%   +1.445   222
   10    210   35.0    3.0   +1.364   +58.8%   42.0%   +1.399   187
   11    204   34.0    3.0   +1.362   +58.6%   42.8%   +1.369   190
   12    198   33.0    5.0   +1.360   +62.3%   40.7%   +1.531   106
   13    192   32.0    5.0   +1.356   +61.9%   46.4%   +1.334   106
   14    210   35.0    2.5   +1.353   +57.1%   40.0%   +1.426   220
   15    132   22.0    2.5   +1.349   +56.2%   39.9%   +1.407   238
   16    216   36.0    5.0   +1.345   +60.7%   40.3%   +1.507   102
   17    126   21.0    2.5   +1.344   +55.8%   38.5%   +1.449   241
   18    210   35.0    6.0   +1.343   +61.6%   42.6%   +1.446    83
   19    144   24.0    2.5   +1.341   +55.7%   40.5%   +1.376   236
   20    132   22.0    3.0   +1.335   +56.3%   41.8%   +1.347   199

==========================================================================================
PHASE 3: BOOTSTRAP VALIDATION — 500 paths × 16 timescales
==========================================================================================

  Candidates:
    0: DEFAULT
    1: slow=138,trail=2.5
    2: slow=138,trail=3.0
    3: slow=204,trail=5.0
    4: slow=138,trail=2.0
    5: slow=138,trail=5.0
        1/500  (0s, ~0s left)
       50/500  (322s, ~2898s left)
      100/500  (657s, ~2630s left)
      150/500  (1010s, ~2356s left)
      200/500  (1362s, ~2042s left)
      250/500  (1706s, ~1706s left)
      300/500  (2028s, ~1352s left)
      350/500  (2332s, ~999s left)
      400/500  (2560s, ~640s left)
      450/500  (2762s, ~307s left)
      500/500  (2960s, ~0s left)

  Done: 2964.1s (49.4 min)

  PAIRED COMPARISON vs DEFAULT (binomial: P>50% at how many timescales)
                            Candidate   Sh wins           p   CAGR wins           p    MDD wins           p
  ----------------------------------------------------------------------------------------------------
                   slow=138,trail=2.5      3/16    0.997910         2/16    0.999741        10/16    0.227249   
                   slow=138,trail=3.0     12/16    0.038406  ~     12/16    0.038406  ~     15/16    0.000259***
                   slow=204,trail=5.0     10/16    0.227249        12/16    0.038406  ~      4/16    0.989365   
                   slow=138,trail=2.0      1/16    0.999985         1/16    0.999985         9/16    0.401810   
                   slow=138,trail=5.0     16/16    0.000015***     16/16    0.000015***      5/16    0.961594   

  DEFAULT median stats across 16 timescales:
     sp     medSh    medCAGR    medMDD
  -----------------------------------
     30   +0.4094     +8.71%     70.4%
     48   +0.4759    +11.62%     67.5%
     60   +0.5075    +12.92%     65.3%
     72   +0.5150    +13.29%     64.6%
     84   +0.5115    +13.20%     64.9%
     96   +0.5248    +13.59%     63.3%
    108   +0.5315    +14.05%     63.2%
    120   +0.5424    +14.53%     62.7%
    144   +0.5161    +13.26%     62.8%
    168   +0.5073    +13.21%     63.4%
    200   +0.5127    +13.24%     63.7%
    240   +0.5116    +13.19%     63.4%
    300   +0.4624    +11.17%     63.5%
    360   +0.4637    +10.92%     64.3%
    500   +0.4569    +10.67%     66.4%
    720   +0.4362     +9.95%     67.8%

==========================================================================================
SUMMARY
==========================================================================================

  1D Sensitivity:
    slow_period: peak at 138 (23.0d), default rank 13/118
      5% plateau: (138, 210)
     10% plateau: (126, 222)

  2D Sensitivity:
    Best (slow×trail): slow=138 (23d), trail=2.5, Sharpe=+1.4500

  Bootstrap (vs DEFAULT):
    slow=138,trail=2.5: Sharpe 3/16 (p=0.9979 NS)
    slow=138,trail=3.0: Sharpe 12/16 (p=0.0384 NS)
    slow=204,trail=5.0: Sharpe 10/16 (p=0.2272 NS)
    slow=138,trail=2.0: Sharpe 1/16 (p=1.0000 NS)
    slow=138,trail=5.0: Sharpe 16/16 (p=0.0000 ***)

  Total time: 3029s (50.5 min)
  Saved: /var/www/trading-bots/btc-spot-dev/research/results/vtrend_param_sensitivity/vtrend_param_sensitivity.json
==========================================================================================
