Loading data...
  H4: 18752 bars, D1: 3128 bars
Computing indicators...
  Indicators computed. D1 regime mapped (9861 bars above EMA21)
  Found 175 uptrends >= 10% (target events)

======================================================================
PART A: ENTRY SIGNAL SWEEP
======================================================================
  A_ema1_60: det=0.63, fp=0.45, lag=7.0, freq=73.6/yr
  A_ema1_90: det=0.49, fp=0.42, lag=7.0, freq=52.6/yr
  A_ema1_120: det=0.41, fp=0.41, lag=7.0, freq=45.3/yr
  A_ema10_60: det=0.43, fp=0.29, lag=11.5, freq=24.9/yr
  A_ema10_90: det=0.27, fp=0.27, lag=11.0, freq=18.0/yr
  A_ema10_120: det=0.19, fp=0.27, lag=12.0, freq=15.3/yr
  A_ema20_60: det=0.27, fp=0.28, lag=13.0, freq=18.6/yr
  A_ema20_90: det=0.17, fp=0.26, lag=13.5, freq=13.3/yr
  A_ema20_120: det=0.14, fp=0.32, lag=14.0, freq=12.7/yr
  A_ema30_60: det=0.20, fp=0.26, lag=13.0, freq=15.5/yr
  A_ema30_90: det=0.12, fp=0.27, lag=14.0, freq=11.9/yr
  A_ema30_120: det=0.09, fp=0.25, lag=14.0, freq=10.6/yr
  B_break20: det=0.83, fp=0.16, lag=10.0, freq=138.4/yr
  B_break40: det=0.42, fp=0.08, lag=12.0, freq=96.3/yr
  B_break60: det=0.29, fp=0.05, lag=12.0, freq=81.5/yr
  B_break80: det=0.24, fp=0.03, lag=10.5, freq=70.9/yr
  B_break120: det=0.18, fp=0.02, lag=10.0, freq=59.3/yr
  C_roc10_5: det=0.77, fp=0.16, lag=9.0, freq=56.2/yr
  C_roc10_10: det=0.38, fp=0.08, lag=10.0, freq=18.9/yr
  C_roc10_15: det=0.17, fp=0.04, lag=10.0, freq=5.6/yr
  C_roc20_5: det=0.76, fp=0.20, lag=15.0, freq=60.4/yr
  C_roc20_10: det=0.45, fp=0.15, lag=16.0, freq=26.1/yr
  C_roc20_15: det=0.27, fp=0.16, lag=16.5, freq=12.9/yr
  C_roc40_5: det=0.36, fp=0.32, lag=12.0, freq=54.7/yr
  C_roc40_10: det=0.19, fp=0.19, lag=9.0, freq=29.9/yr
  C_roc40_15: det=0.15, fp=0.14, lag=4.0, freq=19.6/yr
  D_vb20_1.0: det=0.88, fp=0.26, lag=8.0, freq=98.9/yr
  D_vb20_1.5: det=0.75, fp=0.19, lag=11.0, freq=74.9/yr
  D_vb20_2.0: det=0.51, fp=0.14, lag=14.0, freq=54.7/yr
  D_vb40_1.0: det=0.69, fp=0.29, lag=10.0, freq=71.5/yr
  D_vb40_1.5: det=0.54, fp=0.25, lag=12.0, freq=63.3/yr
  D_vb40_2.0: det=0.42, fp=0.23, lag=13.0, freq=59.7/yr

  Saved Tbl07 (32 entry configs)
  Saved Fig10

======================================================================
PART B: EXIT SIGNAL SWEEP
======================================================================
  X_trail3pct: Sh=0.190, cap=0.324, churn=0.284, hold=23
  X_trail5pct: Sh=0.354, cap=0.435, churn=0.246, hold=45
  X_trail8pct: Sh=0.466, cap=0.576, churn=0.267, hold=88
  X_trail12pct: Sh=0.519, cap=0.651, churn=0.229, hold=163
  X_trail15pct: Sh=0.447, cap=0.691, churn=0.145, hold=233
  Y_atr14_2.0: Sh=0.205, cap=0.385, churn=0.246, hold=24
  Y_atr14_3.0: Sh=0.574, cap=0.551, churn=0.265, hold=41
  Y_atr14_4.0: Sh=0.588, cap=0.618, churn=0.274, hold=65
  Y_atr14_5.0: Sh=0.681, cap=0.655, churn=0.221, hold=87
  Z_rev1_120: Sh=0.515, cap=0.641, churn=0.629, hold=25
  Z_rev20_90: Sh=-0.097, cap=0.268, churn=0.387, hold=15
  Z_rev10_60: Sh=0.001, cap=0.324, churn=0.391, hold=19
  W_time20: Sh=-0.249, cap=0.247, churn=0.222, hold=20
  W_time40: Sh=-0.072, cap=0.363, churn=0.220, hold=40
  W_time80: Sh=0.067, cap=0.503, churn=0.156, hold=80
  W_time120: Sh=0.100, cap=0.570, churn=0.177, hold=119
  V_vol1.5: Sh=0.288, cap=0.424, churn=0.173, hold=60
  V_vol2.0: Sh=0.203, cap=0.807, churn=0.091, hold=487
  V_vol2.5: Sh=0.463, cap=1.000, churn=0.000, hold=18750
  --- Composites ---
  YZ_atr2.0_rev1_120: Sh=0.074, cap=0.364, churn=0.521, hold=12
  YZ_atr3.0_rev1_120: Sh=0.424, cap=0.513, churn=0.559, hold=17
  YZ_atr4.0_rev1_120: Sh=0.412, cap=0.571, churn=0.601, hold=21
  YW_atr3_80: Sh=0.216, cap=0.430, churn=0.245, hold=35
  YW_atr3_120: Sh=0.496, cap=0.489, churn=0.250, hold=38
  YV_atr3_vol2: Sh=0.347, cap=0.479, churn=0.246, hold=37
  XZ_trail8_rev1_120: Sh=0.488, cap=0.532, churn=0.598, hold=23

  Saved Tbl08 (26 exit configs)
  Saved Fig11
  Saved Fig12

======================================================================
PART C: ENTRY x EXIT GRID
======================================================================
  A_1_120+X_trail8: Sh=0.466, CAGR=22.9%, MDD=-62.0%, trades=131
  A_1_120+Y_atr3: Sh=0.574, CAGR=29.0%, MDD=-52.3%, trades=196
  A_1_120+Z_rev: Sh=0.515, CAGR=27.0%, MDD=-68.1%, trades=388
  A_1_120+W_time80: Sh=0.067, CAGR=3.3%, MDD=-65.4%, trades=122
  A_1_120+V_vol2: Sh=0.203, CAGR=13.4%, MDD=-77.0%, trades=33
  A_1_120+YZ_atr3_rev: Sh=0.424, CAGR=18.7%, MDD=-58.6%, trades=388
  A_1_120+YW_atr3_80: Sh=0.216, CAGR=8.7%, MDD=-45.6%, trades=196
  A_1_120+YV_atr3_vol2: Sh=0.347, CAGR=14.9%, MDD=-53.0%, trades=199
  A_1_120+XZ_trail8_rev: Sh=0.488, CAGR=21.6%, MDD=-56.6%, trades=388
  A_20_90+X_trail8: Sh=0.962, CAGR=42.8%, MDD=-54.0%, trades=87
  A_20_90+Y_atr3: Sh=0.819, CAGR=31.7%, MDD=-39.9%, trades=108
  A_20_90+Z_rev: Sh=0.746, CAGR=40.9%, MDD=-61.6%, trades=114
  A_20_90+W_time80: Sh=0.390, CAGR=15.4%, MDD=-57.5%, trades=84
  A_20_90+V_vol2: Sh=0.177, CAGR=11.0%, MDD=-77.1%, trades=27
  A_20_90+YZ_atr3_rev: Sh=0.869, CAGR=33.6%, MDD=-36.9%, trades=114
  A_20_90+YW_atr3_80: Sh=0.635, CAGR=18.7%, MDD=-38.8%, trades=108
  A_20_90+YV_atr3_vol2: Sh=0.653, CAGR=21.5%, MDD=-42.0%, trades=108
  A_20_90+XZ_trail8_rev: Sh=1.053, CAGR=45.4%, MDD=-48.9%, trades=114
  B_60+X_trail8: Sh=0.764, CAGR=35.8%, MDD=-56.9%, trades=101
  B_60+Y_atr3: Sh=0.859, CAGR=39.1%, MDD=-55.8%, trades=150
  B_60+Z_rev: Sh=0.668, CAGR=35.5%, MDD=-65.8%, trades=95
  B_60+W_time80: Sh=0.420, CAGR=23.7%, MDD=-79.2%, trades=141
  B_60+V_vol2: Sh=0.351, CAGR=25.0%, MDD=-77.2%, trades=33
  B_60+YZ_atr3_rev: Sh=0.859, CAGR=39.1%, MDD=-55.8%, trades=150
  B_60+YW_atr3_80: Sh=0.792, CAGR=34.7%, MDD=-57.2%, trades=167
  B_60+YV_atr3_vol2: Sh=0.790, CAGR=34.6%, MDD=-55.8%, trades=160
  B_60+XZ_trail8_rev: Sh=0.876, CAGR=40.7%, MDD=-58.1%, trades=112
  C_20_10+X_trail8: Sh=0.475, CAGR=20.4%, MDD=-55.7%, trades=92
  C_20_10+Y_atr3: Sh=0.514, CAGR=21.7%, MDD=-56.5%, trades=89
  C_20_10+Z_rev: Sh=0.090, CAGR=2.9%, MDD=-54.6%, trades=118
  C_20_10+W_time80: Sh=0.514, CAGR=28.3%, MDD=-70.1%, trades=84
  C_20_10+V_vol2: Sh=0.277, CAGR=19.3%, MDD=-78.8%, trades=29
  C_20_10+YZ_atr3_rev: Sh=0.036, CAGR=1.1%, MDD=-56.4%, trades=118
  C_20_10+YW_atr3_80: Sh=0.439, CAGR=17.7%, MDD=-62.5%, trades=97
  C_20_10+YV_atr3_vol2: Sh=0.449, CAGR=18.2%, MDD=-56.5%, trades=95
  C_20_10+XZ_trail8_rev: Sh=0.017, CAGR=0.5%, MDD=-53.9%, trades=124
  D_20_1.5+X_trail8: Sh=0.459, CAGR=24.2%, MDD=-73.1%, trades=151
  D_20_1.5+Y_atr3: Sh=0.488, CAGR=25.7%, MDD=-78.5%, trades=236
  D_20_1.5+Z_rev: Sh=0.656, CAGR=36.1%, MDD=-74.1%, trades=210
  D_20_1.5+W_time80: Sh=0.078, CAGR=4.6%, MDD=-85.8%, trades=175
  D_20_1.5+V_vol2: Sh=0.413, CAGR=31.0%, MDD=-79.6%, trades=33
  D_20_1.5+YZ_atr3_rev: Sh=0.508, CAGR=26.0%, MDD=-78.7%, trades=243
  D_20_1.5+YW_atr3_80: Sh=0.486, CAGR=24.4%, MDD=-77.6%, trades=255
  D_20_1.5+YV_atr3_vol2: Sh=0.343, CAGR=17.1%, MDD=-78.5%, trades=246
  D_20_1.5+XZ_trail8_rev: Sh=0.688, CAGR=35.3%, MDD=-72.7%, trades=222

  Saved Tbl09 (45 pairs)
  Saved Fig13

  --- Filter layer on TOP-10 ---
    A_20_90+XZ_trail8_rev+F1_d1ema21: Sh=0.736 (Δ=-0.317), trades=79
    A_20_90+XZ_trail8_rev+F2_d1ema50: Sh=1.099 (Δ=+0.045), trades=49
    A_20_90+XZ_trail8_rev+F3_vdo_pos: Sh=0.677 (Δ=-0.376), trades=61
    A_20_90+XZ_trail8_rev+F4_vol_low: Sh=1.128 (Δ=+0.075), trades=57
    A_20_90+X_trail8+F1_d1ema21: Sh=0.937 (Δ=-0.025), trades=68
    A_20_90+X_trail8+F2_d1ema50: Sh=1.251 (Δ=+0.289), trades=39
    A_20_90+X_trail8+F3_vdo_pos: Sh=0.794 (Δ=-0.168), trades=49
    A_20_90+X_trail8+F4_vol_low: Sh=1.018 (Δ=+0.056), trades=38
    B_60+XZ_trail8_rev+F1_d1ema21: Sh=0.855 (Δ=-0.021), trades=97
    B_60+XZ_trail8_rev+F2_d1ema50: Sh=0.902 (Δ=+0.025), trades=85
    B_60+XZ_trail8_rev+F3_vdo_pos: Sh=0.833 (Δ=-0.043), trades=109
    B_60+XZ_trail8_rev+F4_vol_low: Sh=0.826 (Δ=-0.050), trades=68
    A_20_90+YZ_atr3_rev+F1_d1ema21: Sh=0.588 (Δ=-0.281), trades=79
    A_20_90+YZ_atr3_rev+F2_d1ema50: Sh=0.765 (Δ=-0.104), trades=49
    A_20_90+YZ_atr3_rev+F3_vdo_pos: Sh=0.754 (Δ=-0.115), trades=61
    A_20_90+YZ_atr3_rev+F4_vol_low: Sh=0.798 (Δ=-0.071), trades=57
    B_60+Y_atr3+F1_d1ema21: Sh=0.842 (Δ=-0.017), trades=127
    B_60+Y_atr3+F2_d1ema50: Sh=0.888 (Δ=+0.029), trades=110
    B_60+Y_atr3+F3_vdo_pos: Sh=0.796 (Δ=-0.063), trades=146
    B_60+Y_atr3+F4_vol_low: Sh=0.739 (Δ=-0.120), trades=99
    B_60+YZ_atr3_rev+F1_d1ema21: Sh=0.842 (Δ=-0.017), trades=127
    B_60+YZ_atr3_rev+F2_d1ema50: Sh=0.888 (Δ=+0.029), trades=110
    B_60+YZ_atr3_rev+F3_vdo_pos: Sh=0.796 (Δ=-0.063), trades=146
    B_60+YZ_atr3_rev+F4_vol_low: Sh=0.739 (Δ=-0.120), trades=99
    A_20_90+Y_atr3+F1_d1ema21: Sh=0.818 (Δ=-0.001), trades=75
    A_20_90+Y_atr3+F2_d1ema50: Sh=0.828 (Δ=+0.009), trades=45
    A_20_90+Y_atr3+F3_vdo_pos: Sh=0.783 (Δ=-0.036), trades=59
    A_20_90+Y_atr3+F4_vol_low: Sh=0.729 (Δ=-0.090), trades=56
    B_60+YW_atr3_80+F1_d1ema21: Sh=0.777 (Δ=-0.015), trades=143
    B_60+YW_atr3_80+F2_d1ema50: Sh=0.829 (Δ=+0.037), trades=125
    B_60+YW_atr3_80+F3_vdo_pos: Sh=0.719 (Δ=-0.073), trades=160
    B_60+YW_atr3_80+F4_vol_low: Sh=0.624 (Δ=-0.168), trades=105
    B_60+YV_atr3_vol2+F1_d1ema21: Sh=0.774 (Δ=-0.016), trades=136
    B_60+YV_atr3_vol2+F2_d1ema50: Sh=0.819 (Δ=+0.029), trades=119
    B_60+YV_atr3_vol2+F3_vdo_pos: Sh=0.695 (Δ=-0.094), trades=156
    B_60+YV_atr3_vol2+F4_vol_low: Sh=0.788 (Δ=-0.001), trades=102
    B_60+X_trail8+F1_d1ema21: Sh=0.811 (Δ=+0.046), trades=88
    B_60+X_trail8+F2_d1ema50: Sh=0.822 (Δ=+0.058), trades=78
    B_60+X_trail8+F3_vdo_pos: Sh=0.747 (Δ=-0.018), trades=98
    B_60+X_trail8+F4_vol_low: Sh=0.668 (Δ=-0.096), trades=58
  Saved Tbl10 (40 filtered configs)

  --- Best-known strategy decomposition ---
    a_full: Sh=-0.424, CAGR=-5.7%, MDD=-57.9%, trades=46
    b_no_vdo: Sh=0.023, CAGR=0.6%, MDD=-63.0%, trades=122
    c_no_d1regime: Sh=0.167, CAGR=4.9%, MDD=-52.6%, trades=219
    d_trail_only: Sh=0.129, CAGR=3.2%, MDD=-51.1%, trades=40
    e_reversal_only: Sh=-0.256, CAGR=-3.9%, MDD=-59.4%, trades=46
    f_no_filters: Sh=0.424, CAGR=18.7%, MDD=-58.6%, trades=388
  Saved Tbl_decomposition
  Saved Fig_decomposition

======================================================================
PART D: IMPACT ANALYSIS
======================================================================
  Total data points for regression: 85
  Valid data points: 85
                            OLS Regression Results                            
==============================================================================
Dep. Variable:                      y   R-squared:                       0.557
Model:                            OLS   Adj. R-squared:                  0.523
Method:                 Least Squares   F-statistic:                     16.36
Date:                Mon, 16 Mar 2026   Prob (F-statistic):           4.19e-12
Time:                        20:36:06   Log-Likelihood:                 29.106
No. Observations:                  85   AIC:                            -44.21
Df Residuals:                      78   BIC:                            -27.11
Df Model:                           6                                         
Covariance Type:            nonrobust                                         
==============================================================================
                 coef    std err          t      P>|t|      [0.025      0.975]
------------------------------------------------------------------------------
const          0.8822      0.179      4.940      0.000       0.527       1.238
x1             0.8237      0.237      3.473      0.001       0.351       1.296
x2            -0.0887      0.290     -0.306      0.760      -0.666       0.489
x3            -0.0022      0.001     -3.535      0.001      -0.003      -0.001
x4            20.2949      3.462      5.863      0.000      13.403      27.187
x5             1.5559      0.644      2.417      0.018       0.274       2.837
x6             0.0035      0.001      4.071      0.000       0.002       0.005
==============================================================================
Omnibus:                        5.146   Durbin-Watson:                   1.868
Prob(Omnibus):                  0.076   Jarque-Bera (JB):                5.229
Skew:                          -0.330   Prob(JB):                       0.0732
Kurtosis:                       4.020   Cond. No.                     2.96e+04
==============================================================================

Notes:
[1] Standard Errors assume that the covariance matrix of the errors is correctly specified.
[2] The condition number is large, 2.96e+04. This might indicate that there are
strong multicollinearity or other numerical problems.
  avg_loser   : β=+20.2949, p=0.0000, |β·σ|=0.7087, partial_R²=0.3059
  avg_hold    : β=+0.0035, p=0.0001, |β·σ|=0.3936, partial_R²=0.1752
  n_trades    : β=-0.0022, p=0.0007, |β·σ|=0.1629, partial_R²=0.1381
  exposure    : β=+0.8237, p=0.0008, |β·σ|=0.1503, partial_R²=0.1339
  win_rate    : β=+1.5559, p=0.0180, |β·σ|=0.1005, partial_R²=0.0697
  churn_rate  : β=-0.0887, p=0.7604, |β·σ|=0.0109, partial_R²=0.0012
  Overall R² = 0.5573, Adj R² = 0.5232
  Saved Tbl_sharpe_drivers
  Saved Fig_impact

======================================================================
PART E: TOP-N ANALYSIS
======================================================================

  TOP-20 by Sharpe:
    A_20_90+X_trail8+F2_d1ema50                    Sh=1.251  CAGR=41.7%  MDD=-52.0%  N= 39
    A_20_90+XZ_trail8_rev+F4_vol_low               Sh=1.128  CAGR=31.2%  MDD=-34.5%  N= 57
    A_20_90+XZ_trail8_rev+F2_d1ema50               Sh=1.099  CAGR=32.1%  MDD=-40.3%  N= 49
    A_20_90+XZ_trail8_rev                          Sh=1.053  CAGR=45.4%  MDD=-48.9%  N=114
    A_20_90+X_trail8+F4_vol_low                    Sh=1.018  CAGR=29.8%  MDD=-39.7%  N= 38
    A_20_90+X_trail8                               Sh=0.962  CAGR=42.8%  MDD=-54.0%  N= 87
    A_20_90+X_trail8+F1_d1ema21                    Sh=0.937  CAGR=36.5%  MDD=-64.5%  N= 68
    B_60+XZ_trail8_rev+F2_d1ema50                  Sh=0.902  CAGR=37.3%  MDD=-46.6%  N= 85
    B_60+Y_atr3+F2_d1ema50                         Sh=0.888  CAGR=36.9%  MDD=-45.0%  N=110
    B_60+YZ_atr3_rev+F2_d1ema50                    Sh=0.888  CAGR=36.9%  MDD=-45.0%  N=110
    B_60+XZ_trail8_rev                             Sh=0.876  CAGR=40.7%  MDD=-58.1%  N=112
    A_20_90+YZ_atr3_rev                            Sh=0.869  CAGR=33.6%  MDD=-36.9%  N=114
    B_60+Y_atr3                                    Sh=0.859  CAGR=39.1%  MDD=-55.8%  N=150
    B_60+YZ_atr3_rev                               Sh=0.859  CAGR=39.1%  MDD=-55.8%  N=150
    B_60+XZ_trail8_rev+F1_d1ema21                  Sh=0.855  CAGR=37.1%  MDD=-61.0%  N= 97
    B_60+Y_atr3+F1_d1ema21                         Sh=0.842  CAGR=36.2%  MDD=-54.7%  N=127
    B_60+YZ_atr3_rev+F1_d1ema21                    Sh=0.842  CAGR=36.2%  MDD=-54.7%  N=127
    B_60+XZ_trail8_rev+F3_vdo_pos                  Sh=0.833  CAGR=37.5%  MDD=-54.3%  N=109
    B_60+YW_atr3_80+F2_d1ema50                     Sh=0.829  CAGR=33.1%  MDD=-45.3%  N=125
    A_20_90+Y_atr3+F2_d1ema50                      Sh=0.828  CAGR=24.7%  MDD=-40.6%  N= 45

  TOP-20 by Calmar:
    A_20_90+XZ_trail8_rev                          Cal=0.927  Sh=1.053  CAGR=45.4%  MDD=-48.9%
    A_20_90+YZ_atr3_rev                            Cal=0.911  Sh=0.869  CAGR=33.6%  MDD=-36.9%
    A_20_90+XZ_trail8_rev+F4_vol_low               Cal=0.904  Sh=1.128  CAGR=31.2%  MDD=-34.5%
    B_60+Y_atr3+F2_d1ema50                         Cal=0.819  Sh=0.888  CAGR=36.9%  MDD=-45.0%
    B_60+YZ_atr3_rev+F2_d1ema50                    Cal=0.819  Sh=0.888  CAGR=36.9%  MDD=-45.0%
    B_60+XZ_trail8_rev+F2_d1ema50                  Cal=0.802  Sh=0.902  CAGR=37.3%  MDD=-46.6%
    A_20_90+X_trail8+F2_d1ema50                    Cal=0.801  Sh=1.251  CAGR=41.7%  MDD=-52.0%
    A_20_90+XZ_trail8_rev+F2_d1ema50               Cal=0.795  Sh=1.099  CAGR=32.1%  MDD=-40.3%
    A_20_90+Y_atr3                                 Cal=0.795  Sh=0.819  CAGR=31.7%  MDD=-39.9%
    A_20_90+X_trail8                               Cal=0.793  Sh=0.962  CAGR=42.8%  MDD=-54.0%

  TOP-5 Sharpe — pattern analysis:
    entry: ['A_20_90', 'A_20_90', 'A_20_90', 'A_20_90', 'A_20_90']
    exit: ['X_trail8', 'XZ_trail8_rev', 'XZ_trail8_rev', 'XZ_trail8_rev', 'X_trail8']
    exposure: mean=0.2914, range=[0.1976, 0.4236]
    churn_rate: mean=0.0374, range=[0.0000, 0.0816]
    avg_loser: mean=-0.0503, range=[-0.0700, -0.0345]
    avg_hold: mean=102.3163, range=[69.6842, 156.0526]
    win_rate: mean=0.3518, range=[0.2807, 0.4615]

======================================================================
OBSERVATIONS
======================================================================

  Obs18: Entry detection rates range from 0.09 (A_ema30_120) to 0.88 (D_vb20_1.0). Lag-FP tradeoff: lower lag → higher FP rate.

  Obs19: Exit sweep (fixed entry A_1_120): best Sharpe 0.681 (Y_atr14_5.0). Composite exits occupy distinct region in capture-churn space.

  Obs20: Composite exits: mean Sharpe 0.351 (n=7) vs simple exits: mean Sharpe 0.276 (n=19). Composites higher.

  Obs21: Grid best: A_20_90+XZ_trail8_rev Sharpe=1.053. Sharpe range across grid: [0.017, 1.053].
    A_1_120: mean Sh=0.367, range=[0.067, 0.574]
    A_20_90: mean Sh=0.700, range=[0.177, 1.053]
    B_60: mean Sh=0.709, range=[0.351, 0.876]
    C_20_10: mean Sh=0.312, range=[0.017, 0.514]
    D_20_1.5: mean Sh=0.458, range=[0.078, 0.688]

  Obs22: Best-known decomposition: full Sharpe=-0.424. D1 regime contributes Δ=-0.592, VDO filter Δ=-0.448, dual exit (vs trail) Δ=-0.553.

  Obs23: Filter impact on top-10 pairs: F2_d1ema50 has largest mean ΔSharpe (+0.045). {'F1_d1ema21': np.float64(-0.06631927039005528), 'F2_d1ema50': np.float64(0.04475788109662895), 'F3_vdo_pos': np.float64(-0.10497497798803083), 'F4_vol_low': np.float64(-0.05837627462154379)}

  Obs24: OLS regression R²=0.557. Top predictor: avg_loser (|β·σ|=0.7087, p=0.0000). Second: avg_hold (|β·σ|=0.3936).

  Obs25: Top-5 Sharpe configs: dominant entry type = A_20_90 (appears 5/5 times). Mean exposure=0.291, mean avg_loser=-0.0503.

  Saved 8 observations to /var/www/trading-bots/btc-spot-dev/research/x28/tables/observations_phase3.json

======================================================================
Phase 3 complete in 6.3s
  Entry configs swept: 32
  Exit configs swept:  26
  Grid pairs:          45
  Filter variants:     40
  Total backtests:     117
  Observations:        Obs18-Obs25
======================================================================
