Loading data...
  H4: 18752 bars, D1: 3128 bars
/var/www/trading-bots/btc-spot-dev/research/x28/code/phase4_information.py:44: ChainedAssignmentError: A value is being set on a copy of a DataFrame or Series through chained assignment.
Such chained assignment never works to update the original DataFrame or Series, because the intermediate object on which we are setting values always behaves as a copy (due to Copy-on-Write).

Try using '.loc[row_indexer, col_indexer] = value' instead, to perform the assignment in a single step.

See the documentation for a more detailed explanation: https://pandas.pydata.org/pandas-docs/stable/user_guide/copy_on_write.html#chained-assignment
  h4["log_ret"].iloc[0] = 0.0
Computing features...
  23 features computed
Computing Spearman correlations and mutual information...
  Saved: /var/www/trading-bots/btc-spot-dev/research/x28/tables/Tbl11_information_ranking.csv

═══ INFORMATION RANKING (by max |Spearman r| across horizons) ═══
Feature                Best k      |r|    p-value   MI(bits)
────────────────────────────────────────────────────────────
  d1_ema_spread_50     k= 60  |r|=0.0881  p=3.57e-33  MI=0.1068
  ema_spread_120       k= 60  |r|=0.0738  p=9.88e-24  MI=0.0681
  d1_ema_spread_21     k= 60  |r|=0.0720  p=1.05e-22  MI=0.0843
  ema_spread_90        k= 60  |r|=0.0647  p=1.36e-18  MI=0.0608
  d1_regime_ema50      k= 40  |r|=0.0644  p=1.76e-18  MI=nan
  log_ret_1            k=  1  |r|=0.0621  p=2.51e-17  MI=0.0607
  d1_regime_ema21      k= 40  |r|=0.0562  p=1.93e-14  MI=nan
  breakout_pos_60      k= 60  |r|=0.0481  p=5.85e-11  MI=0.0278
  ema_spread_50        k= 60  |r|=0.0472  p=1.35e-10  MI=0.0438
  roc_40               k= 60  |r|=0.0421  p=1.00e-08  MI=0.0533
  natr_14              k= 40  |r|=0.0399  p=5.47e-08  MI=0.0638
  ret_5                k=  5  |r|=0.0368  p=5.35e-07  MI=0.0422
  rvol_60              k= 20  |r|=0.0338  p=4.11e-06  MI=0.1161
  rvol_10              k= 40  |r|=0.0324  p=1.06e-05  MI=0.0543
  vol_ratio            k= 40  |r|=0.0288  p=9.01e-05  MI=0.0300
  vdo                  k= 10  |r|=0.0273  p=2.04e-04  MI=0.0062
  ema_spread_20        k= 60  |r|=0.0244  p=9.12e-04  MI=0.0274
  roc_10               k= 40  |r|=0.0204  p=5.43e-03  MI=0.0276
  ret_10               k= 40  |r|=0.0204  p=5.43e-03  MI=0.0276
  breakout_pos_20      k= 10  |r|=0.0170  p=2.09e-02  MI=0.0068
  ret_20               k= 20  |r|=0.0149  p=4.28e-02  MI=0.0400
  roc_20               k= 20  |r|=0.0149  p=4.28e-02  MI=0.0400
  log_volume           k= 40  |r|=0.0146  p=4.63e-02  MI=0.0306

═══ CATEGORY SUMMARY ═══
  Price-based: best = ema_spread_120 (|r|=0.0738)
  Volume-based: best = vdo (|r|=0.0273)
  Volatility-based: best = natr_14 (|r|=0.0399)
  D1 context: best = d1_ema_spread_50 (|r|=0.0881)

═══ HORIZON PROFILE (mean |Spearman r| across all features) ═══
  k=  1: mean |r| = 0.0134, mean MI = 0.0576 bits
  k=  5: mean |r| = 0.0149, mean MI = 0.0458 bits
  k= 10: mean |r| = 0.0241, mean MI = 0.0402 bits
  k= 20: mean |r| = 0.0286, mean MI = 0.0437 bits
  k= 40: mean |r| = 0.0318, mean MI = 0.0437 bits
  k= 60: mean |r| = 0.0340, mean MI = 0.0442 bits

Done in 1.9s
