====================================================================================================
Q9: DIRECT HEAD-TO-HEAD — E0, X0, E5+EMA21, X2, X6
====================================================================================================
  Bars: 17838, warmup_idx: 2190, holdout_idx: 14706
  Post-warmup: 15648 bars (7.14 years)
  Holdout: 3132 bars (1.43 years)

====================================================================================================
  SECTION 1: FULL-SAMPLE + HOLDOUT (SP=120)
====================================================================================================

  --- zero (0 bps RT) ---
  Strategy         | Full Shrp Full CAGR Full MDD Trades |  HO Shrp  HO CAGR  HO MDD HO Score
  ----------------------------------------------------------------------------------------------------
  E0               |    1.6157    74.29%   37.33%    211 |   1.6570   52.05%  14.14%   124.16
  X0(EMA21-D1)     |    1.6825    77.78%   36.28%    189 |   1.6581   51.32%  14.14%   122.26
  E5+EMA21D1       |    1.8113    84.96%   34.57%    202 |   1.6923   52.65%  12.03%   129.72
  X2               |    1.7054    82.27%   33.24%    152 |   1.3880   40.78%  19.83%    77.56
  X6               |    1.7054    82.27%   33.24%    152 |   1.3880   40.78%  19.83%    77.56

  --- smart (13 bps RT) ---
  Strategy         | Full Shrp Full CAGR Full MDD Trades |  HO Shrp  HO CAGR  HO MDD HO Score
  ----------------------------------------------------------------------------------------------------
  E0               |    1.5277    68.39%   38.42%    211 |   1.5422   47.35%  14.59%   105.80
  X0(EMA21-D1)     |    1.6019    72.33%   37.23%    189 |   1.5517   47.04%  14.59%   105.44
  E5+EMA21D1       |    1.7226    78.83%   35.63%    202 |   1.5695   47.67%  12.94%   109.53
  X2               |    1.6432    77.81%   34.66%    152 |   1.2991   37.43%  20.46%    65.60
  X6               |    1.6432    77.81%   34.66%    152 |   1.2991   37.43%  20.46%    65.60

  --- base (31 bps RT) ---
  Strategy         | Full Shrp Full CAGR Full MDD Trades |  HO Shrp  HO CAGR  HO MDD HO Score
  ----------------------------------------------------------------------------------------------------
  E0               |    1.4056    60.55%   39.96%    211 |   1.3832   41.09%  15.98%    81.94
  X0(EMA21-D1)     |    1.4900    65.06%   38.57%    189 |   1.4043   41.32%  15.54%    83.80
  E5+EMA21D1       |    1.5994    70.68%   37.56%    202 |   1.3991   41.03%  14.19%    84.24
  X2               |    1.5568    71.82%   37.58%    152 |   1.1758   32.92%  21.31%    50.31
  X6               |    1.5568    71.82%   37.58%    152 |   1.1758   32.92%  21.31%    50.31

  --- harsh (50 bps RT) ---
  Strategy         | Full Shrp Full CAGR Full MDD Trades |  HO Shrp  HO CAGR  HO MDD HO Score
  ----------------------------------------------------------------------------------------------------
  E0               |    1.2765    52.68%   41.53%    211 |   1.2152   34.76%  17.87%    59.13
  X0(EMA21-D1)     |    1.3718    57.72%   39.96%    189 |   1.2486   35.52%  17.41%    62.46
  E5+EMA21D1       |    1.4690    62.48%   40.90%    202 |   1.2190   34.35%  15.62%    60.59
  X2               |    1.4655    65.71%   40.93%    152 |   1.0458   28.31%  22.20%    35.72
  X6               |    1.4655    65.71%   40.93%    152 |   1.0458   28.31%  22.20%    35.72

====================================================================================================
  SECTION 2: TIMESCALE ROBUSTNESS (harsh, 50 bps RT)
====================================================================================================

      SP            E0  X0(EMA21-D1)    E5+EMA21D1            X2            X6
  ----------------------------------------------------------------------------
      30        0.6726        1.0348        1.0830        1.0797        1.0797
      48        0.6538        0.9408        0.9949        0.9441        0.9441
      60        0.7967        1.0848        1.1569        1.2197        1.2197
      72        0.9934        1.1572        1.2275        1.2543        1.2543
      84        1.1288        1.1714        1.2478        1.2905        1.2905
      96        1.0769        1.1776        1.2540        1.2556        1.2556
     108        1.2091        1.2926        1.3853        1.3880        1.3880
     120        1.2765        1.3718        1.4690        1.4655        1.4655
     144        1.3278        1.3560        1.4497        1.4489        1.4489
     168        1.1931        1.2275        1.3132        1.3267        1.3267
     200        1.4316        1.4468        1.5464        1.5408        1.5408
     240        1.2268        1.3055        1.4022        1.3701        1.3701
     300        1.0169        1.2054        1.3000        1.2761        1.2761
     360        1.1140        1.1628        1.2909        1.2404        1.2404
     500        1.0744        1.0801        1.2132        1.1772        1.1772
     720        0.8377        0.9606        1.0980        1.0601        1.0601

  Head-to-head Sharpe wins across 16 TS:
     X0(EMA21-D1) vs E0           : 16/16
     X0(EMA21-D1) vs E5+EMA21D1   : 0/16
     X0(EMA21-D1) vs X2           : 0/16
     X0(EMA21-D1) vs X6           : 0/16
       E5+EMA21D1 vs E0           : 16/16
       E5+EMA21D1 vs X0(EMA21-D1) : 16/16
       E5+EMA21D1 vs X2           : 10/16
       E5+EMA21D1 vs X6           : 10/16
               X2 vs E0           : 16/16
               X2 vs X0(EMA21-D1) : 16/16
               X2 vs E5+EMA21D1   : 6/16
               X2 vs X6           : 0/16
               X6 vs E0           : 16/16
               X6 vs X0(EMA21-D1) : 16/16
               X6 vs E5+EMA21D1   : 6/16
               X6 vs X2           : 0/16

====================================================================================================
  SECTION 3: WFO (8 windows, harsh cost)
====================================================================================================

   Win Period                                 E0  X0(EMA21-D1)    E5+EMA21D1            X2            X6
  -------------------------------------------------------------------------------------------------------
  W0   2022-01-01 → 2022-07-01          -21.16        -20.95        -17.33        -21.77        -21.77
  W1   2022-07-01 → 2023-01-01          -18.03        -15.20          3.37        -15.20        -15.20
  W2   2023-01-01 → 2023-07-01           -5.06         11.05         -5.83         24.35         24.35
  W3   2023-07-01 → 2024-01-01          175.61        150.43        228.39        291.13        291.13
  W4   2024-01-01 → 2024-07-01           11.63         54.68        133.16        145.35        145.35
  W5   2024-07-01 → 2025-01-01          318.06        396.81        347.60        227.08        227.08
  W6   2025-01-01 → 2025-07-01           11.21          2.43          2.90         11.94         11.94
  W7   2025-07-01 → 2026-01-01          -19.42        -19.10        -18.03        -19.34        -19.34

  WFO delta vs E0:
   Win  X0(EMA21-D1)    E5+EMA21D1            X2            X6
  --------------------------------------------------------------
  W0           +0.22         +3.83         -0.60         -0.60
  W1           +2.82        +21.39         +2.82         +2.82
  W2          +16.12         -0.77        +29.42        +29.42
  W3          -25.18        +52.78       +115.53       +115.53
  W4          +43.05       +121.53       +133.72       +133.72
  W5          +78.75        +29.55        -90.98        -90.98
  W6           -8.79         -8.31         +0.72         +0.72
  W7           +0.32         +1.39         +0.08         +0.08

  WFO win rate (delta > 0 vs E0):
     X0(EMA21-D1): 6/8 (75.0%)
       E5+EMA21D1: 6/8 (75.0%)
               X2: 6/8 (75.0%)
               X6: 6/8 (75.0%)

  WFO win rate (direct H2H):
       E5+EMA21D1 vs X0(EMA21-D1) : 6/8
       E5+EMA21D1 vs X2           : 4/8
     X0(EMA21-D1) vs X2           : 4/8

====================================================================================================
  SECTION 4: HOLDOUT DIRECT H2H (harsh)
====================================================================================================

  Metric                          E0  X0(EMA21-D1)    E5+EMA21D1            X2            X6
  ------------------------------------------------------------------------------------------
  sharpe                      1.2152        1.2486        1.2190        1.0458        1.0458
  cagr                        34.76%        35.52%        34.35%        28.31%        28.31%
  mdd                         17.87%        17.41%        15.62%        22.20%        22.20%
  score                      59.1301       62.4635       60.5914       35.7207       35.7207
  profit_factor               1.1209        1.1268        1.1241        1.1034        1.1034

  Holdout Sharpe deltas (row - col):
                           E0  X0(EMA21-D1)    E5+EMA21D1            X2            X6
             E0       +0.0000       -0.0333       -0.0038       +0.1695       +0.1695
   X0(EMA21-D1)       +0.0333       +0.0000       +0.0295       +0.2028       +0.2028
     E5+EMA21D1       +0.0038       -0.0295       +0.0000       +0.1733       +0.1733
             X2       -0.1695       -0.2028       -0.1733       +0.0000       +0.0000
             X6       -0.1695       -0.2028       -0.1733       +0.0000       +0.0000

  Total time: 11.0s
  Saved to /var/www/trading-bots/btc-spot-dev/research/x6/direct_compare_q9_results.json
