==========================================================================================
SECTION 1: DSR with actual project parameters
==========================================================================================

--- E0 (SR_obs = 1.2653, T = 2607) ---
  N=     6: SR₀=0.0595  z=    26.3  DSR_p=1.000000
  N=    27: SR₀=0.0929  z=    25.6  DSR_p=1.000000
  N=   100: SR₀=0.1158  z=    25.1  DSR_p=1.000000
  N=   700: SR₀=0.1443  z=    24.5  DSR_p=1.000000
  N= 10000: SR₀=0.1767  z=    23.8  DSR_p=1.000000
  N=100000: SR₀=0.2010  z=    23.3  DSR_p=1.000000

--- X0 (SR_obs = 1.3249, T = 2607) ---
  N=     6: SR₀=0.0629  z=    26.1  DSR_p=1.000000
  N=    27: SR₀=0.0983  z=    25.3  DSR_p=1.000000
  N=   100: SR₀=0.1225  z=    24.8  DSR_p=1.000000
  N=   700: SR₀=0.1526  z=    24.2  DSR_p=1.000000
  N= 10000: SR₀=0.1869  z=    23.5  DSR_p=1.000000
  N=100000: SR₀=0.2126  z=    23.0  DSR_p=1.000000

--- X2 (SR_obs = 1.4227, T = 2607) ---
  N=     6: SR₀=0.0679  z=    26.0  DSR_p=1.000000
  N=    27: SR₀=0.1060  z=    25.2  DSR_p=1.000000
  N=   100: SR₀=0.1321  z=    24.7  DSR_p=1.000000
  N=   700: SR₀=0.1646  z=    24.1  DSR_p=1.000000
  N= 10000: SR₀=0.2015  z=    23.4  DSR_p=1.000000
  N=100000: SR₀=0.2292  z=    22.9  DSR_p=1.000000

--- E5+EMA21 (SR_obs = 1.4320, T = 2607) ---
  N=     6: SR₀=0.0674  z=    26.3  DSR_p=1.000000
  N=    27: SR₀=0.1053  z=    25.6  DSR_p=1.000000
  N=   100: SR₀=0.1312  z=    25.1  DSR_p=1.000000
  N=   700: SR₀=0.1635  z=    24.5  DSR_p=1.000000
  N= 10000: SR₀=0.2002  z=    23.8  DSR_p=1.000000
  N=100000: SR₀=0.2277  z=    23.2  DSR_p=1.000000

==========================================================================================
SECTION 2: How many trials to bring DSR < 0.95?
==========================================================================================

E0: Need Gumbel factor > 26.0
  SR/std = 27.6
  At N=10^15: SR₀=0.3671, z=19.6, DSR=1.000000
  Approximate N_critical = exp(338.0)
  That's 10^147
  (i.e., you'd need to test ~10^147 strategies)

X0: Need Gumbel factor > 25.7
  SR/std = 27.4
  At N=10^15: SR₀=0.3882, z=19.3, DSR=1.000000
  Approximate N_critical = exp(330.8)
  That's 10^144
  (i.e., you'd need to test ~10^144 strategies)

X2: Need Gumbel factor > 25.6
  SR/std = 27.3
  At N=10^15: SR₀=0.4186, z=19.2, DSR=1.000000
  Approximate N_critical = exp(327.9)
  That's 10^142
  (i.e., you'd need to test ~10^142 strategies)

E5+EMA21: Need Gumbel factor > 26.0
  SR/std = 27.6
  At N=10^15: SR₀=0.4159, z=19.6, DSR=1.000000
  Approximate N_critical = exp(337.2)
  That's 10^146
  (i.e., you'd need to test ~10^146 strategies)

==========================================================================================
SECTION 3: What DSR ACTUALLY tests
==========================================================================================

DSR asks: "Could an observed Sharpe of X have been produced by chance
           if all N tested strategies had TRUE Sharpe = 0?"

NULL HYPOTHESIS: All strategies are random (true SR = 0)
ALTERNATIVE:     At least one strategy has genuine alpha

For this project:
  - Observed SR ≈ 1.3 (annualized, harsh cost)
  - T ≈ 2607 daily observations
  - SR standard error ≈ 0.048

Even with N = 700 trials, expected max SR₀ ≈ 0.15
The observed SR (1.3) is 24 SIGMA above SR₀.
DSR trivially = 1.0 because 1.3 >> 0.15.

DSR would require ~10^150 trials before SR₀ reaches 1.3.
This is not a useful test for this dataset.

==========================================================================================
SECTION 4: What DSR does NOT test (the actual selection bias concern)
==========================================================================================

The REAL selection bias concern for this project:

  "We tested 6 strategies and picked the best one.
   Is the best one GENUINELY better, or just the luckiest of 6?"

This is a RELATIVE RANKING question:
  - E0 Sharpe = 1.277
  - X0 Sharpe = 1.336
  - X2 Sharpe = 1.433
  - E5+EMA21 Sharpe = 1.432

Question: Is the gap X0 → E0 (+0.060) real, or just noise?

DSR CANNOT answer this. DSR tests "is 1.336 > 0 after selection?"
Answer: trivially yes, because 1.336 >> 0.

The correct tool for RELATIVE selection bias is:
  1. WFO (out-of-sample score comparison) → X0 6/8 wins
  2. Holdout (unseen data) → X0 +0.090 Sharpe over E0
  3. Paired bootstrap (T11) → P(X0>E0)=85.3% (ns, Holm-adjusted)
  4. Permutation test → both p=0.0001 (absolute significance)

The validation framework already handles this through WFO + holdout,
NOT through the selection_bias suite.

==========================================================================================
SECTION 5: The hardcoded trial set — what it means
==========================================================================================

The selection_bias suite uses:
  trial_set = [27, 54, 100, 200, 500, 700]

These are NOT the actual number of strategies tested.
They are STRESS TEST levels: "would this Sharpe survive
even if we had tested 27/54/.../700 random strategies?"

The actual number of strategies tested in this project:
  - 6 named strategies (E0, E5, X0, X2, X6, E5+EMA21)
  - ~16 timescale variants each
  - ~5 trail multiplier values tested
  - ~3 VDO thresholds tested
  - Conservative estimate: ~50-200 configurations
  - Aggressive estimate: 16 × 5 × 3 × 6 = 1440 configurations

But even at N=1440, DSR would still be 1.0 because SR >> SR₀.
The gap between observed SR (1.3) and null SR₀ (<0.2) is too large.

  X0 at N=1440: SR₀=0.1625, z=24.0, DSR=1.000000

==========================================================================================
SECTION 6: Summary
==========================================================================================

1. DSR IS computing correctly per Bailey & López de Prado (2014)
2. DSR = 1.000 because observed Sharpe (~1.3) is ~24σ above null SR₀ (~0.15)
3. The trial_set [27-700] is hardcoded, NOT the actual strategies tested
4. Even with the TRUE trial count (~200+), DSR would still be 1.000
5. You'd need ~10^150 trials before DSR drops below 0.95 — MEANINGLESS
6. DSR tests "is Sharpe > 0 after selection?" — WRONG QUESTION for this project
7. The RIGHT question: "is the RANKING among real strategies genuine?"
8. That question is answered by WFO + holdout, NOT by DSR
9. DSR as implemented is a VACUOUS gate — it can never fail for any strategy
   with Sharpe > 0.5 on this dataset

