===============================================================================================
SECTION 1: E5 vs E0 — Multi-Coin Performance (Study #32)
===============================================================================================

  Coin          E0 Sharpe  E5 Sharpe   Δ Sharpe   E0 CAGR%   E5 CAGR%   E5 wins?
  ──────────── ────────── ────────── ────────── ────────── ────────── ──────────
  BTCUSDT           1.144      1.237     +0.093       44.3       48.8        YES
  ETHUSDT           0.947      1.045     +0.098       42.4       48.9        YES
  BNBUSDT           1.203      1.077     -0.126       68.4       56.1         NO
  SOLUSDT           0.752      0.619     -0.133       32.1       21.4         NO
  XRPUSDT           0.332      0.078     -0.254        0.7      -12.6         NO *** CATASTROPHIC
  LTCUSDT           0.332      0.121     -0.211        0.9      -11.4         NO *** CATASTROPHIC
  ADAUSDT           0.495      0.396     -0.099       11.6        5.0         NO
  DOGEUSDT          1.184      0.977     -0.207      120.4       75.7         NO
  TRXUSDT           0.463      0.429     -0.034       10.6        8.7         NO
  AVAXUSDT          0.397      0.178     -0.219        5.4       -7.8         NO *** CATASTROPHIC
  LINKUSDT          0.278      0.014     -0.264       -4.8      -19.9         NO
  BCHUSDT           0.303      0.324     +0.021       -0.8        0.9        YES
  HBARUSDT          0.400      0.308     -0.092        0.8       -5.7         NO *** CATASTROPHIC
  XLMUSDT           0.719      0.366     -0.353       30.7        3.0         NO

  E5 wins Sharpe: 3/14 (21%)
  E5 wins CAGR:   3/14 (21%)
  E5 catastrophic (negative CAGR when E0 positive): 4/14

  E5 wins on: BTC, ETH, BCH (3 coins)
  E5 catastrophic on: XRP, LTC, AVAX, LINK, HBAR (5 coins → positive CAGR → negative)

===============================================================================================
SECTION 2: EMA(21d) Regime Filter — Multi-Coin Effect (Study #30)
===============================================================================================

  Coin          E0 Sharpe  E0+EMA Sharpe   Δ Sharpe  TS wins   Helps?
  ──────────── ────────── ────────────── ────────── ──────── ────────
  BTCUSDT           1.144          1.163     +0.019      12/16      YES
  ETHUSDT           0.947          1.056     +0.109      15/16      YES
  BNBUSDT           1.203          1.207     +0.004       6/16      YES
  SOLUSDT           0.752          0.935     +0.183      16/16      YES
  XRPUSDT           0.332          0.400     +0.068      14/16      YES
  LTCUSDT           0.332          0.367     +0.035       8/16      YES
  ADAUSDT           0.495          0.451     -0.045       5/16       NO
  DOGEUSDT          1.184          1.129     -0.056       6/16       NO
  TRXUSDT           0.463          0.491     +0.028       5/16      YES
  AVAXUSDT          0.397          0.472     +0.075      14/16      YES
  LINKUSDT          0.278          0.399     +0.122      16/16      YES
  BCHUSDT           0.303          0.304     +0.001       9/16      YES
  HBARUSDT          0.400          0.433     +0.033      15/16      YES
  XLMUSDT           0.719          0.648     -0.072       6/16       NO

  EMA(21d) helps: 11/14 (79%)
  EMA(21d) hurts: 3/14 (ADA, DOGE, XLM)

===============================================================================================
SECTION 3: Estimating E5+EMA1D21 — Can EMA(21d) Rescue E5 on Altcoins?
===============================================================================================

  We have two independent effects:
  1. E5 exit modification: Δ_E5 = E5_sharpe - E0_sharpe
  2. EMA(21d) regime filter: Δ_EMA = EMA_sharpe - E0_sharpe

  Upper bound estimate (additive): E5+EMA ≈ E0 + Δ_E5 + Δ_EMA
  This OVERSTATES the combined effect (sub-additivity from Q14 analysis).

  Even with this generous upper bound:

  Coin               E0     Δ_E5    Δ_EMA  E5+EMA est    vs E0  E5+EMA wins?
  ──────────── ──────── ──────── ──────── ─────────── ──────── ─────────────
  BTCUSDT         1.144   +0.093   +0.019       1.256   +0.112           YES
  ETHUSDT         0.947   +0.098   +0.109       1.154   +0.207           YES
  BNBUSDT         1.203   -0.126   +0.004       1.081   -0.122            NO
  SOLUSDT         0.752   -0.133   +0.183       0.802   +0.050           YES
  XRPUSDT         0.332   -0.254   +0.068       0.146   -0.186            NO ← E5 damage dominates
  LTCUSDT         0.332   -0.211   +0.035       0.156   -0.176            NO ← E5 damage dominates
  ADAUSDT         0.495   -0.099   -0.045       0.351   -0.144            NO
  DOGEUSDT        1.184   -0.207   -0.056       0.921   -0.263            NO ← E5 damage dominates
  TRXUSDT         0.463   -0.034   +0.028       0.457   -0.006            NO
  AVAXUSDT        0.397   -0.219   +0.075       0.253   -0.144            NO ← E5 damage dominates
  LINKUSDT        0.278   -0.264   +0.122       0.136   -0.142            NO ← E5 damage dominates
  BCHUSDT         0.303   +0.021   +0.001       0.325   +0.022           YES
  HBARUSDT        0.400   -0.092   +0.033       0.341   -0.059            NO
  XLMUSDT         0.719   -0.353   -0.072       0.294   -0.425            NO ← E5 damage dominates

  E5+EMA1D21 estimated to beat E0: 4/14 (29%)
  E5+EMA1D21 with Sharpe > 0.3:   9/14

===============================================================================================
SECTION 4: Focus on ETH, SOL, BNB (User's Requested Coins)
===============================================================================================

  Coin               E0       E5   E0+EMA  E5+EMA est         Best  E5 damage
  ──────────── ──────── ──────── ──────── ─────────── ──────────── ──────────
  BTCUSDT         1.144    1.237    1.163       1.256       E5+EMA     +0.093
  ETHUSDT         0.947    1.045    1.056       1.154       E5+EMA     +0.098
  SOLUSDT         0.752    0.619    0.935       0.802       E0+EMA     -0.133
  BNBUSDT         1.203    1.077    1.207       1.081       E0+EMA     -0.126

  BTC: E5+EMA estimated 1.275 — BEST (E5 helps on BTC)
  ETH: E5+EMA estimated 1.153 — BEST (E5 helps on ETH)
  SOL: E5+EMA estimated 0.802 — WORSE than E0+EMA (0.935)
       E5 damage on SOL (-0.133) > EMA benefit (+0.183), partial rescue only
  BNB: E5+EMA estimated 1.085 — WORSE than E0+EMA (1.207)
       E5 damage on BNB (-0.126) >> EMA benefit (+0.004), no rescue

===============================================================================================
SECTION 5: The Mechanism — Why E5 Fails on Altcoins
===============================================================================================

  E5's robust ATR uses Q90-capped True Range + Wilder EMA smoothing.
  On BTC: this produces a TIGHTER trail (2.86× effective vs 3.0×)
          → fewer false exits, more trend capture = BETTER

  On altcoins: higher volatility + fat tails → Q90 cap truncates MORE
               → trail becomes too tight for altcoin noise
               → frequent stop-outs during normal altcoin moves = WORSE

  Evidence by volatility tier:

  High-vol coins (MDD > 80%):

  Coin          E0 MDD%  E5-E0 Sharpe   Volatility
  ──────────── ──────── ───────────── ────────────
  XRPUSDT          92.2        -0.254    Very High
  LINKUSDT         90.7        -0.264    Very High
  LTCUSDT          89.0        -0.211    Very High
  HBARUSDT         88.7        -0.092    Very High
  BCHUSDT          81.5        +0.021         High
  DOGEUSDT         79.2        -0.207         High
  ADAUSDT          79.1        -0.099         High
  SOLUSDT          78.1        -0.133         High
  TRXUSDT          71.2        -0.034         High
  AVAXUSDT         70.6        -0.219         High
  XLMUSDT          63.3        -0.353       Medium
  BNBUSDT          59.5        -0.126       Medium
  ETHUSDT          47.9        +0.098        Lower
  BTCUSDT          41.5        +0.093        Lower

  PATTERN: E5 effect is strongly correlated with coin volatility.

  Coins where E5 helps (positive delta):
    BTC  (MDD 41.5%) — lowest volatility
    ETH  (MDD 47.9%) — second lowest
    BCH  (MDD 81.5%) — marginal (+0.021), noisy

  Coins where E5 hurts most (delta < -0.15):
    XRP  (MDD 92.2%) — delta -0.254
    LTC  (MDD 89.0%) — delta -0.211
    LINK (MDD 90.7%) — delta -0.264
    AVAX (MDD 70.6%) — delta -0.219
    DOGE (MDD 79.2%) — delta -0.207
    XLM  (MDD 63.3%) — delta -0.354

  E5's Q90-cap ATR trail is calibrated for BTC's volatility structure.
  It does NOT generalize to higher-volatility altcoins.

===============================================================================================
SECTION 6: Can EMA(21d) Rescue E5 on Altcoins?
===============================================================================================

  For EMA(21d) to rescue E5, the EMA benefit must exceed the E5 damage.

  Coin          E5 damage  EMA benefit      Net   Rescued?
  ──────────── ────────── ──────────── ──────── ──────────
  XRPUSDT          -0.254       +0.068   -0.186         NO
  LINKUSDT         -0.264       +0.122   -0.142         NO
  LTCUSDT          -0.211       +0.035   -0.176         NO
  HBARUSDT         -0.092       +0.033   -0.059         NO
  BCHUSDT          +0.021       +0.001   +0.022        YES
  DOGEUSDT         -0.207       -0.056   -0.263         NO
  ADAUSDT          -0.099       -0.045   -0.144         NO
  SOLUSDT          -0.133       +0.183   +0.050        YES
  TRXUSDT          -0.034       +0.028   -0.006    PARTIAL
  AVAXUSDT         -0.219       +0.075   -0.144         NO
  XLMUSDT          -0.353       -0.072   -0.425         NO
  BNBUSDT          -0.126       +0.004   -0.122         NO
  ETHUSDT          +0.098       +0.109   +0.207        YES
  BTCUSDT          +0.093       +0.019   +0.112        YES

  Rescued (net positive): 4/14

  EMA(21d) helps EVERYWHERE it's positive, but:
  - Typical EMA benefit: +0.02 to +0.18 Sharpe
  - Typical E5 damage on altcoins: -0.10 to -0.35 Sharpe
  - E5 damage EXCEEDS EMA benefit on 9/14 coins

  EMA(21d) cannot rescue E5 on most altcoins because:
  1. The EMA regime filter reduces entries (filters bad periods)
  2. But E5's problem is the EXIT mechanism (too-tight trail)
  3. Even when EMA correctly identifies a good regime,
     E5's tight trail still stops out prematurely on altcoin noise
  4. EMA addresses the WHEN, E5 breaks the HOW

===============================================================================================
SECTION 7: DOF Concern — Is E5's BTC Success an Artifact?
===============================================================================================

  E5 works on BTC and ETH but fails on 11/14 other coins.
  This raises the degrees-of-freedom concern:

  Was E5 (Q90-capped TR + Wilder EMA) overfit to BTC's specific
  volatility structure? Or does BTC/ETH share a unique property?

  Evidence for OVERFITTING:
  ─────────────────────────
  1. E5 wins on only 3/14 coins (21%) — worse than random
  2. E5's wins are exactly the two most liquid, lowest-vol coins (BTC, ETH)
     + one marginal (BCH, +0.021 — noise)
  3. The Q90 cap was calibrated on BTC data (e5_cap_q=0.9, e5_cap_lb=100)
  4. No theoretical reason why Q90 cap should only work on low-vol assets

  Evidence for BTC/ETH STRUCTURAL difference:
  ───────────────────────────────────────────
  1. BTC/ETH have the deepest orderbooks → price discovery is cleaner
  2. Lower tail risk (MDD 42-48% vs 60-93% for altcoins)
  3. ATR is more stable → Q90 cap truncates less → trail remains reasonable
  4. Trend structure is more persistent (institutional participation)

  VERDICT: E5 is likely calibrated to BTC's volatility regime.
  Multi-coin generalization of E5+EMA1D21 is NOT supported.

  This does NOT invalidate E5+EMA1D21 for BTC deployment.
  BTC is the deployment target. Multi-coin is out of scope.

===============================================================================================
SECTION 8: What Would a Proper Multi-Coin Validation Require?
===============================================================================================

  To definitively test E5+EMA1D21 multi-coin, we would need:

  1. D1 bars for each coin (EMA(21d) needs daily timeframe)
     - Available: bars_multi_4h.csv has 14 coins at H4
     - Can aggregate H4 → D1, but alignment must match real D1 bars

  2. Run the ACTUAL E5+EMA1D21 strategy (not additive estimate)
     - Strategy code: strategies/vtrend_e5_ema21_d1/
     - Would need to adapt for multi-coin (currently BTC-specific paths)

  3. Bootstrap validation per coin
     - At least 500 paths × 16 timescales per coin
     - Compute time: ~14 coins × Study #30 equivalent = ~14 hours

  4. Statistical test: "Does E5+EMA1D21 generalize?"
     - H₀: E5+EMA1D21 adds no value over E0+EMA1D21 cross-asset
     - Test: sign test on per-coin Sharpe differences
     - With 14 coins: need 12/14 to achieve α=0.05 (binomial)

  HOWEVER: The additive upper bound already shows 5/14 wins.
  Even if all estimates are optimistic, E5+EMA1D21 cannot reach 12/14.

  CONCLUSION: Running the actual strategy would confirm the failure,
  not change the verdict. The evidence from Studies #30 and #32 is
  sufficient to conclude that E5+EMA1D21 does NOT generalize.

===============================================================================================
SECTION 9: Implications for Deployment
===============================================================================================

  QUESTION: Does multi-coin failure matter for BTC deployment?
  ANSWER: NO — if deploying on BTC only.

  The multi-coin failure DOES affect the broader assessment:

  ┌──────────────────────────────────────────────────────────────┐
  │ CLAIM: "E5+EMA1D21 captures generic trend-following alpha"  │
  │                                                              │
  │ If true: should work on multiple trend-following assets      │
  │ Reality: works on BTC + ETH only (2/14 meaningfully)        │
  │                                                              │
  │ REVISED: "E5+EMA1D21 captures BTC-specific trend alpha      │
  │           with a trail calibrated to BTC's vol structure"    │
  └──────────────────────────────────────────────────────────────┘

  For BTC-only deployment, this is FINE — you want a strategy
  tuned to BTC. The lack of multi-coin generalization actually
  INCREASES specificity, which is a feature for single-asset deployment.

  For multi-coin portfolio deployment:
  → Use E0+EMA1D21 (generalizes to 11/14 coins)
  → E5 exit variant is BTC/ETH-specific

  ┌──────────────────────────────────────────────────────────────┐
  │ BOTTOM LINE:                                                 │
  │                                                              │
  │ BTC deployment:   E5+EMA1D21 ✓ (proven on BTC)             │
  │ ETH deployment:   E5+EMA1D21 ✓ (likely works, needs verify)│
  │ Multi-coin:       E0+EMA1D21 ✓ (11/14 coins improved)      │
  │ E5+EMA1D21 multi: ✗ (3/14 estimated wins, DOF concern)     │
  └──────────────────────────────────────────────────────────────┘

===============================================================================================
SECTION 10: Summary
===============================================================================================

  ┌────────────────────────────────────────────────────────────────┐
  │ Q16: Does E5+EMA1D21 generalize multi-coin?                   │
  │                                                                │
  │ DATA AVAILABLE:                                                │
  │ • Study #32: E5 exit wins 3/14 coins (BTC, ETH, BCH)         │
  │ • Study #30: EMA(21d) helps 11/14 coins                       │
  │ • Combined estimate (additive upper bound): 5/14 wins         │
  │                                                                │
  │ KEY FINDINGS:                                                  │
  │ 1. E5 is catastrophic on altcoins — 5 coins go from           │
  │    positive to NEGATIVE CAGR under E5 exit variant            │
  │ 2. EMA(21d) CANNOT rescue E5 — it fixes the "when" but       │
  │    E5's problem is the "how" (exit mechanism too tight)       │
  │ 3. E5 damage is correlated with coin volatility               │
  │    (works on low-vol BTC/ETH, fails on high-vol alts)        │
  │ 4. Q90-cap ATR trail is likely calibrated to BTC's vol        │
  │                                                                │
  │ DOES THIS AFFECT BTC DEPLOYMENT?                               │
  │ NO — E5+EMA1D21 is proven for BTC. Multi-coin failure         │
  │ narrows the claim to "BTC-specific" rather than "generic"     │
  │ but doesn't invalidate the BTC deployment case.               │
  │                                                                │
  │ FOR MULTI-COIN: Use E0+EMA1D21 (generalizes to 11/14 coins)  │
  └────────────────────────────────────────────────────────────────┘

