=== X-Studies Batch (x0-x24) ===
Started: Mon Mar 16 08:32:41 PM UTC 2026
[20:32:41] START x0/p1_4_benchmark
[20:35:18] DONE  x0/p1_4_benchmark
[20:35:18] START x0/p2_4_benchmark
[20:38:51] DONE  x0/p2_4_benchmark
[20:38:51] START x0/p3_4_benchmark
[20:47:48] DONE  x0/p3_4_benchmark
[20:47:48] START x0/p3_5_final_benchmark
[20:56:46] DONE  x0/p3_5_final_benchmark
[20:56:46] START x1/benchmark
[20:57:45] DONE  x1/benchmark
[20:57:45] START x2/benchmark
[20:58:44] DONE  x2/benchmark
[20:58:44] START x3/benchmark
[20:59:32] DONE  x3/benchmark
[20:59:32] START x4/benchmark
[21:01:49] DONE  x4/benchmark
[21:01:49] START x5/benchmark
[21:02:54] DONE  x5/benchmark
[21:02:54] START x6/benchmark
[21:04:05] DONE  x6/benchmark
[21:04:05] START x7/benchmark
[21:22:19] DONE  x7/benchmark
[21:22:19] START x8/benchmark
[21:33:21] DONE  x8/benchmark
[21:33:21] START x9/benchmark
[21:35:18] DONE  x9/benchmark
[21:35:18] START x10/benchmark
[21:36:31] DONE  x10/benchmark
[21:36:31] START x11/benchmark
[21:37:38] DONE  x11/benchmark
[21:37:38] START x12/benchmark
[21:38:12] DONE  x12/benchmark
[21:38:12] START x13/benchmark
[21:39:27] DONE  x13/benchmark
[21:39:27] START x14/benchmark
[21:43:36] DONE  x14/benchmark
[21:43:36] START x15/benchmark
[21:45:11] DONE  x15/benchmark
[21:45:11] START x16/benchmark
[21:46:03] DONE  x16/benchmark
[21:46:03] START x17/benchmark
[21:46:11] DONE  x17/benchmark
[21:46:11] START x18/benchmark
[21:46:49] DONE  x18/benchmark
[21:46:49] START x19/benchmark
[21:46:53] DONE  x19/benchmark
[21:46:53] START x20/benchmark
[22:02:27] DONE  x20/benchmark
[22:02:27] START x21/benchmark
[22:02:30] DONE  x21/benchmark
[22:02:30] START x22/benchmark
[22:10:26] DONE  x22/benchmark
[22:10:26] START x23/benchmark
[22:22:09] DONE  x23/benchmark
[22:22:09] START x24/benchmark
[22:29:59] DONE  x24/benchmark
=== X-Studies COMPLETE: Mon Mar 16 10:29:59 PM UTC 2026 ===
