2026-02-24 12:26:27,517 INFO validation: Validation run started
2026-02-24 12:26:27,517 INFO validation: command=python validate_strategy.py --strategy v12_emdd_ref_fix --baseline v8_apex --config configs/v12/v12_gate_focus_best_20260224.yaml --baseline-config configs/frozen/v10_baseline.yaml --out out_v12_gate_focus_best_20260224 --suite basic --bootstrap 0 --lookahead-check on --invariant-check on --data-integrity-check on --start 2019-01-01 --end 2026-02-20 --wfo-windows 8
2026-02-24 12:26:27,517 INFO validation: seed=1337
2026-02-24 12:26:27,517 INFO validation: git_hash=82e6f13
2026-02-24 12:26:27,517 INFO validation: candidate=v12_emdd_ref_fix config=/var/www/trading-bots/btc-spot/configs/v12/v12_gate_focus_best_20260224.yaml
2026-02-24 12:26:27,517 INFO validation: baseline=v8_apex config=/var/www/trading-bots/btc-spot/configs/frozen/v10_baseline.yaml
2026-02-24 12:26:27,517 INFO validation: dataset=/var/www/trading-bots/btc-spot/bars_btcusdt_2016_now_h1_4h_1d.csv
2026-02-24 12:26:27,517 INFO validation: period=2019-01-01 -> 2026-02-20
2026-02-24 12:26:28,438 INFO validation: suite lookahead started
2026-02-24 12:26:28,438 INFO validation:   lookahead: python -m pytest -q /var/www/trading-bots/btc-spot/v10/tests/test_no_lookahead_htf.py /var/www/trading-bots/btc-spot/v10/tests/test_v10_no_lookahead_htf.py /var/www/trading-bots/btc-spot/v10/tests/test_mtf_alignment.py
2026-02-24 12:26:31,097 INFO validation: suite lookahead finished: pass (2.66s)
2026-02-24 12:26:31,098 INFO validation: suite data_integrity started
2026-02-24 12:26:31,313 INFO validation: suite data_integrity finished: pass (0.21s)
2026-02-24 12:26:31,317 INFO validation: suite backtest started
2026-02-24 12:26:31,317 INFO validation:   backtest: candidate x smart
2026-02-24 12:26:31,487 INFO validation:   backtest: candidate x base
2026-02-24 12:26:31,661 INFO validation:   backtest: candidate x harsh
2026-02-24 12:26:31,836 INFO validation:   backtest: baseline x smart
2026-02-24 12:26:32,002 INFO validation:   backtest: baseline x base
2026-02-24 12:26:32,200 INFO validation:   backtest: baseline x harsh
2026-02-24 12:26:32,374 INFO validation: suite backtest finished: fail (1.06s)
2026-02-24 12:26:32,375 INFO validation: suite cost_sweep started
2026-02-24 12:26:32,376 INFO validation:   cost_sweep: candidate @ 0.00 bps (quick)
2026-02-24 12:26:32,455 INFO validation:   cost_sweep: baseline @ 0.00 bps (quick)
2026-02-24 12:26:32,536 INFO validation:   cost_sweep: candidate @ 10.00 bps (quick)
2026-02-24 12:26:32,618 INFO validation:   cost_sweep: baseline @ 10.00 bps (quick)
2026-02-24 12:26:32,708 INFO validation:   cost_sweep: candidate @ 25.00 bps (quick)
2026-02-24 12:26:32,788 INFO validation:   cost_sweep: baseline @ 25.00 bps (quick)
2026-02-24 12:26:32,868 INFO validation:   cost_sweep: candidate @ 50.00 bps (quick)
2026-02-24 12:26:32,947 INFO validation:   cost_sweep: baseline @ 50.00 bps (quick)
2026-02-24 12:26:33,027 INFO validation:   cost_sweep: candidate @ 75.00 bps (quick)
2026-02-24 12:26:33,107 INFO validation:   cost_sweep: baseline @ 75.00 bps (quick)
2026-02-24 12:26:33,196 INFO validation:   cost_sweep: candidate @ 100.00 bps (quick)
2026-02-24 12:26:33,306 INFO validation:   cost_sweep: baseline @ 100.00 bps (quick)
2026-02-24 12:26:33,390 INFO validation: suite cost_sweep finished: pass (1.02s)
2026-02-24 12:26:33,391 INFO validation: suite invariants started
2026-02-24 12:26:33,685 INFO validation: suite invariants finished: pass (0.29s)
2026-02-24 12:26:33,687 INFO validation: suite churn_metrics started
2026-02-24 12:26:33,694 INFO validation: suite churn_metrics finished: pass (0.01s)
2026-02-24 12:26:33,695 INFO validation: suite regime started
2026-02-24 12:26:33,756 INFO validation: suite regime finished: info (0.06s)
2026-02-24 12:26:33,756 INFO validation: suite wfo started
2026-02-24 12:26:36,218 INFO validation: suite wfo finished: fail (2.46s)
2026-02-24 12:26:36,219 WARNING validation: Low-trade WFO detected (8 windows); trade-level suite auto-enabled
2026-02-24 12:26:36,219 INFO validation: suite trade_level started
2026-02-24 12:26:36,263 INFO validation: suite trade_level finished: info (0.04s)
2026-02-24 12:26:36,405 INFO validation: Validation run complete in 8.89s
