2026-02-24 13:50:03,988 INFO validation: Validation run started
2026-02-24 13:50:03,988 INFO validation: command=python validate_strategy.py --strategy v8_apex --baseline v8_apex --config v10/configs/baseline_legacy.live.yaml --baseline-config v10/configs/baseline_legacy.live.yaml --out out_wfo_invalid_fix_sample --suite basic --bootstrap 0 --lookahead-check off --start 2024-01-01 --end 2024-09-01 --wfo-train-months 2 --wfo-test-months 1 --wfo-slide-months 1 --wfo-windows 2
2026-02-24 13:50:03,988 INFO validation: seed=1337
2026-02-24 13:50:03,988 INFO validation: git_hash=82e6f13
2026-02-24 13:50:03,988 INFO validation: candidate=v8_apex config=/var/www/trading-bots/btc-spot/v10/configs/baseline_legacy.live.yaml
2026-02-24 13:50:03,988 INFO validation: baseline=v8_apex config=/var/www/trading-bots/btc-spot/v10/configs/baseline_legacy.live.yaml
2026-02-24 13:50:03,988 INFO validation: dataset=/var/www/trading-bots/btc-spot/bars_btcusdt_2016_now_h1_4h_1d.csv
2026-02-24 13:50:03,988 INFO validation: period=2024-01-01 -> 2024-09-01
2026-02-24 13:50:04,298 INFO validation: suite data_integrity started
2026-02-24 13:50:04,437 INFO validation: suite data_integrity finished: pass (0.14s)
2026-02-24 13:50:04,441 INFO validation: suite backtest started
2026-02-24 13:50:04,441 INFO validation:   backtest: candidate x smart
2026-02-24 13:50:04,473 INFO validation:   backtest: candidate x base
2026-02-24 13:50:04,505 INFO validation:   backtest: candidate x harsh
2026-02-24 13:50:04,535 INFO validation:   backtest: baseline x smart
2026-02-24 13:50:04,566 INFO validation:   backtest: baseline x base
2026-02-24 13:50:04,598 INFO validation:   backtest: baseline x harsh
2026-02-24 13:50:04,630 INFO validation: suite backtest finished: pass (0.19s)
2026-02-24 13:50:04,630 INFO validation: suite cost_sweep started
2026-02-24 13:50:04,630 INFO validation:   cost_sweep: candidate @ 0.00 bps (full_fallback)
2026-02-24 13:50:04,660 INFO validation:   cost_sweep: baseline @ 0.00 bps (full_fallback)
2026-02-24 13:50:04,691 INFO validation:   cost_sweep: candidate @ 10.00 bps (full_fallback)
2026-02-24 13:50:04,722 INFO validation:   cost_sweep: baseline @ 10.00 bps (full_fallback)
2026-02-24 13:50:04,752 INFO validation:   cost_sweep: candidate @ 25.00 bps (full_fallback)
2026-02-24 13:50:04,788 INFO validation:   cost_sweep: baseline @ 25.00 bps (full_fallback)
2026-02-24 13:50:04,820 INFO validation:   cost_sweep: candidate @ 50.00 bps (full_fallback)
2026-02-24 13:50:04,851 INFO validation:   cost_sweep: baseline @ 50.00 bps (full_fallback)
2026-02-24 13:50:04,888 INFO validation:   cost_sweep: candidate @ 75.00 bps (full_fallback)
2026-02-24 13:50:04,942 INFO validation:   cost_sweep: baseline @ 75.00 bps (full_fallback)
2026-02-24 13:50:04,974 INFO validation:   cost_sweep: candidate @ 100.00 bps (full_fallback)
2026-02-24 13:50:05,006 INFO validation:   cost_sweep: baseline @ 100.00 bps (full_fallback)
2026-02-24 13:50:05,038 INFO validation: suite cost_sweep finished: pass (0.41s)
2026-02-24 13:50:05,039 INFO validation: suite invariants started
2026-02-24 13:50:05,098 INFO validation: suite invariants finished: pass (0.06s)
2026-02-24 13:50:05,099 INFO validation: suite churn_metrics started
2026-02-24 13:50:05,101 INFO validation: suite churn_metrics finished: pass (0.00s)
2026-02-24 13:50:05,101 INFO validation: suite regime started
2026-02-24 13:50:05,110 INFO validation: suite regime finished: info (0.01s)
2026-02-24 13:50:05,110 INFO validation: suite wfo started
2026-02-24 13:50:05,635 INFO validation: suite wfo finished: fail (0.53s)
2026-02-24 13:50:05,635 WARNING validation: Low-trade WFO detected (2 windows); trade-level suite auto-enabled
2026-02-24 13:50:05,636 INFO validation: suite trade_level started
2026-02-24 13:50:05,658 INFO validation: suite trade_level finished: info (0.02s)
2026-02-24 13:50:05,810 INFO validation: Validation run complete in 1.82s
