2026-02-24 15:14:41,323 INFO validation: Validation run started
2026-02-24 15:14:41,323 INFO validation: command=python validate_strategy.py --strategy v12_emdd_ref_fix --baseline v8_apex --config configs/v12/v12_emdd_ref_fix.yaml --baseline-config configs/frozen/v10_baseline.yaml --out out_step3_trade_level_suite --suite basic --bootstrap 0 --selection-bias none --lookahead-check off --data-integrity-check off --invariant-check off --churn-metrics off --cost-sweep-bps= --start 2019-01-01 --end 2026-02-20 --wfo-windows 8 --min-trades-for-power 20 --low-trade-threshold 20 --force
2026-02-24 15:14:41,323 INFO validation: seed=1337
2026-02-24 15:14:41,323 INFO validation: git_hash=82e6f13
2026-02-24 15:14:41,323 INFO validation: candidate=v12_emdd_ref_fix config=/var/www/trading-bots/btc-spot/configs/v12/v12_emdd_ref_fix.yaml
2026-02-24 15:14:41,323 INFO validation: baseline=v8_apex config=/var/www/trading-bots/btc-spot/configs/frozen/v10_baseline.yaml
2026-02-24 15:14:41,323 INFO validation: dataset=/var/www/trading-bots/btc-spot/bars_btcusdt_2016_now_h1_4h_1d.csv
2026-02-24 15:14:41,323 INFO validation: period=2019-01-01 -> 2026-02-20
2026-02-24 15:14:42,271 INFO validation: suite backtest started
2026-02-24 15:14:42,271 INFO validation:   backtest: candidate x smart
2026-02-24 15:14:42,489 INFO validation:   backtest: candidate x base
2026-02-24 15:14:42,703 INFO validation:   backtest: candidate x harsh
2026-02-24 15:14:42,916 INFO validation:   backtest: baseline x smart
2026-02-24 15:14:43,141 INFO validation:   backtest: baseline x base
2026-02-24 15:14:43,378 INFO validation:   backtest: baseline x harsh
2026-02-24 15:14:43,600 INFO validation: suite backtest finished: pass (1.33s)
2026-02-24 15:14:43,601 INFO validation: suite regime started
2026-02-24 15:14:43,660 INFO validation: suite regime finished: info (0.06s)
2026-02-24 15:14:43,662 INFO validation: suite wfo started
2026-02-24 15:14:46,304 INFO validation: suite wfo finished: fail (2.64s)
2026-02-24 15:14:46,304 WARNING validation: Low-power WFO detected (power_windows=0, low_trade_ratio=1.000); trade-level suite auto-enabled
2026-02-24 15:14:46,304 INFO validation: suite trade_level started
2026-02-24 15:15:01,854 INFO validation: suite trade_level finished: info (15.55s)
2026-02-24 15:15:02,008 INFO validation: Validation run complete in 20.69s
