2026-02-24 06:17:32,916 INFO validation: Validation run started
2026-02-24 06:17:32,916 INFO validation: command=python validate_strategy.py --strategy v10_baseline --baseline v10_baseline --config v10/configs/baseline_legacy.live.yaml --baseline-config v10/configs/baseline_legacy.live.yaml --out out/quality_demo --force
2026-02-24 06:17:32,916 INFO validation: seed=1337
2026-02-24 06:17:32,916 INFO validation: git_hash=c74c650
2026-02-24 06:17:32,916 INFO validation: candidate=v10_baseline config=/var/www/trading-bots/btc-spot/v10/configs/baseline_legacy.live.yaml
2026-02-24 06:17:32,916 INFO validation: baseline=v10_baseline config=/var/www/trading-bots/btc-spot/v10/configs/baseline_legacy.live.yaml
2026-02-24 06:17:32,916 INFO validation: dataset=/var/www/trading-bots/btc-spot/bars_btcusdt_2016_now_h1_4h_1d.csv
2026-02-24 06:17:32,916 INFO validation: period=2019-01-01 -> 2026-02-20
2026-02-24 06:17:33,858 INFO validation: suite lookahead started
2026-02-24 06:17:33,858 INFO validation:   lookahead: python -m pytest -q /var/www/trading-bots/btc-spot/v10/tests/test_no_lookahead_htf.py /var/www/trading-bots/btc-spot/v10/tests/test_v10_no_lookahead_htf.py /var/www/trading-bots/btc-spot/v10/tests/test_mtf_alignment.py
2026-02-24 06:17:33,859 INFO validation: suite lookahead finished: fail (0.00s)
2026-02-24 06:17:33,863 INFO validation: suite backtest started
2026-02-24 06:17:33,863 INFO validation:   backtest: candidate x smart
2026-02-24 06:17:34,040 INFO validation:   backtest: candidate x base
2026-02-24 06:17:34,206 INFO validation:   backtest: candidate x harsh
2026-02-24 06:17:34,369 INFO validation:   backtest: baseline x smart
2026-02-24 06:17:34,535 INFO validation:   backtest: baseline x base
2026-02-24 06:17:34,722 INFO validation:   backtest: baseline x harsh
2026-02-24 06:17:34,887 INFO validation: suite backtest finished: pass (1.02s)
2026-02-24 06:17:34,888 INFO validation: suite data_integrity started
2026-02-24 06:17:34,915 INFO validation: suite data_integrity finished: pass (0.03s)
2026-02-24 06:17:34,915 INFO validation: suite cost_sweep started
2026-02-24 06:17:34,917 INFO validation:   cost_sweep: candidate @ 0.00 bps (quick)
2026-02-24 06:17:34,943 INFO validation:   cost_sweep: baseline @ 0.00 bps (quick)
2026-02-24 06:17:34,969 INFO validation:   cost_sweep: candidate @ 10.00 bps (quick)
2026-02-24 06:17:35,001 INFO validation:   cost_sweep: baseline @ 10.00 bps (quick)
2026-02-24 06:17:35,029 INFO validation:   cost_sweep: candidate @ 25.00 bps (quick)
2026-02-24 06:17:35,055 INFO validation:   cost_sweep: baseline @ 25.00 bps (quick)
2026-02-24 06:17:35,082 INFO validation:   cost_sweep: candidate @ 50.00 bps (quick)
2026-02-24 06:17:35,109 INFO validation:   cost_sweep: baseline @ 50.00 bps (quick)
2026-02-24 06:17:35,136 INFO validation:   cost_sweep: candidate @ 75.00 bps (quick)
2026-02-24 06:17:35,162 INFO validation:   cost_sweep: baseline @ 75.00 bps (quick)
2026-02-24 06:17:35,188 INFO validation:   cost_sweep: candidate @ 100.00 bps (quick)
2026-02-24 06:17:35,214 INFO validation:   cost_sweep: baseline @ 100.00 bps (quick)
2026-02-24 06:17:35,241 INFO validation: suite cost_sweep finished: info (0.33s)
2026-02-24 06:17:35,242 INFO validation: suite invariants started
2026-02-24 06:17:35,256 INFO validation: suite invariants finished: fail (0.01s)
2026-02-24 06:17:35,257 INFO validation: suite churn_metrics started
2026-02-24 06:17:35,257 INFO validation: suite churn_metrics finished: info (0.00s)
2026-02-24 06:17:35,258 INFO validation: suite regime started
2026-02-24 06:17:35,317 INFO validation: suite regime finished: info (0.06s)
2026-02-24 06:17:35,317 INFO validation: suite wfo started
2026-02-24 06:17:37,858 INFO validation: suite wfo finished: fail (2.54s)
2026-02-24 06:17:37,858 WARNING validation: Low-trade WFO detected (6 windows); trade-level suite auto-enabled
2026-02-24 06:17:37,860 INFO validation: suite bootstrap started
2026-02-24 06:18:09,956 INFO validation: suite bootstrap finished: fail (32.10s)
2026-02-24 06:18:09,956 INFO validation: suite holdout started
2026-02-24 06:18:10,618 INFO validation: suite holdout finished: pass (0.66s)
2026-02-24 06:18:10,618 INFO validation: suite selection_bias started
2026-02-24 06:18:13,300 INFO validation: suite selection_bias finished: pass (2.68s)
2026-02-24 06:18:13,300 INFO validation: suite trade_level started
2026-02-24 06:18:13,381 INFO validation: suite trade_level finished: info (0.08s)
2026-02-24 06:18:13,506 INFO validation: Validation run complete in 40.59s
