
========================================================================
VERDICT: REJECT (exit code 2)
========================================================================
lookahead          PASS
data_integrity     PASS
backtest           FAIL
cost_sweep         PASS
invariants         PASS
churn_metrics      PASS
regime             INFO
wfo                PASS
bootstrap          INFO
subsampling        INFO
sensitivity        INFO
holdout            PASS
selection_bias     PASS
trade_level        INFO
dd_episodes        INFO
overlay            SKIP

Reasons:
- Candidate harsh score delta too low (-2.8245)

Output: /var/www/trading-bots/btc-spot-dev/results/parity_20260305/eval_ema21_vs_e0
EMA21 exit code: 2
